[2024-03-13 23:50:09.225] [jointLog] [info] setting maxHashResizeThreads to 180
[2024-03-13 23:50:09.225] [jointLog] [info] Fragment incompatibility prior below threshold.  Incompatible fragments will be ignored.
[2024-03-13 23:50:09.225] [jointLog] [info] Usage of --validateMappings implies use of minScoreFraction. Since not explicitly specified, it is being set to 0.65
[2024-03-13 23:50:09.225] [jointLog] [info] Setting consensusSlack to selective-alignment default of 0.35.
[2024-03-13 23:50:09.225] [jointLog] [info] parsing read library format
[2024-03-13 23:50:09.225] [jointLog] [info] There is 1 library.
[2024-03-13 23:50:09.225] [jointLog] [info] Loading pufferfish index
[2024-03-13 23:50:09.225] [jointLog] [info] Loading dense pufferfish index.
[2024-03-13 23:50:42.220] [jointLog] [info] done
[2024-03-13 23:50:42.344] [jointLog] [info] Index contained 147,554 targets
[2024-03-13 23:50:42.395] [jointLog] [info] Number of decoys : 61
[2024-03-13 23:50:42.395] [jointLog] [info] First decoy index : 147,456 
[2024-03-13 23:50:43.622] [jointLog] [info] Automatically detected most likely library type as ISR

[2024-03-13 23:52:03.621] [jointLog] [info] Thread saw mini-batch with a maximum of 0.92% zero probability fragments
[2024-03-13 23:52:03.621] [jointLog] [info] Thread saw mini-batch with a maximum of 0.76% zero probability fragments
[2024-03-13 23:52:03.621] [jointLog] [info] Thread saw mini-batch with a maximum of 0.88% zero probability fragments
[2024-03-13 23:52:03.621] [jointLog] [info] Thread saw mini-batch with a maximum of 0.80% zero probability fragments
[2024-03-13 23:52:03.621] [jointLog] [info] Thread saw mini-batch with a maximum of 0.84% zero probability fragments
[2024-03-13 23:52:03.621] [jointLog] [info] Thread saw mini-batch with a maximum of 0.80% zero probability fragments
[2024-03-13 23:52:03.621] [jointLog] [info] Thread saw mini-batch with a maximum of 0.84% zero probability fragments
[2024-03-13 23:52:03.621] [jointLog] [info] Thread saw mini-batch with a maximum of 0.94% zero probability fragments
[2024-03-13 23:52:03.621] [jointLog] [info] Thread saw mini-batch with a maximum of 0.96% zero probability fragments
[2024-03-13 23:52:03.621] [jointLog] [info] Thread saw mini-batch with a maximum of 0.84% zero probability fragments
[2024-03-13 23:52:03.621] [jointLog] [info] Thread saw mini-batch with a maximum of 0.88% zero probability fragments
[2024-03-13 23:52:03.621] [jointLog] [info] Thread saw mini-batch with a maximum of 0.90% zero probability fragments
[2024-03-13 23:52:03.621] [jointLog] [info] Thread saw mini-batch with a maximum of 0.82% zero probability fragments
[2024-03-13 23:52:03.621] [jointLog] [info] Thread saw mini-batch with a maximum of 0.84% zero probability fragments
[2024-03-13 23:52:03.621] [jointLog] [info] Thread saw mini-batch with a maximum of 0.98% zero probability fragments
[2024-03-13 23:52:03.621] [jointLog] [info] Thread saw mini-batch with a maximum of 0.78% zero probability fragments
[2024-03-13 23:52:03.621] [jointLog] [info] Thread saw mini-batch with a maximum of 0.88% zero probability fragments
[2024-03-13 23:52:03.621] [jointLog] [info] Thread saw mini-batch with a maximum of 0.84% zero probability fragments
[2024-03-13 23:52:03.621] [jointLog] [info] Thread saw mini-batch with a maximum of 0.84% zero probability fragments
[2024-03-13 23:52:03.621] [jointLog] [info] Thread saw mini-batch with a maximum of 0.80% zero probability fragments
[2024-03-13 23:52:03.621] [jointLog] [info] Thread saw mini-batch with a maximum of 0.78% zero probability fragments
[2024-03-13 23:52:03.621] [jointLog] [info] Thread saw mini-batch with a maximum of 1.00% zero probability fragments
[2024-03-13 23:52:03.621] [jointLog] [info] Thread saw mini-batch with a maximum of 0.82% zero probability fragments
[2024-03-13 23:52:03.621] [jointLog] [info] Thread saw mini-batch with a maximum of 0.92% zero probability fragments
[2024-03-13 23:52:03.621] [jointLog] [info] Thread saw mini-batch with a maximum of 0.80% zero probability fragments
[2024-03-13 23:52:03.621] [jointLog] [info] Thread saw mini-batch with a maximum of 0.80% zero probability fragments
[2024-03-13 23:52:03.621] [jointLog] [info] Thread saw mini-batch with a maximum of 0.90% zero probability fragments
[2024-03-13 23:52:03.621] [jointLog] [info] Thread saw mini-batch with a maximum of 0.76% zero probability fragments
[2024-03-13 23:52:03.621] [jointLog] [info] Thread saw mini-batch with a maximum of 0.76% zero probability fragments
[2024-03-13 23:52:03.621] [jointLog] [info] Thread saw mini-batch with a maximum of 0.78% zero probability fragments
[2024-03-13 23:52:03.621] [jointLog] [info] Thread saw mini-batch with a maximum of 0.86% zero probability fragments
[2024-03-13 23:52:03.621] [jointLog] [info] Thread saw mini-batch with a maximum of 0.82% zero probability fragments
[2024-03-13 23:52:03.621] [jointLog] [info] Thread saw mini-batch with a maximum of 0.76% zero probability fragments
[2024-03-13 23:52:03.621] [jointLog] [info] Thread saw mini-batch with a maximum of 0.84% zero probability fragments
[2024-03-13 23:52:03.621] [jointLog] [info] Thread saw mini-batch with a maximum of 0.90% zero probability fragments
[2024-03-13 23:52:03.621] [jointLog] [info] Thread saw mini-batch with a maximum of 0.80% zero probability fragments
[2024-03-13 23:52:03.621] [jointLog] [info] Thread saw mini-batch with a maximum of 0.82% zero probability fragments
[2024-03-13 23:52:03.621] [jointLog] [info] Thread saw mini-batch with a maximum of 0.88% zero probability fragments
[2024-03-13 23:52:03.621] [jointLog] [info] Thread saw mini-batch with a maximum of 0.80% zero probability fragments
[2024-03-13 23:52:03.621] [jointLog] [info] Thread saw mini-batch with a maximum of 0.70% zero probability fragments
[2024-03-13 23:52:03.621] [jointLog] [info] Thread saw mini-batch with a maximum of 0.80% zero probability fragments
[2024-03-13 23:52:03.621] [jointLog] [info] Thread saw mini-batch with a maximum of 0.80% zero probability fragments
[2024-03-13 23:52:03.621] [jointLog] [info] Thread saw mini-batch with a maximum of 0.84% zero probability fragments
[2024-03-13 23:52:03.621] [jointLog] [info] Thread saw mini-batch with a maximum of 0.86% zero probability fragments
[2024-03-13 23:52:03.621] [jointLog] [info] Thread saw mini-batch with a maximum of 0.86% zero probability fragments
[2024-03-13 23:52:03.621] [jointLog] [info] Thread saw mini-batch with a maximum of 0.88% zero probability fragments
[2024-03-13 23:52:03.621] [jointLog] [info] Thread saw mini-batch with a maximum of 0.94% zero probability fragments
[2024-03-13 23:52:03.621] [jointLog] [info] Thread saw mini-batch with a maximum of 0.92% zero probability fragments
[2024-03-13 23:52:03.621] [jointLog] [info] Thread saw mini-batch with a maximum of 0.80% zero probability fragments
[2024-03-13 23:52:03.621] [jointLog] [info] Thread saw mini-batch with a maximum of 0.82% zero probability fragments
[2024-03-13 23:52:03.621] [jointLog] [info] Thread saw mini-batch with a maximum of 0.80% zero probability fragments
[2024-03-13 23:52:03.622] [jointLog] [info] Thread saw mini-batch with a maximum of 0.74% zero probability fragments
[2024-03-13 23:52:03.622] [jointLog] [info] Thread saw mini-batch with a maximum of 0.82% zero probability fragments
[2024-03-13 23:52:03.622] [jointLog] [info] Thread saw mini-batch with a maximum of 0.84% zero probability fragments
[2024-03-13 23:52:03.622] [jointLog] [info] Thread saw mini-batch with a maximum of 0.94% zero probability fragments
[2024-03-13 23:52:03.622] [jointLog] [info] Thread saw mini-batch with a maximum of 0.92% zero probability fragments
[2024-03-13 23:52:03.622] [jointLog] [info] Thread saw mini-batch with a maximum of 0.82% zero probability fragments
[2024-03-13 23:52:03.622] [jointLog] [info] Thread saw mini-batch with a maximum of 0.78% zero probability fragments
[2024-03-13 23:52:03.622] [jointLog] [info] Thread saw mini-batch with a maximum of 0.94% zero probability fragments
[2024-03-13 23:52:03.622] [jointLog] [info] Thread saw mini-batch with a maximum of 0.84% zero probability fragments
[2024-03-13 23:52:03.622] [jointLog] [info] Thread saw mini-batch with a maximum of 0.86% zero probability fragments
[2024-03-13 23:52:03.622] [jointLog] [info] Thread saw mini-batch with a maximum of 0.80% zero probability fragments
[2024-03-13 23:52:03.622] [jointLog] [info] Thread saw mini-batch with a maximum of 0.88% zero probability fragments
[2024-03-13 23:52:03.622] [jointLog] [info] Thread saw mini-batch with a maximum of 0.78% zero probability fragments
[2024-03-13 23:52:03.622] [jointLog] [info] Thread saw mini-batch with a maximum of 0.82% zero probability fragments
[2024-03-13 23:52:03.622] [jointLog] [info] Thread saw mini-batch with a maximum of 0.74% zero probability fragments
[2024-03-13 23:52:03.622] [jointLog] [info] Thread saw mini-batch with a maximum of 0.78% zero probability fragments
[2024-03-13 23:52:03.622] [jointLog] [info] Thread saw mini-batch with a maximum of 0.86% zero probability fragments
[2024-03-13 23:52:03.622] [jointLog] [info] Thread saw mini-batch with a maximum of 0.86% zero probability fragments
[2024-03-13 23:52:03.622] [jointLog] [info] Thread saw mini-batch with a maximum of 0.84% zero probability fragments
[2024-03-13 23:52:03.622] [jointLog] [info] Thread saw mini-batch with a maximum of 0.74% zero probability fragments
[2024-03-13 23:52:03.622] [jointLog] [info] Thread saw mini-batch with a maximum of 0.78% zero probability fragments
[2024-03-13 23:52:03.622] [jointLog] [info] Thread saw mini-batch with a maximum of 0.78% zero probability fragments
[2024-03-13 23:52:03.622] [jointLog] [info] Thread saw mini-batch with a maximum of 0.94% zero probability fragments
[2024-03-13 23:52:03.622] [jointLog] [info] Thread saw mini-batch with a maximum of 0.88% zero probability fragments
[2024-03-13 23:52:03.622] [jointLog] [info] Thread saw mini-batch with a maximum of 0.88% zero probability fragments
[2024-03-13 23:52:03.622] [jointLog] [info] Thread saw mini-batch with a maximum of 0.88% zero probability fragments
[2024-03-13 23:52:03.622] [jointLog] [info] Thread saw mini-batch with a maximum of 0.84% zero probability fragments
[2024-03-13 23:52:03.625] [jointLog] [info] Thread saw mini-batch with a maximum of 0.80% zero probability fragments
[2024-03-13 23:52:03.627] [jointLog] [info] Thread saw mini-batch with a maximum of 0.88% zero probability fragments
[2024-03-13 23:52:03.629] [jointLog] [info] Thread saw mini-batch with a maximum of 0.84% zero probability fragments
[2024-03-13 23:52:03.629] [jointLog] [info] Thread saw mini-batch with a maximum of 0.86% zero probability fragments
[2024-03-13 23:52:03.629] [jointLog] [info] Thread saw mini-batch with a maximum of 0.78% zero probability fragments
[2024-03-13 23:52:03.629] [jointLog] [info] Thread saw mini-batch with a maximum of 0.74% zero probability fragments
[2024-03-13 23:52:03.629] [jointLog] [info] Thread saw mini-batch with a maximum of 0.96% zero probability fragments
[2024-03-13 23:52:03.629] [jointLog] [info] Thread saw mini-batch with a maximum of 0.80% zero probability fragments
[2024-03-13 23:52:03.629] [jointLog] [info] Thread saw mini-batch with a maximum of 0.78% zero probability fragments
[2024-03-13 23:52:03.630] [jointLog] [info] Thread saw mini-batch with a maximum of 0.94% zero probability fragments
[2024-03-13 23:52:03.633] [jointLog] [info] Thread saw mini-batch with a maximum of 0.84% zero probability fragments
[2024-03-13 23:52:03.633] [jointLog] [info] Thread saw mini-batch with a maximum of 1.08% zero probability fragments
[2024-03-13 23:52:03.633] [jointLog] [info] Thread saw mini-batch with a maximum of 0.74% zero probability fragments
[2024-03-13 23:52:03.633] [jointLog] [info] Thread saw mini-batch with a maximum of 0.88% zero probability fragments
[2024-03-13 23:52:03.633] [jointLog] [info] Thread saw mini-batch with a maximum of 0.90% zero probability fragments
[2024-03-13 23:52:03.633] [jointLog] [info] Thread saw mini-batch with a maximum of 0.76% zero probability fragments
[2024-03-13 23:52:03.633] [jointLog] [info] Thread saw mini-batch with a maximum of 0.84% zero probability fragments
[2024-03-13 23:52:03.633] [jointLog] [info] Thread saw mini-batch with a maximum of 0.74% zero probability fragments
[2024-03-13 23:52:03.633] [jointLog] [info] Thread saw mini-batch with a maximum of 0.80% zero probability fragments
[2024-03-13 23:52:03.633] [jointLog] [info] Thread saw mini-batch with a maximum of 0.80% zero probability fragments
[2024-03-13 23:52:03.633] [jointLog] [info] Thread saw mini-batch with a maximum of 0.78% zero probability fragments
[2024-03-13 23:52:03.633] [jointLog] [info] Thread saw mini-batch with a maximum of 0.80% zero probability fragments
[2024-03-13 23:52:03.633] [jointLog] [info] Thread saw mini-batch with a maximum of 0.84% zero probability fragments
[2024-03-13 23:52:03.633] [jointLog] [info] Thread saw mini-batch with a maximum of 0.76% zero probability fragments
[2024-03-13 23:52:03.633] [jointLog] [info] Thread saw mini-batch with a maximum of 0.72% zero probability fragments
[2024-03-13 23:52:03.633] [jointLog] [info] Thread saw mini-batch with a maximum of 0.78% zero probability fragments
[2024-03-13 23:52:03.634] [jointLog] [info] Thread saw mini-batch with a maximum of 0.84% zero probability fragments
[2024-03-13 23:52:03.637] [jointLog] [info] Thread saw mini-batch with a maximum of 0.80% zero probability fragments
[2024-03-13 23:52:03.637] [jointLog] [info] Thread saw mini-batch with a maximum of 0.82% zero probability fragments
[2024-03-13 23:52:03.637] [jointLog] [info] Thread saw mini-batch with a maximum of 0.78% zero probability fragments
[2024-03-13 23:52:03.637] [jointLog] [info] Thread saw mini-batch with a maximum of 0.78% zero probability fragments
[2024-03-13 23:52:03.637] [jointLog] [info] Thread saw mini-batch with a maximum of 0.80% zero probability fragments
[2024-03-13 23:52:03.637] [jointLog] [info] Thread saw mini-batch with a maximum of 0.80% zero probability fragments
[2024-03-13 23:52:03.637] [jointLog] [info] Thread saw mini-batch with a maximum of 0.82% zero probability fragments
[2024-03-13 23:52:03.637] [jointLog] [info] Thread saw mini-batch with a maximum of 0.74% zero probability fragments
[2024-03-13 23:52:03.637] [jointLog] [info] Thread saw mini-batch with a maximum of 0.72% zero probability fragments
[2024-03-13 23:52:03.637] [jointLog] [info] Thread saw mini-batch with a maximum of 1.00% zero probability fragments
[2024-03-13 23:52:03.637] [jointLog] [info] Thread saw mini-batch with a maximum of 0.84% zero probability fragments
[2024-03-13 23:52:03.637] [jointLog] [info] Thread saw mini-batch with a maximum of 0.90% zero probability fragments
[2024-03-13 23:52:03.637] [jointLog] [info] Thread saw mini-batch with a maximum of 0.70% zero probability fragments
[2024-03-13 23:52:03.637] [jointLog] [info] Thread saw mini-batch with a maximum of 0.90% zero probability fragments
[2024-03-13 23:52:03.637] [jointLog] [info] Thread saw mini-batch with a maximum of 0.90% zero probability fragments
[2024-03-13 23:52:03.637] [jointLog] [info] Thread saw mini-batch with a maximum of 0.90% zero probability fragments
[2024-03-13 23:52:03.637] [jointLog] [info] Thread saw mini-batch with a maximum of 0.98% zero probability fragments
[2024-03-13 23:52:03.637] [jointLog] [info] Thread saw mini-batch with a maximum of 0.88% zero probability fragments
[2024-03-13 23:52:03.637] [jointLog] [info] Thread saw mini-batch with a maximum of 0.88% zero probability fragments
[2024-03-13 23:52:03.637] [jointLog] [info] Thread saw mini-batch with a maximum of 0.78% zero probability fragments
[2024-03-13 23:52:03.637] [jointLog] [info] Thread saw mini-batch with a maximum of 0.88% zero probability fragments
[2024-03-13 23:52:03.637] [jointLog] [info] Thread saw mini-batch with a maximum of 0.84% zero probability fragments
[2024-03-13 23:52:03.637] [jointLog] [info] Thread saw mini-batch with a maximum of 0.80% zero probability fragments
[2024-03-13 23:52:03.637] [jointLog] [info] Thread saw mini-batch with a maximum of 0.84% zero probability fragments
[2024-03-13 23:52:03.637] [jointLog] [info] Thread saw mini-batch with a maximum of 0.86% zero probability fragments
[2024-03-13 23:52:03.637] [jointLog] [info] Thread saw mini-batch with a maximum of 0.76% zero probability fragments
[2024-03-13 23:52:03.637] [jointLog] [info] Thread saw mini-batch with a maximum of 0.86% zero probability fragments
[2024-03-13 23:52:03.637] [jointLog] [info] Thread saw mini-batch with a maximum of 0.84% zero probability fragments
[2024-03-13 23:52:03.637] [jointLog] [info] Thread saw mini-batch with a maximum of 0.76% zero probability fragments
[2024-03-13 23:52:03.637] [jointLog] [info] Thread saw mini-batch with a maximum of 0.92% zero probability fragments
[2024-03-13 23:52:03.637] [jointLog] [info] Thread saw mini-batch with a maximum of 0.84% zero probability fragments
[2024-03-13 23:52:03.637] [jointLog] [info] Thread saw mini-batch with a maximum of 0.80% zero probability fragments
[2024-03-13 23:52:03.637] [jointLog] [info] Thread saw mini-batch with a maximum of 0.80% zero probability fragments
[2024-03-13 23:52:03.637] [jointLog] [info] Thread saw mini-batch with a maximum of 0.74% zero probability fragments
[2024-03-13 23:52:03.641] [jointLog] [info] Thread saw mini-batch with a maximum of 0.88% zero probability fragments
[2024-03-13 23:52:03.641] [jointLog] [info] Thread saw mini-batch with a maximum of 0.84% zero probability fragments
[2024-03-13 23:52:03.641] [jointLog] [info] Thread saw mini-batch with a maximum of 0.82% zero probability fragments
[2024-03-13 23:52:03.641] [jointLog] [info] Thread saw mini-batch with a maximum of 0.96% zero probability fragments
[2024-03-13 23:52:03.641] [jointLog] [info] Thread saw mini-batch with a maximum of 0.80% zero probability fragments
[2024-03-13 23:52:03.641] [jointLog] [info] Thread saw mini-batch with a maximum of 0.78% zero probability fragments
[2024-03-13 23:52:03.641] [jointLog] [info] Thread saw mini-batch with a maximum of 0.82% zero probability fragments
[2024-03-13 23:52:03.645] [jointLog] [info] Thread saw mini-batch with a maximum of 0.96% zero probability fragments
[2024-03-13 23:52:03.645] [jointLog] [info] Thread saw mini-batch with a maximum of 0.90% zero probability fragments
[2024-03-13 23:52:03.645] [jointLog] [info] Thread saw mini-batch with a maximum of 0.82% zero probability fragments
[2024-03-13 23:52:03.645] [jointLog] [info] Thread saw mini-batch with a maximum of 0.80% zero probability fragments
[2024-03-13 23:52:03.645] [jointLog] [info] Thread saw mini-batch with a maximum of 0.74% zero probability fragments
[2024-03-13 23:52:03.645] [jointLog] [info] Thread saw mini-batch with a maximum of 0.86% zero probability fragments
[2024-03-13 23:52:03.645] [jointLog] [info] Thread saw mini-batch with a maximum of 0.76% zero probability fragments
[2024-03-13 23:52:03.645] [jointLog] [info] Thread saw mini-batch with a maximum of 0.84% zero probability fragments
[2024-03-13 23:52:03.645] [jointLog] [info] Thread saw mini-batch with a maximum of 0.82% zero probability fragments
[2024-03-13 23:52:03.645] [jointLog] [info] Thread saw mini-batch with a maximum of 0.74% zero probability fragments
[2024-03-13 23:52:03.645] [jointLog] [info] Thread saw mini-batch with a maximum of 1.02% zero probability fragments
[2024-03-13 23:52:03.645] [jointLog] [info] Thread saw mini-batch with a maximum of 0.88% zero probability fragments
[2024-03-13 23:52:03.645] [jointLog] [info] Thread saw mini-batch with a maximum of 0.80% zero probability fragments
[2024-03-13 23:52:03.645] [jointLog] [info] Thread saw mini-batch with a maximum of 0.86% zero probability fragments
[2024-03-13 23:52:03.645] [jointLog] [info] Thread saw mini-batch with a maximum of 0.86% zero probability fragments
[2024-03-13 23:52:03.645] [jointLog] [info] Thread saw mini-batch with a maximum of 0.82% zero probability fragments
[2024-03-13 23:52:03.654] [jointLog] [info] Thread saw mini-batch with a maximum of 0.84% zero probability fragments
[2024-03-13 23:52:03.665] [jointLog] [info] Thread saw mini-batch with a maximum of 0.90% zero probability fragments
[2024-03-13 23:52:03.699] [jointLog] [info] Thread saw mini-batch with a maximum of 0.76% zero probability fragments
[2024-03-13 23:52:03.714] [jointLog] [info] Thread saw mini-batch with a maximum of 0.82% zero probability fragments
[2024-03-13 23:52:03.722] [jointLog] [info] Thread saw mini-batch with a maximum of 0.72% zero probability fragments
[2024-03-13 23:52:03.732] [jointLog] [info] Thread saw mini-batch with a maximum of 0.88% zero probability fragments
[2024-03-13 23:52:03.743] [jointLog] [info] Thread saw mini-batch with a maximum of 0.78% zero probability fragments
[2024-03-13 23:52:03.751] [jointLog] [info] Thread saw mini-batch with a maximum of 0.84% zero probability fragments
[2024-03-13 23:52:03.756] [jointLog] [info] Thread saw mini-batch with a maximum of 0.78% zero probability fragments
[2024-03-13 23:52:03.762] [jointLog] [info] Thread saw mini-batch with a maximum of 0.82% zero probability fragments
[2024-03-13 23:52:03.762] [jointLog] [info] Thread saw mini-batch with a maximum of 0.82% zero probability fragments
[2024-03-13 23:52:03.778] [jointLog] [info] Thread saw mini-batch with a maximum of 0.82% zero probability fragments
[2024-03-13 23:52:03.779] [jointLog] [info] Thread saw mini-batch with a maximum of 0.78% zero probability fragments
[2024-03-13 23:52:03.800] [jointLog] [info] Thread saw mini-batch with a maximum of 0.88% zero probability fragments
[2024-03-13 23:52:03.801] [jointLog] [info] Thread saw mini-batch with a maximum of 0.80% zero probability fragments
[2024-03-13 23:52:03.815] [jointLog] [info] Thread saw mini-batch with a maximum of 0.78% zero probability fragments
[2024-03-13 23:52:03.841] [jointLog] [info] Thread saw mini-batch with a maximum of 1.00% zero probability fragments
[2024-03-13 23:52:03.879] [jointLog] [info] Thread saw mini-batch with a maximum of 0.80% zero probability fragments
[2024-03-13 23:52:05.406] [fileLog] [info] 
At end of round 0
==================
Observed 32737152 total fragments (32737152 in most recent round)

[2024-03-13 23:52:05.405] [jointLog] [info] Computed 1,263,489 rich equivalence classes for further processing
[2024-03-13 23:52:05.405] [jointLog] [info] Counted 28,354,421 total reads in the equivalence classes 
[2024-03-13 23:52:05.681] [jointLog] [warning] 3.05463e-06% of fragments were shorter than the k used to build the index.
If this fraction is too large, consider re-building the index with a smaller k.
The minimum read size found was 30.


[2024-03-13 23:52:05.681] [jointLog] [info] Number of mappings discarded because of alignment score : 6,548,697
[2024-03-13 23:52:05.681] [jointLog] [info] Number of fragments entirely discarded because of alignment score : 1,561,970
[2024-03-13 23:52:05.681] [jointLog] [info] Number of fragments discarded because they are best-mapped to decoys : 1,338,970
[2024-03-13 23:52:05.681] [jointLog] [info] Number of fragments discarded because they have only dovetail (discordant) mappings to valid targets : 78,919
[2024-03-13 23:52:05.681] [jointLog] [info] Mapping rate = 86.6124%

[2024-03-13 23:52:05.681] [jointLog] [info] finished quantifyLibrary()
[2024-03-13 23:52:05.681] [jointLog] [info] Starting optimizer
[2024-03-13 23:52:05.905] [jointLog] [info] Marked 0 weighted equivalence classes as degenerate
[2024-03-13 23:52:05.922] [jointLog] [info] iteration = 0 | max rel diff. = 8300.97
[2024-03-13 23:52:06.981] [jointLog] [info] iteration = 100 | max rel diff. = 13.718
[2024-03-13 23:52:08.029] [jointLog] [info] iteration = 200 | max rel diff. = 9.12561
[2024-03-13 23:52:09.076] [jointLog] [info] iteration = 300 | max rel diff. = 2.59355
[2024-03-13 23:52:10.121] [jointLog] [info] iteration = 400 | max rel diff. = 0.866518
[2024-03-13 23:52:11.167] [jointLog] [info] iteration = 500 | max rel diff. = 2.83538
[2024-03-13 23:52:12.214] [jointLog] [info] iteration = 600 | max rel diff. = 0.755242
[2024-03-13 23:52:13.259] [jointLog] [info] iteration = 700 | max rel diff. = 0.0607374
[2024-03-13 23:52:14.305] [jointLog] [info] iteration = 800 | max rel diff. = 0.15237
[2024-03-13 23:52:15.349] [jointLog] [info] iteration = 900 | max rel diff. = 0.261164
[2024-03-13 23:52:16.401] [jointLog] [info] iteration = 1,000 | max rel diff. = 0.356323
[2024-03-13 23:52:17.472] [jointLog] [info] iteration = 1,100 | max rel diff. = 2.50764
[2024-03-13 23:52:18.523] [jointLog] [info] iteration = 1,200 | max rel diff. = 0.646673
[2024-03-13 23:52:19.567] [jointLog] [info] iteration = 1,300 | max rel diff. = 0.0563695
[2024-03-13 23:52:20.611] [jointLog] [info] iteration = 1,400 | max rel diff. = 0.0288916
[2024-03-13 23:52:21.670] [jointLog] [info] iteration = 1,500 | max rel diff. = 0.141663
[2024-03-13 23:52:22.763] [jointLog] [info] iteration = 1,600 | max rel diff. = 0.392185
[2024-03-13 23:52:23.098] [jointLog] [info] iteration = 1,633 | max rel diff. = 0.0098913
[2024-03-13 23:52:23.133] [jointLog] [info] Finished optimizer
[2024-03-13 23:52:23.133] [jointLog] [info] writing output 

