[2024-03-13 23:09:22.927] [jointLog] [info] setting maxHashResizeThreads to 180
[2024-03-13 23:09:22.927] [jointLog] [info] Fragment incompatibility prior below threshold.  Incompatible fragments will be ignored.
[2024-03-13 23:09:22.927] [jointLog] [info] Usage of --validateMappings implies use of minScoreFraction. Since not explicitly specified, it is being set to 0.65
[2024-03-13 23:09:22.927] [jointLog] [info] Setting consensusSlack to selective-alignment default of 0.35.
[2024-03-13 23:09:22.927] [jointLog] [info] parsing read library format
[2024-03-13 23:09:22.927] [jointLog] [info] There is 1 library.
[2024-03-13 23:09:22.927] [jointLog] [info] Loading pufferfish index
[2024-03-13 23:09:22.927] [jointLog] [info] Loading dense pufferfish index.
[2024-03-13 23:09:56.266] [jointLog] [info] done
[2024-03-13 23:09:56.354] [jointLog] [info] Index contained 147,554 targets
[2024-03-13 23:09:56.396] [jointLog] [info] Number of decoys : 61
[2024-03-13 23:09:56.396] [jointLog] [info] First decoy index : 147,456 
[2024-03-13 23:09:57.673] [jointLog] [info] Automatically detected most likely library type as ISR

[2024-03-13 23:11:09.906] [jointLog] [info] Thread saw mini-batch with a maximum of 0.76% zero probability fragments
[2024-03-13 23:11:09.906] [jointLog] [info] Thread saw mini-batch with a maximum of 0.78% zero probability fragments
[2024-03-13 23:11:09.906] [jointLog] [info] Thread saw mini-batch with a maximum of 0.74% zero probability fragments
[2024-03-13 23:11:09.906] [jointLog] [info] Thread saw mini-batch with a maximum of 0.72% zero probability fragments
[2024-03-13 23:11:09.906] [jointLog] [info] Thread saw mini-batch with a maximum of 0.74% zero probability fragments
[2024-03-13 23:11:09.906] [jointLog] [info] Thread saw mini-batch with a maximum of 0.72% zero probability fragments
[2024-03-13 23:11:09.906] [jointLog] [info] Thread saw mini-batch with a maximum of 0.86% zero probability fragments
[2024-03-13 23:11:09.906] [jointLog] [info] Thread saw mini-batch with a maximum of 0.78% zero probability fragments
[2024-03-13 23:11:09.906] [jointLog] [info] Thread saw mini-batch with a maximum of 0.84% zero probability fragments
[2024-03-13 23:11:09.906] [jointLog] [info] Thread saw mini-batch with a maximum of 0.76% zero probability fragments
[2024-03-13 23:11:09.906] [jointLog] [info] Thread saw mini-batch with a maximum of 0.90% zero probability fragments
[2024-03-13 23:11:09.906] [jointLog] [info] Thread saw mini-batch with a maximum of 0.76% zero probability fragments
[2024-03-13 23:11:09.906] [jointLog] [info] Thread saw mini-batch with a maximum of 0.72% zero probability fragments
[2024-03-13 23:11:09.906] [jointLog] [info] Thread saw mini-batch with a maximum of 0.76% zero probability fragments
[2024-03-13 23:11:09.906] [jointLog] [info] Thread saw mini-batch with a maximum of 0.76% zero probability fragments
[2024-03-13 23:11:09.906] [jointLog] [info] Thread saw mini-batch with a maximum of 0.70% zero probability fragments
[2024-03-13 23:11:09.906] [jointLog] [info] Thread saw mini-batch with a maximum of 0.80% zero probability fragments
[2024-03-13 23:11:09.906] [jointLog] [info] Thread saw mini-batch with a maximum of 0.80% zero probability fragments
[2024-03-13 23:11:09.906] [jointLog] [info] Thread saw mini-batch with a maximum of 0.70% zero probability fragments
[2024-03-13 23:11:09.906] [jointLog] [info] Thread saw mini-batch with a maximum of 0.74% zero probability fragments
[2024-03-13 23:11:09.906] [jointLog] [info] Thread saw mini-batch with a maximum of 0.78% zero probability fragments
[2024-03-13 23:11:09.906] [jointLog] [info] Thread saw mini-batch with a maximum of 0.82% zero probability fragments
[2024-03-13 23:11:09.906] [jointLog] [info] Thread saw mini-batch with a maximum of 0.72% zero probability fragments
[2024-03-13 23:11:09.906] [jointLog] [info] Thread saw mini-batch with a maximum of 0.70% zero probability fragments
[2024-03-13 23:11:09.906] [jointLog] [info] Thread saw mini-batch with a maximum of 0.74% zero probability fragments
[2024-03-13 23:11:09.906] [jointLog] [info] Thread saw mini-batch with a maximum of 0.74% zero probability fragments
[2024-03-13 23:11:09.906] [jointLog] [info] Thread saw mini-batch with a maximum of 0.88% zero probability fragments
[2024-03-13 23:11:09.906] [jointLog] [info] Thread saw mini-batch with a maximum of 0.72% zero probability fragments
[2024-03-13 23:11:09.906] [jointLog] [info] Thread saw mini-batch with a maximum of 0.76% zero probability fragments
[2024-03-13 23:11:09.906] [jointLog] [info] Thread saw mini-batch with a maximum of 0.82% zero probability fragments
[2024-03-13 23:11:09.906] [jointLog] [info] Thread saw mini-batch with a maximum of 0.74% zero probability fragments
[2024-03-13 23:11:09.906] [jointLog] [info] Thread saw mini-batch with a maximum of 0.86% zero probability fragments
[2024-03-13 23:11:09.906] [jointLog] [info] Thread saw mini-batch with a maximum of 0.72% zero probability fragments
[2024-03-13 23:11:09.906] [jointLog] [info] Thread saw mini-batch with a maximum of 0.78% zero probability fragments
[2024-03-13 23:11:09.906] [jointLog] [info] Thread saw mini-batch with a maximum of 0.66% zero probability fragments
[2024-03-13 23:11:09.906] [jointLog] [info] Thread saw mini-batch with a maximum of 0.68% zero probability fragments
[2024-03-13 23:11:09.906] [jointLog] [info] Thread saw mini-batch with a maximum of 0.74% zero probability fragments
[2024-03-13 23:11:09.906] [jointLog] [info] Thread saw mini-batch with a maximum of 0.62% zero probability fragments
[2024-03-13 23:11:09.906] [jointLog] [info] Thread saw mini-batch with a maximum of 0.70% zero probability fragments
[2024-03-13 23:11:09.906] [jointLog] [info] Thread saw mini-batch with a maximum of 0.68% zero probability fragments
[2024-03-13 23:11:09.906] [jointLog] [info] Thread saw mini-batch with a maximum of 0.74% zero probability fragments
[2024-03-13 23:11:09.906] [jointLog] [info] Thread saw mini-batch with a maximum of 0.72% zero probability fragments
[2024-03-13 23:11:09.906] [jointLog] [info] Thread saw mini-batch with a maximum of 0.80% zero probability fragments
[2024-03-13 23:11:09.906] [jointLog] [info] Thread saw mini-batch with a maximum of 0.74% zero probability fragments
[2024-03-13 23:11:09.906] [jointLog] [info] Thread saw mini-batch with a maximum of 0.88% zero probability fragments
[2024-03-13 23:11:09.906] [jointLog] [info] Thread saw mini-batch with a maximum of 0.78% zero probability fragments
[2024-03-13 23:11:09.906] [jointLog] [info] Thread saw mini-batch with a maximum of 0.70% zero probability fragments
[2024-03-13 23:11:09.906] [jointLog] [info] Thread saw mini-batch with a maximum of 0.74% zero probability fragments
[2024-03-13 23:11:09.906] [jointLog] [info] Thread saw mini-batch with a maximum of 0.80% zero probability fragments
[2024-03-13 23:11:09.906] [jointLog] [info] Thread saw mini-batch with a maximum of 0.84% zero probability fragments
[2024-03-13 23:11:09.906] [jointLog] [info] Thread saw mini-batch with a maximum of 0.78% zero probability fragments
[2024-03-13 23:11:09.906] [jointLog] [info] Thread saw mini-batch with a maximum of 0.74% zero probability fragments
[2024-03-13 23:11:09.906] [jointLog] [info] Thread saw mini-batch with a maximum of 0.80% zero probability fragments
[2024-03-13 23:11:09.906] [jointLog] [info] Thread saw mini-batch with a maximum of 0.62% zero probability fragments
[2024-03-13 23:11:09.906] [jointLog] [info] Thread saw mini-batch with a maximum of 0.76% zero probability fragments
[2024-03-13 23:11:09.906] [jointLog] [info] Thread saw mini-batch with a maximum of 0.74% zero probability fragments
[2024-03-13 23:11:09.906] [jointLog] [info] Thread saw mini-batch with a maximum of 0.70% zero probability fragments
[2024-03-13 23:11:09.906] [jointLog] [info] Thread saw mini-batch with a maximum of 0.74% zero probability fragments
[2024-03-13 23:11:09.906] [jointLog] [info] Thread saw mini-batch with a maximum of 0.74% zero probability fragments
[2024-03-13 23:11:09.906] [jointLog] [info] Thread saw mini-batch with a maximum of 0.84% zero probability fragments
[2024-03-13 23:11:09.906] [jointLog] [info] Thread saw mini-batch with a maximum of 0.68% zero probability fragments
[2024-03-13 23:11:09.906] [jointLog] [info] Thread saw mini-batch with a maximum of 0.74% zero probability fragments
[2024-03-13 23:11:09.906] [jointLog] [info] Thread saw mini-batch with a maximum of 0.76% zero probability fragments
[2024-03-13 23:11:09.906] [jointLog] [info] Thread saw mini-batch with a maximum of 0.74% zero probability fragments
[2024-03-13 23:11:09.906] [jointLog] [info] Thread saw mini-batch with a maximum of 0.76% zero probability fragments
[2024-03-13 23:11:09.906] [jointLog] [info] Thread saw mini-batch with a maximum of 0.82% zero probability fragments
[2024-03-13 23:11:09.906] [jointLog] [info] Thread saw mini-batch with a maximum of 0.76% zero probability fragments
[2024-03-13 23:11:09.906] [jointLog] [info] Thread saw mini-batch with a maximum of 0.84% zero probability fragments
[2024-03-13 23:11:09.906] [jointLog] [info] Thread saw mini-batch with a maximum of 0.70% zero probability fragments
[2024-03-13 23:11:09.906] [jointLog] [info] Thread saw mini-batch with a maximum of 0.72% zero probability fragments
[2024-03-13 23:11:09.906] [jointLog] [info] Thread saw mini-batch with a maximum of 0.80% zero probability fragments
[2024-03-13 23:11:09.906] [jointLog] [info] Thread saw mini-batch with a maximum of 0.92% zero probability fragments
[2024-03-13 23:11:09.906] [jointLog] [info] Thread saw mini-batch with a maximum of 0.74% zero probability fragments
[2024-03-13 23:11:09.906] [jointLog] [info] Thread saw mini-batch with a maximum of 0.70% zero probability fragments
[2024-03-13 23:11:09.906] [jointLog] [info] Thread saw mini-batch with a maximum of 0.80% zero probability fragments
[2024-03-13 23:11:09.906] [jointLog] [info] Thread saw mini-batch with a maximum of 0.72% zero probability fragments
[2024-03-13 23:11:09.906] [jointLog] [info] Thread saw mini-batch with a maximum of 0.66% zero probability fragments
[2024-03-13 23:11:09.906] [jointLog] [info] Thread saw mini-batch with a maximum of 0.74% zero probability fragments
[2024-03-13 23:11:09.906] [jointLog] [info] Thread saw mini-batch with a maximum of 0.70% zero probability fragments
[2024-03-13 23:11:09.906] [jointLog] [info] Thread saw mini-batch with a maximum of 0.72% zero probability fragments
[2024-03-13 23:11:09.907] [jointLog] [info] Thread saw mini-batch with a maximum of 0.68% zero probability fragments
[2024-03-13 23:11:09.907] [jointLog] [info] Thread saw mini-batch with a maximum of 0.68% zero probability fragments
[2024-03-13 23:11:09.907] [jointLog] [info] Thread saw mini-batch with a maximum of 0.78% zero probability fragments
[2024-03-13 23:11:09.907] [jointLog] [info] Thread saw mini-batch with a maximum of 0.74% zero probability fragments
[2024-03-13 23:11:09.907] [jointLog] [info] Thread saw mini-batch with a maximum of 0.78% zero probability fragments
[2024-03-13 23:11:09.907] [jointLog] [info] Thread saw mini-batch with a maximum of 0.70% zero probability fragments
[2024-03-13 23:11:09.907] [jointLog] [info] Thread saw mini-batch with a maximum of 0.68% zero probability fragments
[2024-03-13 23:11:09.907] [jointLog] [info] Thread saw mini-batch with a maximum of 0.74% zero probability fragments
[2024-03-13 23:11:09.907] [jointLog] [info] Thread saw mini-batch with a maximum of 0.80% zero probability fragments
[2024-03-13 23:11:09.907] [jointLog] [info] Thread saw mini-batch with a maximum of 0.80% zero probability fragments
[2024-03-13 23:11:09.907] [jointLog] [info] Thread saw mini-batch with a maximum of 0.80% zero probability fragments
[2024-03-13 23:11:09.907] [jointLog] [info] Thread saw mini-batch with a maximum of 0.64% zero probability fragments
[2024-03-13 23:11:09.907] [jointLog] [info] Thread saw mini-batch with a maximum of 0.72% zero probability fragments
[2024-03-13 23:11:09.907] [jointLog] [info] Thread saw mini-batch with a maximum of 0.72% zero probability fragments
[2024-03-13 23:11:09.907] [jointLog] [info] Thread saw mini-batch with a maximum of 0.72% zero probability fragments
[2024-03-13 23:11:09.907] [jointLog] [info] Thread saw mini-batch with a maximum of 0.70% zero probability fragments
[2024-03-13 23:11:09.907] [jointLog] [info] Thread saw mini-batch with a maximum of 0.72% zero probability fragments
[2024-03-13 23:11:09.907] [jointLog] [info] Thread saw mini-batch with a maximum of 0.72% zero probability fragments
[2024-03-13 23:11:09.907] [jointLog] [info] Thread saw mini-batch with a maximum of 0.68% zero probability fragments
[2024-03-13 23:11:09.907] [jointLog] [info] Thread saw mini-batch with a maximum of 0.72% zero probability fragments
[2024-03-13 23:11:09.907] [jointLog] [info] Thread saw mini-batch with a maximum of 0.68% zero probability fragments
[2024-03-13 23:11:09.907] [jointLog] [info] Thread saw mini-batch with a maximum of 0.82% zero probability fragments
[2024-03-13 23:11:09.907] [jointLog] [info] Thread saw mini-batch with a maximum of 0.76% zero probability fragments
[2024-03-13 23:11:09.907] [jointLog] [info] Thread saw mini-batch with a maximum of 0.88% zero probability fragments
[2024-03-13 23:11:09.907] [jointLog] [info] Thread saw mini-batch with a maximum of 0.66% zero probability fragments
[2024-03-13 23:11:09.907] [jointLog] [info] Thread saw mini-batch with a maximum of 0.74% zero probability fragments
[2024-03-13 23:11:09.907] [jointLog] [info] Thread saw mini-batch with a maximum of 0.80% zero probability fragments
[2024-03-13 23:11:09.907] [jointLog] [info] Thread saw mini-batch with a maximum of 1.00% zero probability fragments
[2024-03-13 23:11:09.907] [jointLog] [info] Thread saw mini-batch with a maximum of 0.80% zero probability fragments
[2024-03-13 23:11:09.907] [jointLog] [info] Thread saw mini-batch with a maximum of 0.78% zero probability fragments
[2024-03-13 23:11:09.907] [jointLog] [info] Thread saw mini-batch with a maximum of 0.70% zero probability fragments
[2024-03-13 23:11:09.907] [jointLog] [info] Thread saw mini-batch with a maximum of 0.68% zero probability fragments
[2024-03-13 23:11:09.907] [jointLog] [info] Thread saw mini-batch with a maximum of 0.82% zero probability fragments
[2024-03-13 23:11:09.907] [jointLog] [info] Thread saw mini-batch with a maximum of 0.86% zero probability fragments
[2024-03-13 23:11:09.907] [jointLog] [info] Thread saw mini-batch with a maximum of 0.70% zero probability fragments
[2024-03-13 23:11:09.907] [jointLog] [info] Thread saw mini-batch with a maximum of 0.74% zero probability fragments
[2024-03-13 23:11:09.907] [jointLog] [info] Thread saw mini-batch with a maximum of 0.78% zero probability fragments
[2024-03-13 23:11:09.907] [jointLog] [info] Thread saw mini-batch with a maximum of 0.76% zero probability fragments
[2024-03-13 23:11:09.907] [jointLog] [info] Thread saw mini-batch with a maximum of 0.80% zero probability fragments
[2024-03-13 23:11:09.907] [jointLog] [info] Thread saw mini-batch with a maximum of 0.70% zero probability fragments
[2024-03-13 23:11:09.907] [jointLog] [info] Thread saw mini-batch with a maximum of 0.74% zero probability fragments
[2024-03-13 23:11:09.907] [jointLog] [info] Thread saw mini-batch with a maximum of 0.86% zero probability fragments
[2024-03-13 23:11:09.907] [jointLog] [info] Thread saw mini-batch with a maximum of 0.66% zero probability fragments
[2024-03-13 23:11:09.907] [jointLog] [info] Thread saw mini-batch with a maximum of 0.82% zero probability fragments
[2024-03-13 23:11:09.907] [jointLog] [info] Thread saw mini-batch with a maximum of 0.80% zero probability fragments
[2024-03-13 23:11:09.907] [jointLog] [info] Thread saw mini-batch with a maximum of 0.70% zero probability fragments
[2024-03-13 23:11:09.907] [jointLog] [info] Thread saw mini-batch with a maximum of 0.72% zero probability fragments
[2024-03-13 23:11:09.907] [jointLog] [info] Thread saw mini-batch with a maximum of 0.72% zero probability fragments
[2024-03-13 23:11:09.907] [jointLog] [info] Thread saw mini-batch with a maximum of 0.74% zero probability fragments
[2024-03-13 23:11:09.907] [jointLog] [info] Thread saw mini-batch with a maximum of 0.74% zero probability fragments
[2024-03-13 23:11:09.907] [jointLog] [info] Thread saw mini-batch with a maximum of 0.66% zero probability fragments
[2024-03-13 23:11:09.907] [jointLog] [info] Thread saw mini-batch with a maximum of 0.82% zero probability fragments
[2024-03-13 23:11:09.907] [jointLog] [info] Thread saw mini-batch with a maximum of 0.76% zero probability fragments
[2024-03-13 23:11:09.907] [jointLog] [info] Thread saw mini-batch with a maximum of 0.82% zero probability fragments
[2024-03-13 23:11:09.907] [jointLog] [info] Thread saw mini-batch with a maximum of 0.66% zero probability fragments
[2024-03-13 23:11:09.907] [jointLog] [info] Thread saw mini-batch with a maximum of 0.72% zero probability fragments
[2024-03-13 23:11:09.908] [jointLog] [info] Thread saw mini-batch with a maximum of 0.72% zero probability fragments
[2024-03-13 23:11:09.908] [jointLog] [info] Thread saw mini-batch with a maximum of 0.78% zero probability fragments
[2024-03-13 23:11:09.909] [jointLog] [info] Thread saw mini-batch with a maximum of 0.68% zero probability fragments
[2024-03-13 23:11:09.909] [jointLog] [info] Thread saw mini-batch with a maximum of 0.72% zero probability fragments
[2024-03-13 23:11:09.913] [jointLog] [info] Thread saw mini-batch with a maximum of 0.68% zero probability fragments
[2024-03-13 23:11:09.913] [jointLog] [info] Thread saw mini-batch with a maximum of 0.80% zero probability fragments
[2024-03-13 23:11:09.917] [jointLog] [info] Thread saw mini-batch with a maximum of 0.80% zero probability fragments
[2024-03-13 23:11:09.917] [jointLog] [info] Thread saw mini-batch with a maximum of 0.86% zero probability fragments
[2024-03-13 23:11:09.918] [jointLog] [info] Thread saw mini-batch with a maximum of 0.92% zero probability fragments
[2024-03-13 23:11:09.921] [jointLog] [info] Thread saw mini-batch with a maximum of 0.70% zero probability fragments
[2024-03-13 23:11:09.921] [jointLog] [info] Thread saw mini-batch with a maximum of 0.76% zero probability fragments
[2024-03-13 23:11:09.921] [jointLog] [info] Thread saw mini-batch with a maximum of 0.78% zero probability fragments
[2024-03-13 23:11:09.921] [jointLog] [info] Thread saw mini-batch with a maximum of 0.80% zero probability fragments
[2024-03-13 23:11:09.921] [jointLog] [info] Thread saw mini-batch with a maximum of 0.74% zero probability fragments
[2024-03-13 23:11:09.921] [jointLog] [info] Thread saw mini-batch with a maximum of 0.74% zero probability fragments
[2024-03-13 23:11:09.921] [jointLog] [info] Thread saw mini-batch with a maximum of 0.70% zero probability fragments
[2024-03-13 23:11:09.921] [jointLog] [info] Thread saw mini-batch with a maximum of 0.70% zero probability fragments
[2024-03-13 23:11:09.921] [jointLog] [info] Thread saw mini-batch with a maximum of 0.70% zero probability fragments
[2024-03-13 23:11:09.921] [jointLog] [info] Thread saw mini-batch with a maximum of 0.78% zero probability fragments
[2024-03-13 23:11:09.921] [jointLog] [info] Thread saw mini-batch with a maximum of 0.78% zero probability fragments
[2024-03-13 23:11:09.921] [jointLog] [info] Thread saw mini-batch with a maximum of 0.82% zero probability fragments
[2024-03-13 23:11:09.921] [jointLog] [info] Thread saw mini-batch with a maximum of 0.70% zero probability fragments
[2024-03-13 23:11:09.922] [jointLog] [info] Thread saw mini-batch with a maximum of 0.72% zero probability fragments
[2024-03-13 23:11:09.929] [jointLog] [info] Thread saw mini-batch with a maximum of 0.68% zero probability fragments
[2024-03-13 23:11:09.929] [jointLog] [info] Thread saw mini-batch with a maximum of 0.74% zero probability fragments
[2024-03-13 23:11:09.931] [jointLog] [info] Thread saw mini-batch with a maximum of 0.74% zero probability fragments
[2024-03-13 23:11:09.940] [jointLog] [info] Thread saw mini-batch with a maximum of 0.76% zero probability fragments
[2024-03-13 23:11:09.957] [jointLog] [info] Thread saw mini-batch with a maximum of 0.76% zero probability fragments
[2024-03-13 23:11:09.959] [jointLog] [info] Thread saw mini-batch with a maximum of 0.80% zero probability fragments
[2024-03-13 23:11:09.976] [jointLog] [info] Thread saw mini-batch with a maximum of 0.86% zero probability fragments
[2024-03-13 23:11:09.980] [jointLog] [info] Thread saw mini-batch with a maximum of 0.68% zero probability fragments
[2024-03-13 23:11:09.995] [jointLog] [info] Thread saw mini-batch with a maximum of 0.68% zero probability fragments
[2024-03-13 23:11:10.003] [jointLog] [info] Thread saw mini-batch with a maximum of 0.80% zero probability fragments
[2024-03-13 23:11:10.006] [jointLog] [info] Thread saw mini-batch with a maximum of 0.78% zero probability fragments
[2024-03-13 23:11:10.016] [jointLog] [info] Thread saw mini-batch with a maximum of 0.68% zero probability fragments
[2024-03-13 23:11:10.032] [jointLog] [info] Thread saw mini-batch with a maximum of 0.66% zero probability fragments
[2024-03-13 23:11:10.033] [jointLog] [info] Thread saw mini-batch with a maximum of 0.64% zero probability fragments
[2024-03-13 23:11:10.044] [jointLog] [info] Thread saw mini-batch with a maximum of 0.68% zero probability fragments
[2024-03-13 23:11:10.060] [jointLog] [info] Thread saw mini-batch with a maximum of 0.74% zero probability fragments
[2024-03-13 23:11:10.089] [jointLog] [info] Thread saw mini-batch with a maximum of 0.74% zero probability fragments
[2024-03-13 23:11:10.105] [jointLog] [info] Thread saw mini-batch with a maximum of 0.70% zero probability fragments
[2024-03-13 23:11:10.111] [jointLog] [info] Thread saw mini-batch with a maximum of 0.90% zero probability fragments
[2024-03-13 23:11:10.111] [jointLog] [info] Thread saw mini-batch with a maximum of 0.68% zero probability fragments
[2024-03-13 23:11:10.135] [jointLog] [info] Thread saw mini-batch with a maximum of 0.68% zero probability fragments
[2024-03-13 23:11:11.958] [fileLog] [info] 
At end of round 0
==================
Observed 30805290 total fragments (30805290 in most recent round)

[2024-03-13 23:11:11.957] [jointLog] [info] Computed 1,786,788 rich equivalence classes for further processing
[2024-03-13 23:11:11.957] [jointLog] [info] Counted 26,685,738 total reads in the equivalence classes 
[2024-03-13 23:11:12.235] [jointLog] [info] Number of mappings discarded because of alignment score : 5,764,389
[2024-03-13 23:11:12.235] [jointLog] [info] Number of fragments entirely discarded because of alignment score : 1,525,003
[2024-03-13 23:11:12.235] [jointLog] [info] Number of fragments discarded because they are best-mapped to decoys : 1,306,782
[2024-03-13 23:11:12.235] [jointLog] [info] Number of fragments discarded because they have only dovetail (discordant) mappings to valid targets : 74,621
[2024-03-13 23:11:12.235] [jointLog] [info] Mapping rate = 86.6271%

[2024-03-13 23:11:12.235] [jointLog] [info] finished quantifyLibrary()
[2024-03-13 23:11:12.236] [jointLog] [info] Starting optimizer
[2024-03-13 23:11:12.505] [jointLog] [info] Marked 0 weighted equivalence classes as degenerate
[2024-03-13 23:11:12.526] [jointLog] [info] iteration = 0 | max rel diff. = 8349.92
[2024-03-13 23:11:13.907] [jointLog] [info] iteration = 100 | max rel diff. = 20.7591
[2024-03-13 23:11:15.277] [jointLog] [info] iteration = 200 | max rel diff. = 16.344
[2024-03-13 23:11:16.660] [jointLog] [info] iteration = 300 | max rel diff. = 8.76387
[2024-03-13 23:11:18.046] [jointLog] [info] iteration = 400 | max rel diff. = 4.95839
[2024-03-13 23:11:19.489] [jointLog] [info] iteration = 500 | max rel diff. = 0.167176
[2024-03-13 23:11:20.912] [jointLog] [info] iteration = 600 | max rel diff. = 1.20783
[2024-03-13 23:11:22.281] [jointLog] [info] iteration = 700 | max rel diff. = 0.250556
[2024-03-13 23:11:23.644] [jointLog] [info] iteration = 800 | max rel diff. = 0.026695
[2024-03-13 23:11:25.013] [jointLog] [info] iteration = 900 | max rel diff. = 0.520682
[2024-03-13 23:11:26.382] [jointLog] [info] iteration = 1,000 | max rel diff. = 0.209749
[2024-03-13 23:11:27.755] [jointLog] [info] iteration = 1,100 | max rel diff. = 0.231557
[2024-03-13 23:11:29.121] [jointLog] [info] iteration = 1,200 | max rel diff. = 1.2399
[2024-03-13 23:11:30.514] [jointLog] [info] iteration = 1,300 | max rel diff. = 0.0928836
[2024-03-13 23:11:31.882] [jointLog] [info] iteration = 1,400 | max rel diff. = 0.0319619
[2024-03-13 23:11:33.288] [jointLog] [info] iteration = 1,500 | max rel diff. = 0.0394069
[2024-03-13 23:11:34.410] [jointLog] [info] iteration = 1,583 | max rel diff. = 0.00871884
[2024-03-13 23:11:34.429] [jointLog] [info] Finished optimizer
[2024-03-13 23:11:34.429] [jointLog] [info] writing output 

