[2024-03-14 00:40:37.805] [jointLog] [info] setting maxHashResizeThreads to 180
[2024-03-14 00:40:37.805] [jointLog] [info] Fragment incompatibility prior below threshold.  Incompatible fragments will be ignored.
[2024-03-14 00:40:37.805] [jointLog] [info] Usage of --validateMappings implies use of minScoreFraction. Since not explicitly specified, it is being set to 0.65
[2024-03-14 00:40:37.806] [jointLog] [info] Setting consensusSlack to selective-alignment default of 0.35.
[2024-03-14 00:40:37.806] [jointLog] [info] parsing read library format
[2024-03-14 00:40:37.806] [jointLog] [info] There is 1 library.
[2024-03-14 00:40:37.806] [jointLog] [info] Loading pufferfish index
[2024-03-14 00:40:37.806] [jointLog] [info] Loading dense pufferfish index.
[2024-03-14 00:41:09.372] [jointLog] [info] done
[2024-03-14 00:41:09.464] [jointLog] [info] Index contained 147,554 targets
[2024-03-14 00:41:09.505] [jointLog] [info] Number of decoys : 61
[2024-03-14 00:41:09.505] [jointLog] [info] First decoy index : 147,456 
[2024-03-14 00:41:10.489] [jointLog] [info] Automatically detected most likely library type as ISR

[2024-03-14 00:42:43.194] [jointLog] [info] Thread saw mini-batch with a maximum of 0.88% zero probability fragments
[2024-03-14 00:42:43.194] [jointLog] [info] Thread saw mini-batch with a maximum of 0.78% zero probability fragments
[2024-03-14 00:42:43.194] [jointLog] [info] Thread saw mini-batch with a maximum of 0.82% zero probability fragments
[2024-03-14 00:42:43.194] [jointLog] [info] Thread saw mini-batch with a maximum of 0.86% zero probability fragments
[2024-03-14 00:42:43.194] [jointLog] [info] Thread saw mini-batch with a maximum of 0.96% zero probability fragments
[2024-03-14 00:42:43.194] [jointLog] [info] Thread saw mini-batch with a maximum of 0.86% zero probability fragments
[2024-03-14 00:42:43.194] [jointLog] [info] Thread saw mini-batch with a maximum of 0.80% zero probability fragments
[2024-03-14 00:42:43.194] [jointLog] [info] Thread saw mini-batch with a maximum of 0.76% zero probability fragments
[2024-03-14 00:42:43.194] [jointLog] [info] Thread saw mini-batch with a maximum of 0.78% zero probability fragments
[2024-03-14 00:42:43.194] [jointLog] [info] Thread saw mini-batch with a maximum of 0.78% zero probability fragments
[2024-03-14 00:42:43.194] [jointLog] [info] Thread saw mini-batch with a maximum of 0.82% zero probability fragments
[2024-03-14 00:42:43.194] [jointLog] [info] Thread saw mini-batch with a maximum of 0.86% zero probability fragments
[2024-03-14 00:42:43.194] [jointLog] [info] Thread saw mini-batch with a maximum of 0.86% zero probability fragments
[2024-03-14 00:42:43.194] [jointLog] [info] Thread saw mini-batch with a maximum of 0.94% zero probability fragments
[2024-03-14 00:42:43.194] [jointLog] [info] Thread saw mini-batch with a maximum of 0.82% zero probability fragments
[2024-03-14 00:42:43.194] [jointLog] [info] Thread saw mini-batch with a maximum of 0.84% zero probability fragments
[2024-03-14 00:42:43.194] [jointLog] [info] Thread saw mini-batch with a maximum of 0.86% zero probability fragments
[2024-03-14 00:42:43.194] [jointLog] [info] Thread saw mini-batch with a maximum of 0.90% zero probability fragments
[2024-03-14 00:42:43.194] [jointLog] [info] Thread saw mini-batch with a maximum of 0.74% zero probability fragments
[2024-03-14 00:42:43.194] [jointLog] [info] Thread saw mini-batch with a maximum of 0.82% zero probability fragments
[2024-03-14 00:42:43.194] [jointLog] [info] Thread saw mini-batch with a maximum of 1.00% zero probability fragments
[2024-03-14 00:42:43.194] [jointLog] [info] Thread saw mini-batch with a maximum of 0.74% zero probability fragments
[2024-03-14 00:42:43.194] [jointLog] [info] Thread saw mini-batch with a maximum of 0.74% zero probability fragments
[2024-03-14 00:42:43.194] [jointLog] [info] Thread saw mini-batch with a maximum of 0.84% zero probability fragments
[2024-03-14 00:42:43.194] [jointLog] [info] Thread saw mini-batch with a maximum of 0.84% zero probability fragments
[2024-03-14 00:42:43.194] [jointLog] [info] Thread saw mini-batch with a maximum of 0.80% zero probability fragments
[2024-03-14 00:42:43.194] [jointLog] [info] Thread saw mini-batch with a maximum of 0.80% zero probability fragments
[2024-03-14 00:42:43.194] [jointLog] [info] Thread saw mini-batch with a maximum of 0.86% zero probability fragments
[2024-03-14 00:42:43.194] [jointLog] [info] Thread saw mini-batch with a maximum of 0.92% zero probability fragments
[2024-03-14 00:42:43.194] [jointLog] [info] Thread saw mini-batch with a maximum of 0.90% zero probability fragments
[2024-03-14 00:42:43.194] [jointLog] [info] Thread saw mini-batch with a maximum of 0.80% zero probability fragments
[2024-03-14 00:42:43.194] [jointLog] [info] Thread saw mini-batch with a maximum of 0.76% zero probability fragments
[2024-03-14 00:42:43.194] [jointLog] [info] Thread saw mini-batch with a maximum of 0.90% zero probability fragments
[2024-03-14 00:42:43.194] [jointLog] [info] Thread saw mini-batch with a maximum of 0.78% zero probability fragments
[2024-03-14 00:42:43.194] [jointLog] [info] Thread saw mini-batch with a maximum of 0.76% zero probability fragments
[2024-03-14 00:42:43.194] [jointLog] [info] Thread saw mini-batch with a maximum of 0.76% zero probability fragments
[2024-03-14 00:42:43.194] [jointLog] [info] Thread saw mini-batch with a maximum of 0.80% zero probability fragments
[2024-03-14 00:42:43.194] [jointLog] [info] Thread saw mini-batch with a maximum of 0.96% zero probability fragments
[2024-03-14 00:42:43.194] [jointLog] [info] Thread saw mini-batch with a maximum of 0.86% zero probability fragments
[2024-03-14 00:42:43.194] [jointLog] [info] Thread saw mini-batch with a maximum of 0.90% zero probability fragments
[2024-03-14 00:42:43.194] [jointLog] [info] Thread saw mini-batch with a maximum of 0.76% zero probability fragments
[2024-03-14 00:42:43.194] [jointLog] [info] Thread saw mini-batch with a maximum of 0.74% zero probability fragments
[2024-03-14 00:42:43.194] [jointLog] [info] Thread saw mini-batch with a maximum of 0.82% zero probability fragments
[2024-03-14 00:42:43.194] [jointLog] [info] Thread saw mini-batch with a maximum of 0.78% zero probability fragments
[2024-03-14 00:42:43.194] [jointLog] [info] Thread saw mini-batch with a maximum of 0.92% zero probability fragments
[2024-03-14 00:42:43.194] [jointLog] [info] Thread saw mini-batch with a maximum of 0.80% zero probability fragments
[2024-03-14 00:42:43.194] [jointLog] [info] Thread saw mini-batch with a maximum of 0.78% zero probability fragments
[2024-03-14 00:42:43.194] [jointLog] [info] Thread saw mini-batch with a maximum of 0.76% zero probability fragments
[2024-03-14 00:42:43.194] [jointLog] [info] Thread saw mini-batch with a maximum of 0.74% zero probability fragments
[2024-03-14 00:42:43.194] [jointLog] [info] Thread saw mini-batch with a maximum of 0.80% zero probability fragments
[2024-03-14 00:42:43.194] [jointLog] [info] Thread saw mini-batch with a maximum of 0.82% zero probability fragments
[2024-03-14 00:42:43.194] [jointLog] [info] Thread saw mini-batch with a maximum of 0.88% zero probability fragments
[2024-03-14 00:42:43.194] [jointLog] [info] Thread saw mini-batch with a maximum of 0.84% zero probability fragments
[2024-03-14 00:42:43.194] [jointLog] [info] Thread saw mini-batch with a maximum of 0.82% zero probability fragments
[2024-03-14 00:42:43.194] [jointLog] [info] Thread saw mini-batch with a maximum of 0.78% zero probability fragments
[2024-03-14 00:42:43.194] [jointLog] [info] Thread saw mini-batch with a maximum of 0.86% zero probability fragments
[2024-03-14 00:42:43.194] [jointLog] [info] Thread saw mini-batch with a maximum of 0.78% zero probability fragments
[2024-03-14 00:42:43.194] [jointLog] [info] Thread saw mini-batch with a maximum of 0.76% zero probability fragments
[2024-03-14 00:42:43.194] [jointLog] [info] Thread saw mini-batch with a maximum of 0.76% zero probability fragments
[2024-03-14 00:42:43.194] [jointLog] [info] Thread saw mini-batch with a maximum of 0.82% zero probability fragments
[2024-03-14 00:42:43.194] [jointLog] [info] Thread saw mini-batch with a maximum of 0.84% zero probability fragments
[2024-03-14 00:42:43.194] [jointLog] [info] Thread saw mini-batch with a maximum of 0.78% zero probability fragments
[2024-03-14 00:42:43.194] [jointLog] [info] Thread saw mini-batch with a maximum of 0.80% zero probability fragments
[2024-03-14 00:42:43.194] [jointLog] [info] Thread saw mini-batch with a maximum of 0.86% zero probability fragments
[2024-03-14 00:42:43.194] [jointLog] [info] Thread saw mini-batch with a maximum of 0.88% zero probability fragments
[2024-03-14 00:42:43.194] [jointLog] [info] Thread saw mini-batch with a maximum of 0.74% zero probability fragments
[2024-03-14 00:42:43.194] [jointLog] [info] Thread saw mini-batch with a maximum of 0.86% zero probability fragments
[2024-03-14 00:42:43.194] [jointLog] [info] Thread saw mini-batch with a maximum of 0.90% zero probability fragments
[2024-03-14 00:42:43.194] [jointLog] [info] Thread saw mini-batch with a maximum of 0.84% zero probability fragments
[2024-03-14 00:42:43.194] [jointLog] [info] Thread saw mini-batch with a maximum of 0.74% zero probability fragments
[2024-03-14 00:42:43.194] [jointLog] [info] Thread saw mini-batch with a maximum of 0.82% zero probability fragments
[2024-03-14 00:42:43.194] [jointLog] [info] Thread saw mini-batch with a maximum of 0.76% zero probability fragments
[2024-03-14 00:42:43.194] [jointLog] [info] Thread saw mini-batch with a maximum of 0.78% zero probability fragments
[2024-03-14 00:42:43.194] [jointLog] [info] Thread saw mini-batch with a maximum of 0.90% zero probability fragments
[2024-03-14 00:42:43.194] [jointLog] [info] Thread saw mini-batch with a maximum of 0.74% zero probability fragments
[2024-03-14 00:42:43.194] [jointLog] [info] Thread saw mini-batch with a maximum of 0.80% zero probability fragments
[2024-03-14 00:42:43.197] [jointLog] [info] Thread saw mini-batch with a maximum of 0.76% zero probability fragments
[2024-03-14 00:42:43.197] [jointLog] [info] Thread saw mini-batch with a maximum of 0.84% zero probability fragments
[2024-03-14 00:42:43.197] [jointLog] [info] Thread saw mini-batch with a maximum of 0.88% zero probability fragments
[2024-03-14 00:42:43.201] [jointLog] [info] Thread saw mini-batch with a maximum of 0.78% zero probability fragments
[2024-03-14 00:42:43.201] [jointLog] [info] Thread saw mini-batch with a maximum of 0.82% zero probability fragments
[2024-03-14 00:42:43.201] [jointLog] [info] Thread saw mini-batch with a maximum of 0.80% zero probability fragments
[2024-03-14 00:42:43.201] [jointLog] [info] Thread saw mini-batch with a maximum of 0.82% zero probability fragments
[2024-03-14 00:42:43.202] [jointLog] [info] Thread saw mini-batch with a maximum of 0.80% zero probability fragments
[2024-03-14 00:42:43.202] [jointLog] [info] Thread saw mini-batch with a maximum of 0.84% zero probability fragments
[2024-03-14 00:42:43.202] [jointLog] [info] Thread saw mini-batch with a maximum of 0.80% zero probability fragments
[2024-03-14 00:42:43.205] [jointLog] [info] Thread saw mini-batch with a maximum of 0.80% zero probability fragments
[2024-03-14 00:42:43.205] [jointLog] [info] Thread saw mini-batch with a maximum of 0.88% zero probability fragments
[2024-03-14 00:42:43.205] [jointLog] [info] Thread saw mini-batch with a maximum of 0.74% zero probability fragments
[2024-03-14 00:42:43.205] [jointLog] [info] Thread saw mini-batch with a maximum of 0.76% zero probability fragments
[2024-03-14 00:42:43.205] [jointLog] [info] Thread saw mini-batch with a maximum of 0.90% zero probability fragments
[2024-03-14 00:42:43.205] [jointLog] [info] Thread saw mini-batch with a maximum of 0.84% zero probability fragments
[2024-03-14 00:42:43.205] [jointLog] [info] Thread saw mini-batch with a maximum of 0.80% zero probability fragments
[2024-03-14 00:42:43.205] [jointLog] [info] Thread saw mini-batch with a maximum of 0.74% zero probability fragments
[2024-03-14 00:42:43.205] [jointLog] [info] Thread saw mini-batch with a maximum of 0.84% zero probability fragments
[2024-03-14 00:42:43.205] [jointLog] [info] Thread saw mini-batch with a maximum of 0.80% zero probability fragments
[2024-03-14 00:42:43.205] [jointLog] [info] Thread saw mini-batch with a maximum of 0.86% zero probability fragments
[2024-03-14 00:42:43.205] [jointLog] [info] Thread saw mini-batch with a maximum of 0.84% zero probability fragments
[2024-03-14 00:42:43.206] [jointLog] [info] Thread saw mini-batch with a maximum of 0.82% zero probability fragments
[2024-03-14 00:42:43.206] [jointLog] [info] Thread saw mini-batch with a maximum of 0.88% zero probability fragments
[2024-03-14 00:42:43.206] [jointLog] [info] Thread saw mini-batch with a maximum of 0.80% zero probability fragments
[2024-03-14 00:42:43.206] [jointLog] [info] Thread saw mini-batch with a maximum of 0.80% zero probability fragments
[2024-03-14 00:42:43.206] [jointLog] [info] Thread saw mini-batch with a maximum of 0.78% zero probability fragments
[2024-03-14 00:42:43.206] [jointLog] [info] Thread saw mini-batch with a maximum of 0.82% zero probability fragments
[2024-03-14 00:42:43.206] [jointLog] [info] Thread saw mini-batch with a maximum of 0.88% zero probability fragments
[2024-03-14 00:42:43.206] [jointLog] [info] Thread saw mini-batch with a maximum of 0.84% zero probability fragments
[2024-03-14 00:42:43.206] [jointLog] [info] Thread saw mini-batch with a maximum of 0.88% zero probability fragments
[2024-03-14 00:42:43.206] [jointLog] [info] Thread saw mini-batch with a maximum of 0.84% zero probability fragments
[2024-03-14 00:42:43.206] [jointLog] [info] Thread saw mini-batch with a maximum of 0.92% zero probability fragments
[2024-03-14 00:42:43.206] [jointLog] [info] Thread saw mini-batch with a maximum of 0.88% zero probability fragments
[2024-03-14 00:42:43.206] [jointLog] [info] Thread saw mini-batch with a maximum of 0.76% zero probability fragments
[2024-03-14 00:42:43.206] [jointLog] [info] Thread saw mini-batch with a maximum of 0.78% zero probability fragments
[2024-03-14 00:42:43.206] [jointLog] [info] Thread saw mini-batch with a maximum of 0.82% zero probability fragments
[2024-03-14 00:42:43.206] [jointLog] [info] Thread saw mini-batch with a maximum of 0.90% zero probability fragments
[2024-03-14 00:42:43.206] [jointLog] [info] Thread saw mini-batch with a maximum of 0.92% zero probability fragments
[2024-03-14 00:42:43.206] [jointLog] [info] Thread saw mini-batch with a maximum of 0.86% zero probability fragments
[2024-03-14 00:42:43.206] [jointLog] [info] Thread saw mini-batch with a maximum of 0.86% zero probability fragments
[2024-03-14 00:42:43.206] [jointLog] [info] Thread saw mini-batch with a maximum of 0.76% zero probability fragments
[2024-03-14 00:42:43.206] [jointLog] [info] Thread saw mini-batch with a maximum of 0.82% zero probability fragments
[2024-03-14 00:42:43.206] [jointLog] [info] Thread saw mini-batch with a maximum of 0.82% zero probability fragments
[2024-03-14 00:42:43.206] [jointLog] [info] Thread saw mini-batch with a maximum of 0.82% zero probability fragments
[2024-03-14 00:42:43.206] [jointLog] [info] Thread saw mini-batch with a maximum of 0.78% zero probability fragments
[2024-03-14 00:42:43.206] [jointLog] [info] Thread saw mini-batch with a maximum of 0.86% zero probability fragments
[2024-03-14 00:42:43.206] [jointLog] [info] Thread saw mini-batch with a maximum of 0.76% zero probability fragments
[2024-03-14 00:42:43.206] [jointLog] [info] Thread saw mini-batch with a maximum of 0.78% zero probability fragments
[2024-03-14 00:42:43.206] [jointLog] [info] Thread saw mini-batch with a maximum of 0.84% zero probability fragments
[2024-03-14 00:42:43.206] [jointLog] [info] Thread saw mini-batch with a maximum of 0.88% zero probability fragments
[2024-03-14 00:42:43.206] [jointLog] [info] Thread saw mini-batch with a maximum of 0.80% zero probability fragments
[2024-03-14 00:42:43.206] [jointLog] [info] Thread saw mini-batch with a maximum of 0.78% zero probability fragments
[2024-03-14 00:42:43.206] [jointLog] [info] Thread saw mini-batch with a maximum of 0.80% zero probability fragments
[2024-03-14 00:42:43.206] [jointLog] [info] Thread saw mini-batch with a maximum of 0.82% zero probability fragments
[2024-03-14 00:42:43.206] [jointLog] [info] Thread saw mini-batch with a maximum of 0.80% zero probability fragments
[2024-03-14 00:42:43.206] [jointLog] [info] Thread saw mini-batch with a maximum of 0.76% zero probability fragments
[2024-03-14 00:42:43.206] [jointLog] [info] Thread saw mini-batch with a maximum of 0.94% zero probability fragments
[2024-03-14 00:42:43.206] [jointLog] [info] Thread saw mini-batch with a maximum of 0.98% zero probability fragments
[2024-03-14 00:42:43.206] [jointLog] [info] Thread saw mini-batch with a maximum of 0.96% zero probability fragments
[2024-03-14 00:42:43.206] [jointLog] [info] Thread saw mini-batch with a maximum of 0.76% zero probability fragments
[2024-03-14 00:42:43.209] [jointLog] [info] Thread saw mini-batch with a maximum of 0.80% zero probability fragments
[2024-03-14 00:42:43.209] [jointLog] [info] Thread saw mini-batch with a maximum of 0.84% zero probability fragments
[2024-03-14 00:42:43.209] [jointLog] [info] Thread saw mini-batch with a maximum of 0.84% zero probability fragments
[2024-03-14 00:42:43.209] [jointLog] [info] Thread saw mini-batch with a maximum of 0.88% zero probability fragments
[2024-03-14 00:42:43.209] [jointLog] [info] Thread saw mini-batch with a maximum of 0.90% zero probability fragments
[2024-03-14 00:42:43.209] [jointLog] [info] Thread saw mini-batch with a maximum of 0.84% zero probability fragments
[2024-03-14 00:42:43.209] [jointLog] [info] Thread saw mini-batch with a maximum of 0.76% zero probability fragments
[2024-03-14 00:42:43.209] [jointLog] [info] Thread saw mini-batch with a maximum of 0.84% zero probability fragments
[2024-03-14 00:42:43.209] [jointLog] [info] Thread saw mini-batch with a maximum of 0.90% zero probability fragments
[2024-03-14 00:42:43.209] [jointLog] [info] Thread saw mini-batch with a maximum of 0.84% zero probability fragments
[2024-03-14 00:42:43.209] [jointLog] [info] Thread saw mini-batch with a maximum of 0.86% zero probability fragments
[2024-03-14 00:42:43.210] [jointLog] [info] Thread saw mini-batch with a maximum of 0.92% zero probability fragments
[2024-03-14 00:42:43.212] [jointLog] [info] Thread saw mini-batch with a maximum of 0.90% zero probability fragments
[2024-03-14 00:42:43.213] [jointLog] [info] Thread saw mini-batch with a maximum of 0.96% zero probability fragments
[2024-03-14 00:42:43.213] [jointLog] [info] Thread saw mini-batch with a maximum of 0.84% zero probability fragments
[2024-03-14 00:42:43.213] [jointLog] [info] Thread saw mini-batch with a maximum of 0.78% zero probability fragments
[2024-03-14 00:42:43.213] [jointLog] [info] Thread saw mini-batch with a maximum of 0.80% zero probability fragments
[2024-03-14 00:42:43.214] [jointLog] [info] Thread saw mini-batch with a maximum of 0.84% zero probability fragments
[2024-03-14 00:42:43.214] [jointLog] [info] Thread saw mini-batch with a maximum of 0.86% zero probability fragments
[2024-03-14 00:42:43.215] [jointLog] [info] Thread saw mini-batch with a maximum of 0.84% zero probability fragments
[2024-03-14 00:42:43.217] [jointLog] [info] Thread saw mini-batch with a maximum of 0.86% zero probability fragments
[2024-03-14 00:42:43.217] [jointLog] [info] Thread saw mini-batch with a maximum of 0.90% zero probability fragments
[2024-03-14 00:42:43.217] [jointLog] [info] Thread saw mini-batch with a maximum of 0.76% zero probability fragments
[2024-03-14 00:42:43.217] [jointLog] [info] Thread saw mini-batch with a maximum of 0.70% zero probability fragments
[2024-03-14 00:42:43.221] [jointLog] [info] Thread saw mini-batch with a maximum of 0.78% zero probability fragments
[2024-03-14 00:42:43.224] [jointLog] [info] Thread saw mini-batch with a maximum of 0.80% zero probability fragments
[2024-03-14 00:42:43.250] [jointLog] [info] Thread saw mini-batch with a maximum of 0.78% zero probability fragments
[2024-03-14 00:42:43.270] [jointLog] [info] Thread saw mini-batch with a maximum of 0.82% zero probability fragments
[2024-03-14 00:42:43.276] [jointLog] [info] Thread saw mini-batch with a maximum of 0.76% zero probability fragments
[2024-03-14 00:42:43.299] [jointLog] [info] Thread saw mini-batch with a maximum of 0.84% zero probability fragments
[2024-03-14 00:42:43.300] [jointLog] [info] Thread saw mini-batch with a maximum of 0.78% zero probability fragments
[2024-03-14 00:42:43.308] [jointLog] [info] Thread saw mini-batch with a maximum of 0.80% zero probability fragments
[2024-03-14 00:42:43.311] [jointLog] [info] Thread saw mini-batch with a maximum of 0.72% zero probability fragments
[2024-03-14 00:42:43.332] [jointLog] [info] Thread saw mini-batch with a maximum of 0.86% zero probability fragments
[2024-03-14 00:42:43.342] [jointLog] [info] Thread saw mini-batch with a maximum of 0.80% zero probability fragments
[2024-03-14 00:42:43.344] [jointLog] [info] Thread saw mini-batch with a maximum of 0.82% zero probability fragments
[2024-03-14 00:42:43.357] [jointLog] [info] Thread saw mini-batch with a maximum of 0.78% zero probability fragments
[2024-03-14 00:42:43.360] [jointLog] [info] Thread saw mini-batch with a maximum of 0.78% zero probability fragments
[2024-03-14 00:42:43.367] [jointLog] [info] Thread saw mini-batch with a maximum of 0.78% zero probability fragments
[2024-03-14 00:42:43.375] [jointLog] [info] Thread saw mini-batch with a maximum of 0.72% zero probability fragments
[2024-03-14 00:42:43.385] [jointLog] [info] Thread saw mini-batch with a maximum of 0.80% zero probability fragments
[2024-03-14 00:42:43.400] [jointLog] [info] Thread saw mini-batch with a maximum of 0.84% zero probability fragments
[2024-03-14 00:42:43.403] [jointLog] [info] Thread saw mini-batch with a maximum of 0.78% zero probability fragments
[2024-03-14 00:42:45.130] [jointLog] [info] Computed 1,829,975 rich equivalence classes for further processing
[2024-03-14 00:42:45.130] [jointLog] [info] Counted 31,391,660 total reads in the equivalence classes 
[2024-03-14 00:42:45.130] [fileLog] [info] 
At end of round 0
==================
Observed 37048447 total fragments (37048447 in most recent round)

[2024-03-14 00:42:45.364] [jointLog] [warning] 8.09751e-06% of fragments were shorter than the k used to build the index.
If this fraction is too large, consider re-building the index with a smaller k.
The minimum read size found was 25.


[2024-03-14 00:42:45.364] [jointLog] [info] Number of mappings discarded because of alignment score : 7,080,121
[2024-03-14 00:42:45.364] [jointLog] [info] Number of fragments entirely discarded because of alignment score : 2,028,361
[2024-03-14 00:42:45.364] [jointLog] [info] Number of fragments discarded because they are best-mapped to decoys : 1,661,688
[2024-03-14 00:42:45.364] [jointLog] [info] Number of fragments discarded because they have only dovetail (discordant) mappings to valid targets : 75,041
[2024-03-14 00:42:45.364] [jointLog] [info] Mapping rate = 84.7314%

[2024-03-14 00:42:45.364] [jointLog] [info] finished quantifyLibrary()
[2024-03-14 00:42:45.365] [jointLog] [info] Starting optimizer
[2024-03-14 00:42:45.616] [jointLog] [info] Marked 0 weighted equivalence classes as degenerate
[2024-03-14 00:42:45.644] [jointLog] [info] iteration = 0 | max rel diff. = 7893.61
[2024-03-14 00:42:47.194] [jointLog] [info] iteration = 100 | max rel diff. = 20.5689
[2024-03-14 00:42:48.808] [jointLog] [info] iteration = 200 | max rel diff. = 7.21873
[2024-03-14 00:42:50.346] [jointLog] [info] iteration = 300 | max rel diff. = 3.19639
[2024-03-14 00:42:51.903] [jointLog] [info] iteration = 400 | max rel diff. = 13.4007
[2024-03-14 00:42:53.433] [jointLog] [info] iteration = 500 | max rel diff. = 0.700482
[2024-03-14 00:42:54.982] [jointLog] [info] iteration = 600 | max rel diff. = 3.59645
[2024-03-14 00:42:56.570] [jointLog] [info] iteration = 700 | max rel diff. = 2.54248
[2024-03-14 00:42:58.222] [jointLog] [info] iteration = 800 | max rel diff. = 1.62658
[2024-03-14 00:42:59.791] [jointLog] [info] iteration = 900 | max rel diff. = 0.0559018
[2024-03-14 00:43:01.370] [jointLog] [info] iteration = 1,000 | max rel diff. = 3.80562
[2024-03-14 00:43:02.993] [jointLog] [info] iteration = 1,100 | max rel diff. = 0.0256118
[2024-03-14 00:43:04.629] [jointLog] [info] iteration = 1,200 | max rel diff. = 5.82337
[2024-03-14 00:43:06.148] [jointLog] [info] iteration = 1,300 | max rel diff. = 0.295944
[2024-03-14 00:43:07.669] [jointLog] [info] iteration = 1,400 | max rel diff. = 2.39525
[2024-03-14 00:43:09.189] [jointLog] [info] iteration = 1,500 | max rel diff. = 0.0370594
[2024-03-14 00:43:10.713] [jointLog] [info] iteration = 1,600 | max rel diff. = 0.0904537
[2024-03-14 00:43:12.232] [jointLog] [info] iteration = 1,700 | max rel diff. = 0.0424723
[2024-03-14 00:43:13.815] [jointLog] [info] iteration = 1,800 | max rel diff. = 0.0198636
[2024-03-14 00:43:15.395] [jointLog] [info] iteration = 1,900 | max rel diff. = 0.0200351
[2024-03-14 00:43:16.950] [jointLog] [info] iteration = 2,000 | max rel diff. = 12.074
[2024-03-14 00:43:17.586] [jointLog] [info] iteration = 2,042 | max rel diff. = 0.00604207
[2024-03-14 00:43:17.603] [jointLog] [info] Finished optimizer
[2024-03-14 00:43:17.603] [jointLog] [info] writing output 

