[2024-03-13 23:47:48.794] [jointLog] [info] setting maxHashResizeThreads to 180
[2024-03-13 23:47:48.794] [jointLog] [info] Fragment incompatibility prior below threshold.  Incompatible fragments will be ignored.
[2024-03-13 23:47:48.794] [jointLog] [info] Usage of --validateMappings implies use of minScoreFraction. Since not explicitly specified, it is being set to 0.65
[2024-03-13 23:47:48.794] [jointLog] [info] Setting consensusSlack to selective-alignment default of 0.35.
[2024-03-13 23:47:48.794] [jointLog] [info] parsing read library format
[2024-03-13 23:47:48.794] [jointLog] [info] There is 1 library.
[2024-03-13 23:47:48.794] [jointLog] [info] Loading pufferfish index
[2024-03-13 23:47:48.794] [jointLog] [info] Loading dense pufferfish index.
[2024-03-13 23:48:20.220] [jointLog] [info] done
[2024-03-13 23:48:20.344] [jointLog] [info] Index contained 147,554 targets
[2024-03-13 23:48:20.396] [jointLog] [info] Number of decoys : 61
[2024-03-13 23:48:20.396] [jointLog] [info] First decoy index : 147,456 
[2024-03-13 23:48:21.633] [jointLog] [info] Automatically detected most likely library type as ISR

[2024-03-13 23:49:40.147] [jointLog] [info] Thread saw mini-batch with a maximum of 0.90% zero probability fragments
[2024-03-13 23:49:40.147] [jointLog] [info] Thread saw mini-batch with a maximum of 1.00% zero probability fragments
[2024-03-13 23:49:40.147] [jointLog] [info] Thread saw mini-batch with a maximum of 0.90% zero probability fragments
[2024-03-13 23:49:40.147] [jointLog] [info] Thread saw mini-batch with a maximum of 0.86% zero probability fragments
[2024-03-13 23:49:40.147] [jointLog] [info] Thread saw mini-batch with a maximum of 0.84% zero probability fragments
[2024-03-13 23:49:40.147] [jointLog] [info] Thread saw mini-batch with a maximum of 0.82% zero probability fragments
[2024-03-13 23:49:40.147] [jointLog] [info] Thread saw mini-batch with a maximum of 0.80% zero probability fragments
[2024-03-13 23:49:40.147] [jointLog] [info] Thread saw mini-batch with a maximum of 0.98% zero probability fragments
[2024-03-13 23:49:40.147] [jointLog] [info] Thread saw mini-batch with a maximum of 0.90% zero probability fragments
[2024-03-13 23:49:40.147] [jointLog] [info] Thread saw mini-batch with a maximum of 0.82% zero probability fragments
[2024-03-13 23:49:40.147] [jointLog] [info] Thread saw mini-batch with a maximum of 0.88% zero probability fragments
[2024-03-13 23:49:40.147] [jointLog] [info] Thread saw mini-batch with a maximum of 0.92% zero probability fragments
[2024-03-13 23:49:40.147] [jointLog] [info] Thread saw mini-batch with a maximum of 0.80% zero probability fragments
[2024-03-13 23:49:40.147] [jointLog] [info] Thread saw mini-batch with a maximum of 0.84% zero probability fragments
[2024-03-13 23:49:40.147] [jointLog] [info] Thread saw mini-batch with a maximum of 0.92% zero probability fragments
[2024-03-13 23:49:40.147] [jointLog] [info] Thread saw mini-batch with a maximum of 0.78% zero probability fragments
[2024-03-13 23:49:40.147] [jointLog] [info] Thread saw mini-batch with a maximum of 0.76% zero probability fragments
[2024-03-13 23:49:40.147] [jointLog] [info] Thread saw mini-batch with a maximum of 0.92% zero probability fragments
[2024-03-13 23:49:40.147] [jointLog] [info] Thread saw mini-batch with a maximum of 0.84% zero probability fragments
[2024-03-13 23:49:40.147] [jointLog] [info] Thread saw mini-batch with a maximum of 0.90% zero probability fragments
[2024-03-13 23:49:40.147] [jointLog] [info] Thread saw mini-batch with a maximum of 0.86% zero probability fragments
[2024-03-13 23:49:40.147] [jointLog] [info] Thread saw mini-batch with a maximum of 0.88% zero probability fragments
[2024-03-13 23:49:40.147] [jointLog] [info] Thread saw mini-batch with a maximum of 0.88% zero probability fragments
[2024-03-13 23:49:40.147] [jointLog] [info] Thread saw mini-batch with a maximum of 0.98% zero probability fragments
[2024-03-13 23:49:40.147] [jointLog] [info] Thread saw mini-batch with a maximum of 0.92% zero probability fragments
[2024-03-13 23:49:40.147] [jointLog] [info] Thread saw mini-batch with a maximum of 0.90% zero probability fragments
[2024-03-13 23:49:40.147] [jointLog] [info] Thread saw mini-batch with a maximum of 0.86% zero probability fragments
[2024-03-13 23:49:40.147] [jointLog] [info] Thread saw mini-batch with a maximum of 0.98% zero probability fragments
[2024-03-13 23:49:40.147] [jointLog] [info] Thread saw mini-batch with a maximum of 0.82% zero probability fragments
[2024-03-13 23:49:40.147] [jointLog] [info] Thread saw mini-batch with a maximum of 0.86% zero probability fragments
[2024-03-13 23:49:40.147] [jointLog] [info] Thread saw mini-batch with a maximum of 0.90% zero probability fragments
[2024-03-13 23:49:40.147] [jointLog] [info] Thread saw mini-batch with a maximum of 0.82% zero probability fragments
[2024-03-13 23:49:40.147] [jointLog] [info] Thread saw mini-batch with a maximum of 0.80% zero probability fragments
[2024-03-13 23:49:40.147] [jointLog] [info] Thread saw mini-batch with a maximum of 0.90% zero probability fragments
[2024-03-13 23:49:40.147] [jointLog] [info] Thread saw mini-batch with a maximum of 0.90% zero probability fragments
[2024-03-13 23:49:40.147] [jointLog] [info] Thread saw mini-batch with a maximum of 0.84% zero probability fragments
[2024-03-13 23:49:40.147] [jointLog] [info] Thread saw mini-batch with a maximum of 0.88% zero probability fragments
[2024-03-13 23:49:40.147] [jointLog] [info] Thread saw mini-batch with a maximum of 0.98% zero probability fragments
[2024-03-13 23:49:40.147] [jointLog] [info] Thread saw mini-batch with a maximum of 1.04% zero probability fragments
[2024-03-13 23:49:40.147] [jointLog] [info] Thread saw mini-batch with a maximum of 0.94% zero probability fragments
[2024-03-13 23:49:40.147] [jointLog] [info] Thread saw mini-batch with a maximum of 0.94% zero probability fragments
[2024-03-13 23:49:40.147] [jointLog] [info] Thread saw mini-batch with a maximum of 0.88% zero probability fragments
[2024-03-13 23:49:40.147] [jointLog] [info] Thread saw mini-batch with a maximum of 0.98% zero probability fragments
[2024-03-13 23:49:40.147] [jointLog] [info] Thread saw mini-batch with a maximum of 0.94% zero probability fragments
[2024-03-13 23:49:40.147] [jointLog] [info] Thread saw mini-batch with a maximum of 0.88% zero probability fragments
[2024-03-13 23:49:40.147] [jointLog] [info] Thread saw mini-batch with a maximum of 0.96% zero probability fragments
[2024-03-13 23:49:40.147] [jointLog] [info] Thread saw mini-batch with a maximum of 0.92% zero probability fragments
[2024-03-13 23:49:40.147] [jointLog] [info] Thread saw mini-batch with a maximum of 0.86% zero probability fragments
[2024-03-13 23:49:40.147] [jointLog] [info] Thread saw mini-batch with a maximum of 0.86% zero probability fragments
[2024-03-13 23:49:40.147] [jointLog] [info] Thread saw mini-batch with a maximum of 0.90% zero probability fragments
[2024-03-13 23:49:40.147] [jointLog] [info] Thread saw mini-batch with a maximum of 0.92% zero probability fragments
[2024-03-13 23:49:40.147] [jointLog] [info] Thread saw mini-batch with a maximum of 0.90% zero probability fragments
[2024-03-13 23:49:40.147] [jointLog] [info] Thread saw mini-batch with a maximum of 0.90% zero probability fragments
[2024-03-13 23:49:40.147] [jointLog] [info] Thread saw mini-batch with a maximum of 0.82% zero probability fragments
[2024-03-13 23:49:40.147] [jointLog] [info] Thread saw mini-batch with a maximum of 0.92% zero probability fragments
[2024-03-13 23:49:40.147] [jointLog] [info] Thread saw mini-batch with a maximum of 0.96% zero probability fragments
[2024-03-13 23:49:40.147] [jointLog] [info] Thread saw mini-batch with a maximum of 1.00% zero probability fragments
[2024-03-13 23:49:40.147] [jointLog] [info] Thread saw mini-batch with a maximum of 0.86% zero probability fragments
[2024-03-13 23:49:40.147] [jointLog] [info] Thread saw mini-batch with a maximum of 0.80% zero probability fragments
[2024-03-13 23:49:40.148] [jointLog] [info] Thread saw mini-batch with a maximum of 0.86% zero probability fragments
[2024-03-13 23:49:40.148] [jointLog] [info] Thread saw mini-batch with a maximum of 1.20% zero probability fragments
[2024-03-13 23:49:40.148] [jointLog] [info] Thread saw mini-batch with a maximum of 0.94% zero probability fragments
[2024-03-13 23:49:40.148] [jointLog] [info] Thread saw mini-batch with a maximum of 0.80% zero probability fragments
[2024-03-13 23:49:40.148] [jointLog] [info] Thread saw mini-batch with a maximum of 0.84% zero probability fragments
[2024-03-13 23:49:40.148] [jointLog] [info] Thread saw mini-batch with a maximum of 1.24% zero probability fragments
[2024-03-13 23:49:40.148] [jointLog] [info] Thread saw mini-batch with a maximum of 1.00% zero probability fragments
[2024-03-13 23:49:40.148] [jointLog] [info] Thread saw mini-batch with a maximum of 0.98% zero probability fragments
[2024-03-13 23:49:40.148] [jointLog] [info] Thread saw mini-batch with a maximum of 0.78% zero probability fragments
[2024-03-13 23:49:40.148] [jointLog] [info] Thread saw mini-batch with a maximum of 0.90% zero probability fragments
[2024-03-13 23:49:40.148] [jointLog] [info] Thread saw mini-batch with a maximum of 0.88% zero probability fragments
[2024-03-13 23:49:40.148] [jointLog] [info] Thread saw mini-batch with a maximum of 1.04% zero probability fragments
[2024-03-13 23:49:40.148] [jointLog] [info] Thread saw mini-batch with a maximum of 0.88% zero probability fragments
[2024-03-13 23:49:40.148] [jointLog] [info] Thread saw mini-batch with a maximum of 0.92% zero probability fragments
[2024-03-13 23:49:40.148] [jointLog] [info] Thread saw mini-batch with a maximum of 0.98% zero probability fragments
[2024-03-13 23:49:40.148] [jointLog] [info] Thread saw mini-batch with a maximum of 0.88% zero probability fragments
[2024-03-13 23:49:40.148] [jointLog] [info] Thread saw mini-batch with a maximum of 0.90% zero probability fragments
[2024-03-13 23:49:40.148] [jointLog] [info] Thread saw mini-batch with a maximum of 0.90% zero probability fragments
[2024-03-13 23:49:40.148] [jointLog] [info] Thread saw mini-batch with a maximum of 0.98% zero probability fragments
[2024-03-13 23:49:40.148] [jointLog] [info] Thread saw mini-batch with a maximum of 0.82% zero probability fragments
[2024-03-13 23:49:40.148] [jointLog] [info] Thread saw mini-batch with a maximum of 0.98% zero probability fragments
[2024-03-13 23:49:40.148] [jointLog] [info] Thread saw mini-batch with a maximum of 0.84% zero probability fragments
[2024-03-13 23:49:40.148] [jointLog] [info] Thread saw mini-batch with a maximum of 0.88% zero probability fragments
[2024-03-13 23:49:40.148] [jointLog] [info] Thread saw mini-batch with a maximum of 0.92% zero probability fragments
[2024-03-13 23:49:40.148] [jointLog] [info] Thread saw mini-batch with a maximum of 1.00% zero probability fragments
[2024-03-13 23:49:40.148] [jointLog] [info] Thread saw mini-batch with a maximum of 0.96% zero probability fragments
[2024-03-13 23:49:40.149] [jointLog] [info] Thread saw mini-batch with a maximum of 0.88% zero probability fragments
[2024-03-13 23:49:40.149] [jointLog] [info] Thread saw mini-batch with a maximum of 0.84% zero probability fragments
[2024-03-13 23:49:40.149] [jointLog] [info] Thread saw mini-batch with a maximum of 0.90% zero probability fragments
[2024-03-13 23:49:40.149] [jointLog] [info] Thread saw mini-batch with a maximum of 0.76% zero probability fragments
[2024-03-13 23:49:40.149] [jointLog] [info] Thread saw mini-batch with a maximum of 1.00% zero probability fragments
[2024-03-13 23:49:40.149] [jointLog] [info] Thread saw mini-batch with a maximum of 0.94% zero probability fragments
[2024-03-13 23:49:40.149] [jointLog] [info] Thread saw mini-batch with a maximum of 1.00% zero probability fragments
[2024-03-13 23:49:40.149] [jointLog] [info] Thread saw mini-batch with a maximum of 0.86% zero probability fragments
[2024-03-13 23:49:40.149] [jointLog] [info] Thread saw mini-batch with a maximum of 0.96% zero probability fragments
[2024-03-13 23:49:40.149] [jointLog] [info] Thread saw mini-batch with a maximum of 0.86% zero probability fragments
[2024-03-13 23:49:40.149] [jointLog] [info] Thread saw mini-batch with a maximum of 0.88% zero probability fragments
[2024-03-13 23:49:40.149] [jointLog] [info] Thread saw mini-batch with a maximum of 0.92% zero probability fragments
[2024-03-13 23:49:40.149] [jointLog] [info] Thread saw mini-batch with a maximum of 0.82% zero probability fragments
[2024-03-13 23:49:40.149] [jointLog] [info] Thread saw mini-batch with a maximum of 0.86% zero probability fragments
[2024-03-13 23:49:40.149] [jointLog] [info] Thread saw mini-batch with a maximum of 0.92% zero probability fragments
[2024-03-13 23:49:40.149] [jointLog] [info] Thread saw mini-batch with a maximum of 0.90% zero probability fragments
[2024-03-13 23:49:40.149] [jointLog] [info] Thread saw mini-batch with a maximum of 0.92% zero probability fragments
[2024-03-13 23:49:40.149] [jointLog] [info] Thread saw mini-batch with a maximum of 0.90% zero probability fragments
[2024-03-13 23:49:40.149] [jointLog] [info] Thread saw mini-batch with a maximum of 0.98% zero probability fragments
[2024-03-13 23:49:40.149] [jointLog] [info] Thread saw mini-batch with a maximum of 0.92% zero probability fragments
[2024-03-13 23:49:40.149] [jointLog] [info] Thread saw mini-batch with a maximum of 0.90% zero probability fragments
[2024-03-13 23:49:40.149] [jointLog] [info] Thread saw mini-batch with a maximum of 0.90% zero probability fragments
[2024-03-13 23:49:40.149] [jointLog] [info] Thread saw mini-batch with a maximum of 0.80% zero probability fragments
[2024-03-13 23:49:40.149] [jointLog] [info] Thread saw mini-batch with a maximum of 1.02% zero probability fragments
[2024-03-13 23:49:40.149] [jointLog] [info] Thread saw mini-batch with a maximum of 0.84% zero probability fragments
[2024-03-13 23:49:40.149] [jointLog] [info] Thread saw mini-batch with a maximum of 0.84% zero probability fragments
[2024-03-13 23:49:40.149] [jointLog] [info] Thread saw mini-batch with a maximum of 0.80% zero probability fragments
[2024-03-13 23:49:40.149] [jointLog] [info] Thread saw mini-batch with a maximum of 0.92% zero probability fragments
[2024-03-13 23:49:40.149] [jointLog] [info] Thread saw mini-batch with a maximum of 0.86% zero probability fragments
[2024-03-13 23:49:40.149] [jointLog] [info] Thread saw mini-batch with a maximum of 0.90% zero probability fragments
[2024-03-13 23:49:40.149] [jointLog] [info] Thread saw mini-batch with a maximum of 0.84% zero probability fragments
[2024-03-13 23:49:40.149] [jointLog] [info] Thread saw mini-batch with a maximum of 0.84% zero probability fragments
[2024-03-13 23:49:40.149] [jointLog] [info] Thread saw mini-batch with a maximum of 0.84% zero probability fragments
[2024-03-13 23:49:40.149] [jointLog] [info] Thread saw mini-batch with a maximum of 0.86% zero probability fragments
[2024-03-13 23:49:40.149] [jointLog] [info] Thread saw mini-batch with a maximum of 0.86% zero probability fragments
[2024-03-13 23:49:40.149] [jointLog] [info] Thread saw mini-batch with a maximum of 0.82% zero probability fragments
[2024-03-13 23:49:40.149] [jointLog] [info] Thread saw mini-batch with a maximum of 0.96% zero probability fragments
[2024-03-13 23:49:40.149] [jointLog] [info] Thread saw mini-batch with a maximum of 0.86% zero probability fragments
[2024-03-13 23:49:40.149] [jointLog] [info] Thread saw mini-batch with a maximum of 0.82% zero probability fragments
[2024-03-13 23:49:40.149] [jointLog] [info] Thread saw mini-batch with a maximum of 0.98% zero probability fragments
[2024-03-13 23:49:40.149] [jointLog] [info] Thread saw mini-batch with a maximum of 1.00% zero probability fragments
[2024-03-13 23:49:40.149] [jointLog] [info] Thread saw mini-batch with a maximum of 0.84% zero probability fragments
[2024-03-13 23:49:40.149] [jointLog] [info] Thread saw mini-batch with a maximum of 0.86% zero probability fragments
[2024-03-13 23:49:40.149] [jointLog] [info] Thread saw mini-batch with a maximum of 0.96% zero probability fragments
[2024-03-13 23:49:40.149] [jointLog] [info] Thread saw mini-batch with a maximum of 0.82% zero probability fragments
[2024-03-13 23:49:40.149] [jointLog] [info] Thread saw mini-batch with a maximum of 0.80% zero probability fragments
[2024-03-13 23:49:40.149] [jointLog] [info] Thread saw mini-batch with a maximum of 0.86% zero probability fragments
[2024-03-13 23:49:40.149] [jointLog] [info] Thread saw mini-batch with a maximum of 0.92% zero probability fragments
[2024-03-13 23:49:40.149] [jointLog] [info] Thread saw mini-batch with a maximum of 0.76% zero probability fragments
[2024-03-13 23:49:40.149] [jointLog] [info] Thread saw mini-batch with a maximum of 0.96% zero probability fragments
[2024-03-13 23:49:40.149] [jointLog] [info] Thread saw mini-batch with a maximum of 0.92% zero probability fragments
[2024-03-13 23:49:40.149] [jointLog] [info] Thread saw mini-batch with a maximum of 0.86% zero probability fragments
[2024-03-13 23:49:40.149] [jointLog] [info] Thread saw mini-batch with a maximum of 0.90% zero probability fragments
[2024-03-13 23:49:40.149] [jointLog] [info] Thread saw mini-batch with a maximum of 0.92% zero probability fragments
[2024-03-13 23:49:40.149] [jointLog] [info] Thread saw mini-batch with a maximum of 0.96% zero probability fragments
[2024-03-13 23:49:40.149] [jointLog] [info] Thread saw mini-batch with a maximum of 0.82% zero probability fragments
[2024-03-13 23:49:40.149] [jointLog] [info] Thread saw mini-batch with a maximum of 0.92% zero probability fragments
[2024-03-13 23:49:40.150] [jointLog] [info] Thread saw mini-batch with a maximum of 0.86% zero probability fragments
[2024-03-13 23:49:40.150] [jointLog] [info] Thread saw mini-batch with a maximum of 0.92% zero probability fragments
[2024-03-13 23:49:40.150] [jointLog] [info] Thread saw mini-batch with a maximum of 0.96% zero probability fragments
[2024-03-13 23:49:40.150] [jointLog] [info] Thread saw mini-batch with a maximum of 0.90% zero probability fragments
[2024-03-13 23:49:40.158] [jointLog] [info] Thread saw mini-batch with a maximum of 0.84% zero probability fragments
[2024-03-13 23:49:40.158] [jointLog] [info] Thread saw mini-batch with a maximum of 0.84% zero probability fragments
[2024-03-13 23:49:40.158] [jointLog] [info] Thread saw mini-batch with a maximum of 0.92% zero probability fragments
[2024-03-13 23:49:40.159] [jointLog] [info] Thread saw mini-batch with a maximum of 1.02% zero probability fragments
[2024-03-13 23:49:40.161] [jointLog] [info] Thread saw mini-batch with a maximum of 0.82% zero probability fragments
[2024-03-13 23:49:40.161] [jointLog] [info] Thread saw mini-batch with a maximum of 0.96% zero probability fragments
[2024-03-13 23:49:40.161] [jointLog] [info] Thread saw mini-batch with a maximum of 0.90% zero probability fragments
[2024-03-13 23:49:40.161] [jointLog] [info] Thread saw mini-batch with a maximum of 0.90% zero probability fragments
[2024-03-13 23:49:40.161] [jointLog] [info] Thread saw mini-batch with a maximum of 0.94% zero probability fragments
[2024-03-13 23:49:40.161] [jointLog] [info] Thread saw mini-batch with a maximum of 0.96% zero probability fragments
[2024-03-13 23:49:40.161] [jointLog] [info] Thread saw mini-batch with a maximum of 0.96% zero probability fragments
[2024-03-13 23:49:40.161] [jointLog] [info] Thread saw mini-batch with a maximum of 0.96% zero probability fragments
[2024-03-13 23:49:40.161] [jointLog] [info] Thread saw mini-batch with a maximum of 0.92% zero probability fragments
[2024-03-13 23:49:40.161] [jointLog] [info] Thread saw mini-batch with a maximum of 0.86% zero probability fragments
[2024-03-13 23:49:40.161] [jointLog] [info] Thread saw mini-batch with a maximum of 0.92% zero probability fragments
[2024-03-13 23:49:40.162] [jointLog] [info] Thread saw mini-batch with a maximum of 0.80% zero probability fragments
[2024-03-13 23:49:40.165] [jointLog] [info] Thread saw mini-batch with a maximum of 0.92% zero probability fragments
[2024-03-13 23:49:40.200] [jointLog] [info] Thread saw mini-batch with a maximum of 0.94% zero probability fragments
[2024-03-13 23:49:40.202] [jointLog] [info] Thread saw mini-batch with a maximum of 0.98% zero probability fragments
[2024-03-13 23:49:40.206] [jointLog] [info] Thread saw mini-batch with a maximum of 0.88% zero probability fragments
[2024-03-13 23:49:40.224] [jointLog] [info] Thread saw mini-batch with a maximum of 0.88% zero probability fragments
[2024-03-13 23:49:40.227] [jointLog] [info] Thread saw mini-batch with a maximum of 0.82% zero probability fragments
[2024-03-13 23:49:40.227] [jointLog] [info] Thread saw mini-batch with a maximum of 0.98% zero probability fragments
[2024-03-13 23:49:40.250] [jointLog] [info] Thread saw mini-batch with a maximum of 0.90% zero probability fragments
[2024-03-13 23:49:40.267] [jointLog] [info] Thread saw mini-batch with a maximum of 0.90% zero probability fragments
[2024-03-13 23:49:40.268] [jointLog] [info] Thread saw mini-batch with a maximum of 0.82% zero probability fragments
[2024-03-13 23:49:40.274] [jointLog] [info] Thread saw mini-batch with a maximum of 0.86% zero probability fragments
[2024-03-13 23:49:40.294] [jointLog] [info] Thread saw mini-batch with a maximum of 0.92% zero probability fragments
[2024-03-13 23:49:40.310] [jointLog] [info] Thread saw mini-batch with a maximum of 0.94% zero probability fragments
[2024-03-13 23:49:40.314] [jointLog] [info] Thread saw mini-batch with a maximum of 0.94% zero probability fragments
[2024-03-13 23:49:40.321] [jointLog] [info] Thread saw mini-batch with a maximum of 0.96% zero probability fragments
[2024-03-13 23:49:40.335] [jointLog] [info] Thread saw mini-batch with a maximum of 0.92% zero probability fragments
[2024-03-13 23:49:40.343] [jointLog] [info] Thread saw mini-batch with a maximum of 1.08% zero probability fragments
[2024-03-13 23:49:40.351] [jointLog] [info] Thread saw mini-batch with a maximum of 0.92% zero probability fragments
[2024-03-13 23:49:42.224] [fileLog] [info] 
At end of round 0
==================
Observed 31000595 total fragments (31000595 in most recent round)

[2024-03-13 23:49:42.224] [jointLog] [info] Computed 1,953,608 rich equivalence classes for further processing
[2024-03-13 23:49:42.224] [jointLog] [info] Counted 27,124,909 total reads in the equivalence classes 
[2024-03-13 23:49:42.522] [jointLog] [warning] 6.45149e-06% of fragments were shorter than the k used to build the index.
If this fraction is too large, consider re-building the index with a smaller k.
The minimum read size found was 20.


[2024-03-13 23:49:42.522] [jointLog] [info] Number of mappings discarded because of alignment score : 5,597,193
[2024-03-13 23:49:42.522] [jointLog] [info] Number of fragments entirely discarded because of alignment score : 1,428,333
[2024-03-13 23:49:42.522] [jointLog] [info] Number of fragments discarded because they are best-mapped to decoys : 1,199,825
[2024-03-13 23:49:42.522] [jointLog] [info] Number of fragments discarded because they have only dovetail (discordant) mappings to valid targets : 64,171
[2024-03-13 23:49:42.522] [jointLog] [info] Mapping rate = 87.498%

[2024-03-13 23:49:42.522] [jointLog] [info] finished quantifyLibrary()
[2024-03-13 23:49:42.522] [jointLog] [info] Starting optimizer
[2024-03-13 23:49:42.811] [jointLog] [info] Marked 0 weighted equivalence classes as degenerate
[2024-03-13 23:49:42.836] [jointLog] [info] iteration = 0 | max rel diff. = 8352.01
[2024-03-13 23:49:44.400] [jointLog] [info] iteration = 100 | max rel diff. = 16.3807
[2024-03-13 23:49:45.976] [jointLog] [info] iteration = 200 | max rel diff. = 4.0718
[2024-03-13 23:49:47.548] [jointLog] [info] iteration = 300 | max rel diff. = 1.26831
[2024-03-13 23:49:49.112] [jointLog] [info] iteration = 400 | max rel diff. = 0.248196
[2024-03-13 23:49:50.636] [jointLog] [info] iteration = 500 | max rel diff. = 0.304169
[2024-03-13 23:49:52.171] [jointLog] [info] iteration = 600 | max rel diff. = 12.1033
[2024-03-13 23:49:53.695] [jointLog] [info] iteration = 700 | max rel diff. = 0.321268
[2024-03-13 23:49:55.229] [jointLog] [info] iteration = 800 | max rel diff. = 16.2458
[2024-03-13 23:49:56.776] [jointLog] [info] iteration = 900 | max rel diff. = 3.53045
[2024-03-13 23:49:58.331] [jointLog] [info] iteration = 1,000 | max rel diff. = 0.0402788
[2024-03-13 23:49:59.873] [jointLog] [info] iteration = 1,100 | max rel diff. = 0.110325
[2024-03-13 23:50:01.424] [jointLog] [info] iteration = 1,200 | max rel diff. = 0.0982019
[2024-03-13 23:50:02.950] [jointLog] [info] iteration = 1,300 | max rel diff. = 0.0636587
[2024-03-13 23:50:04.492] [jointLog] [info] iteration = 1,400 | max rel diff. = 0.101513
[2024-03-13 23:50:05.913] [jointLog] [info] iteration = 1,494 | max rel diff. = 0.0060356
[2024-03-13 23:50:05.936] [jointLog] [info] Finished optimizer
[2024-03-13 23:50:05.936] [jointLog] [info] writing output 

