[2024-03-14 00:11:32.831] [jointLog] [info] setting maxHashResizeThreads to 180
[2024-03-14 00:11:32.831] [jointLog] [info] Fragment incompatibility prior below threshold.  Incompatible fragments will be ignored.
[2024-03-14 00:11:32.831] [jointLog] [info] Usage of --validateMappings implies use of minScoreFraction. Since not explicitly specified, it is being set to 0.65
[2024-03-14 00:11:32.831] [jointLog] [info] Setting consensusSlack to selective-alignment default of 0.35.
[2024-03-14 00:11:32.831] [jointLog] [info] parsing read library format
[2024-03-14 00:11:32.831] [jointLog] [info] There is 1 library.
[2024-03-14 00:11:32.831] [jointLog] [info] Loading pufferfish index
[2024-03-14 00:11:32.831] [jointLog] [info] Loading dense pufferfish index.
[2024-03-14 00:12:04.525] [jointLog] [info] done
[2024-03-14 00:12:04.616] [jointLog] [info] Index contained 147,554 targets
[2024-03-14 00:12:04.657] [jointLog] [info] Number of decoys : 61
[2024-03-14 00:12:04.657] [jointLog] [info] First decoy index : 147,456 
[2024-03-14 00:12:05.649] [jointLog] [info] Automatically detected most likely library type as ISR

[2024-03-14 00:13:38.683] [jointLog] [info] Thread saw mini-batch with a maximum of 1.00% zero probability fragments
[2024-03-14 00:13:38.683] [jointLog] [info] Thread saw mini-batch with a maximum of 0.86% zero probability fragments
[2024-03-14 00:13:38.683] [jointLog] [info] Thread saw mini-batch with a maximum of 1.00% zero probability fragments
[2024-03-14 00:13:38.683] [jointLog] [info] Thread saw mini-batch with a maximum of 1.00% zero probability fragments
[2024-03-14 00:13:38.683] [jointLog] [info] Thread saw mini-batch with a maximum of 0.92% zero probability fragments
[2024-03-14 00:13:38.683] [jointLog] [info] Thread saw mini-batch with a maximum of 0.94% zero probability fragments
[2024-03-14 00:13:38.683] [jointLog] [info] Thread saw mini-batch with a maximum of 1.20% zero probability fragments
[2024-03-14 00:13:38.683] [jointLog] [info] Thread saw mini-batch with a maximum of 0.96% zero probability fragments
[2024-03-14 00:13:38.683] [jointLog] [info] Thread saw mini-batch with a maximum of 0.86% zero probability fragments
[2024-03-14 00:13:38.683] [jointLog] [info] Thread saw mini-batch with a maximum of 1.04% zero probability fragments
[2024-03-14 00:13:38.683] [jointLog] [info] Thread saw mini-batch with a maximum of 0.92% zero probability fragments
[2024-03-14 00:13:38.683] [jointLog] [info] Thread saw mini-batch with a maximum of 1.00% zero probability fragments
[2024-03-14 00:13:38.683] [jointLog] [info] Thread saw mini-batch with a maximum of 0.94% zero probability fragments
[2024-03-14 00:13:38.683] [jointLog] [info] Thread saw mini-batch with a maximum of 0.90% zero probability fragments
[2024-03-14 00:13:38.683] [jointLog] [info] Thread saw mini-batch with a maximum of 0.88% zero probability fragments
[2024-03-14 00:13:38.683] [jointLog] [info] Thread saw mini-batch with a maximum of 0.86% zero probability fragments
[2024-03-14 00:13:38.683] [jointLog] [info] Thread saw mini-batch with a maximum of 1.00% zero probability fragments
[2024-03-14 00:13:38.683] [jointLog] [info] Thread saw mini-batch with a maximum of 0.98% zero probability fragments
[2024-03-14 00:13:38.683] [jointLog] [info] Thread saw mini-batch with a maximum of 0.98% zero probability fragments
[2024-03-14 00:13:38.683] [jointLog] [info] Thread saw mini-batch with a maximum of 0.94% zero probability fragments
[2024-03-14 00:13:38.683] [jointLog] [info] Thread saw mini-batch with a maximum of 0.90% zero probability fragments
[2024-03-14 00:13:38.683] [jointLog] [info] Thread saw mini-batch with a maximum of 1.00% zero probability fragments
[2024-03-14 00:13:38.683] [jointLog] [info] Thread saw mini-batch with a maximum of 1.00% zero probability fragments
[2024-03-14 00:13:38.683] [jointLog] [info] Thread saw mini-batch with a maximum of 1.08% zero probability fragments
[2024-03-14 00:13:38.683] [jointLog] [info] Thread saw mini-batch with a maximum of 0.92% zero probability fragments
[2024-03-14 00:13:38.683] [jointLog] [info] Thread saw mini-batch with a maximum of 1.00% zero probability fragments
[2024-03-14 00:13:38.683] [jointLog] [info] Thread saw mini-batch with a maximum of 0.96% zero probability fragments
[2024-03-14 00:13:38.683] [jointLog] [info] Thread saw mini-batch with a maximum of 0.92% zero probability fragments
[2024-03-14 00:13:38.683] [jointLog] [info] Thread saw mini-batch with a maximum of 0.98% zero probability fragments
[2024-03-14 00:13:38.683] [jointLog] [info] Thread saw mini-batch with a maximum of 0.92% zero probability fragments
[2024-03-14 00:13:38.683] [jointLog] [info] Thread saw mini-batch with a maximum of 1.00% zero probability fragments
[2024-03-14 00:13:38.683] [jointLog] [info] Thread saw mini-batch with a maximum of 1.04% zero probability fragments
[2024-03-14 00:13:38.683] [jointLog] [info] Thread saw mini-batch with a maximum of 1.02% zero probability fragments
[2024-03-14 00:13:38.683] [jointLog] [info] Thread saw mini-batch with a maximum of 0.94% zero probability fragments
[2024-03-14 00:13:38.683] [jointLog] [info] Thread saw mini-batch with a maximum of 0.86% zero probability fragments
[2024-03-14 00:13:38.683] [jointLog] [info] Thread saw mini-batch with a maximum of 1.22% zero probability fragments
[2024-03-14 00:13:38.683] [jointLog] [info] Thread saw mini-batch with a maximum of 0.98% zero probability fragments
[2024-03-14 00:13:38.683] [jointLog] [info] Thread saw mini-batch with a maximum of 0.88% zero probability fragments
[2024-03-14 00:13:38.683] [jointLog] [info] Thread saw mini-batch with a maximum of 0.92% zero probability fragments
[2024-03-14 00:13:38.683] [jointLog] [info] Thread saw mini-batch with a maximum of 1.02% zero probability fragments
[2024-03-14 00:13:38.683] [jointLog] [info] Thread saw mini-batch with a maximum of 0.94% zero probability fragments
[2024-03-14 00:13:38.683] [jointLog] [info] Thread saw mini-batch with a maximum of 1.02% zero probability fragments
[2024-03-14 00:13:38.683] [jointLog] [info] Thread saw mini-batch with a maximum of 0.90% zero probability fragments
[2024-03-14 00:13:38.683] [jointLog] [info] Thread saw mini-batch with a maximum of 0.96% zero probability fragments
[2024-03-14 00:13:38.683] [jointLog] [info] Thread saw mini-batch with a maximum of 0.94% zero probability fragments
[2024-03-14 00:13:38.683] [jointLog] [info] Thread saw mini-batch with a maximum of 0.86% zero probability fragments
[2024-03-14 00:13:38.683] [jointLog] [info] Thread saw mini-batch with a maximum of 0.92% zero probability fragments
[2024-03-14 00:13:38.683] [jointLog] [info] Thread saw mini-batch with a maximum of 1.02% zero probability fragments
[2024-03-14 00:13:38.683] [jointLog] [info] Thread saw mini-batch with a maximum of 0.94% zero probability fragments
[2024-03-14 00:13:38.683] [jointLog] [info] Thread saw mini-batch with a maximum of 0.94% zero probability fragments
[2024-03-14 00:13:38.683] [jointLog] [info] Thread saw mini-batch with a maximum of 0.90% zero probability fragments
[2024-03-14 00:13:38.683] [jointLog] [info] Thread saw mini-batch with a maximum of 0.88% zero probability fragments
[2024-03-14 00:13:38.683] [jointLog] [info] Thread saw mini-batch with a maximum of 1.10% zero probability fragments
[2024-03-14 00:13:38.683] [jointLog] [info] Thread saw mini-batch with a maximum of 0.86% zero probability fragments
[2024-03-14 00:13:38.683] [jointLog] [info] Thread saw mini-batch with a maximum of 0.96% zero probability fragments
[2024-03-14 00:13:38.683] [jointLog] [info] Thread saw mini-batch with a maximum of 0.98% zero probability fragments
[2024-03-14 00:13:38.683] [jointLog] [info] Thread saw mini-batch with a maximum of 1.02% zero probability fragments
[2024-03-14 00:13:38.683] [jointLog] [info] Thread saw mini-batch with a maximum of 0.86% zero probability fragments
[2024-03-14 00:13:38.683] [jointLog] [info] Thread saw mini-batch with a maximum of 0.96% zero probability fragments
[2024-03-14 00:13:38.683] [jointLog] [info] Thread saw mini-batch with a maximum of 1.02% zero probability fragments
[2024-03-14 00:13:38.683] [jointLog] [info] Thread saw mini-batch with a maximum of 1.02% zero probability fragments
[2024-03-14 00:13:38.683] [jointLog] [info] Thread saw mini-batch with a maximum of 0.90% zero probability fragments
[2024-03-14 00:13:38.683] [jointLog] [info] Thread saw mini-batch with a maximum of 1.12% zero probability fragments
[2024-03-14 00:13:38.683] [jointLog] [info] Thread saw mini-batch with a maximum of 0.84% zero probability fragments
[2024-03-14 00:13:38.683] [jointLog] [info] Thread saw mini-batch with a maximum of 0.94% zero probability fragments
[2024-03-14 00:13:38.683] [jointLog] [info] Thread saw mini-batch with a maximum of 0.90% zero probability fragments
[2024-03-14 00:13:38.683] [jointLog] [info] Thread saw mini-batch with a maximum of 0.98% zero probability fragments
[2024-03-14 00:13:38.683] [jointLog] [info] Thread saw mini-batch with a maximum of 0.92% zero probability fragments
[2024-03-14 00:13:38.683] [jointLog] [info] Thread saw mini-batch with a maximum of 0.86% zero probability fragments
[2024-03-14 00:13:38.683] [jointLog] [info] Thread saw mini-batch with a maximum of 0.96% zero probability fragments
[2024-03-14 00:13:38.683] [jointLog] [info] Thread saw mini-batch with a maximum of 0.92% zero probability fragments
[2024-03-14 00:13:38.683] [jointLog] [info] Thread saw mini-batch with a maximum of 0.94% zero probability fragments
[2024-03-14 00:13:38.683] [jointLog] [info] Thread saw mini-batch with a maximum of 0.92% zero probability fragments
[2024-03-14 00:13:38.683] [jointLog] [info] Thread saw mini-batch with a maximum of 0.94% zero probability fragments
[2024-03-14 00:13:38.683] [jointLog] [info] Thread saw mini-batch with a maximum of 0.90% zero probability fragments
[2024-03-14 00:13:38.683] [jointLog] [info] Thread saw mini-batch with a maximum of 0.88% zero probability fragments
[2024-03-14 00:13:38.683] [jointLog] [info] Thread saw mini-batch with a maximum of 0.94% zero probability fragments
[2024-03-14 00:13:38.683] [jointLog] [info] Thread saw mini-batch with a maximum of 0.94% zero probability fragments
[2024-03-14 00:13:38.683] [jointLog] [info] Thread saw mini-batch with a maximum of 0.98% zero probability fragments
[2024-03-14 00:13:38.683] [jointLog] [info] Thread saw mini-batch with a maximum of 0.92% zero probability fragments
[2024-03-14 00:13:38.683] [jointLog] [info] Thread saw mini-batch with a maximum of 0.90% zero probability fragments
[2024-03-14 00:13:38.683] [jointLog] [info] Thread saw mini-batch with a maximum of 0.82% zero probability fragments
[2024-03-14 00:13:38.683] [jointLog] [info] Thread saw mini-batch with a maximum of 0.88% zero probability fragments
[2024-03-14 00:13:38.683] [jointLog] [info] Thread saw mini-batch with a maximum of 0.84% zero probability fragments
[2024-03-14 00:13:38.683] [jointLog] [info] Thread saw mini-batch with a maximum of 0.98% zero probability fragments
[2024-03-14 00:13:38.683] [jointLog] [info] Thread saw mini-batch with a maximum of 0.92% zero probability fragments
[2024-03-14 00:13:38.683] [jointLog] [info] Thread saw mini-batch with a maximum of 1.04% zero probability fragments
[2024-03-14 00:13:38.683] [jointLog] [info] Thread saw mini-batch with a maximum of 0.98% zero probability fragments
[2024-03-14 00:13:38.689] [jointLog] [info] Thread saw mini-batch with a maximum of 0.86% zero probability fragments
[2024-03-14 00:13:38.693] [jointLog] [info] Thread saw mini-batch with a maximum of 0.84% zero probability fragments
[2024-03-14 00:13:38.693] [jointLog] [info] Thread saw mini-batch with a maximum of 0.96% zero probability fragments
[2024-03-14 00:13:38.693] [jointLog] [info] Thread saw mini-batch with a maximum of 0.96% zero probability fragments
[2024-03-14 00:13:38.693] [jointLog] [info] Thread saw mini-batch with a maximum of 0.98% zero probability fragments
[2024-03-14 00:13:38.693] [jointLog] [info] Thread saw mini-batch with a maximum of 0.94% zero probability fragments
[2024-03-14 00:13:38.693] [jointLog] [info] Thread saw mini-batch with a maximum of 0.92% zero probability fragments
[2024-03-14 00:13:38.693] [jointLog] [info] Thread saw mini-batch with a maximum of 0.98% zero probability fragments
[2024-03-14 00:13:38.693] [jointLog] [info] Thread saw mini-batch with a maximum of 0.98% zero probability fragments
[2024-03-14 00:13:38.693] [jointLog] [info] Thread saw mini-batch with a maximum of 0.96% zero probability fragments
[2024-03-14 00:13:38.693] [jointLog] [info] Thread saw mini-batch with a maximum of 0.90% zero probability fragments
[2024-03-14 00:13:38.693] [jointLog] [info] Thread saw mini-batch with a maximum of 0.92% zero probability fragments
[2024-03-14 00:13:38.693] [jointLog] [info] Thread saw mini-batch with a maximum of 1.00% zero probability fragments
[2024-03-14 00:13:38.693] [jointLog] [info] Thread saw mini-batch with a maximum of 0.86% zero probability fragments
[2024-03-14 00:13:38.693] [jointLog] [info] Thread saw mini-batch with a maximum of 0.86% zero probability fragments
[2024-03-14 00:13:38.693] [jointLog] [info] Thread saw mini-batch with a maximum of 0.90% zero probability fragments
[2024-03-14 00:13:38.693] [jointLog] [info] Thread saw mini-batch with a maximum of 0.90% zero probability fragments
[2024-03-14 00:13:38.693] [jointLog] [info] Thread saw mini-batch with a maximum of 0.90% zero probability fragments
[2024-03-14 00:13:38.694] [jointLog] [info] Thread saw mini-batch with a maximum of 0.96% zero probability fragments
[2024-03-14 00:13:38.694] [jointLog] [info] Thread saw mini-batch with a maximum of 0.88% zero probability fragments
[2024-03-14 00:13:38.697] [jointLog] [info] Thread saw mini-batch with a maximum of 1.02% zero probability fragments
[2024-03-14 00:13:38.697] [jointLog] [info] Thread saw mini-batch with a maximum of 0.94% zero probability fragments
[2024-03-14 00:13:38.697] [jointLog] [info] Thread saw mini-batch with a maximum of 0.90% zero probability fragments
[2024-03-14 00:13:38.697] [jointLog] [info] Thread saw mini-batch with a maximum of 1.04% zero probability fragments
[2024-03-14 00:13:38.697] [jointLog] [info] Thread saw mini-batch with a maximum of 0.92% zero probability fragments
[2024-03-14 00:13:38.697] [jointLog] [info] Thread saw mini-batch with a maximum of 0.94% zero probability fragments
[2024-03-14 00:13:38.697] [jointLog] [info] Thread saw mini-batch with a maximum of 1.02% zero probability fragments
[2024-03-14 00:13:38.697] [jointLog] [info] Thread saw mini-batch with a maximum of 1.00% zero probability fragments
[2024-03-14 00:13:38.697] [jointLog] [info] Thread saw mini-batch with a maximum of 0.86% zero probability fragments
[2024-03-14 00:13:38.697] [jointLog] [info] Thread saw mini-batch with a maximum of 0.98% zero probability fragments
[2024-03-14 00:13:38.697] [jointLog] [info] Thread saw mini-batch with a maximum of 0.92% zero probability fragments
[2024-03-14 00:13:38.697] [jointLog] [info] Thread saw mini-batch with a maximum of 0.86% zero probability fragments
[2024-03-14 00:13:38.697] [jointLog] [info] Thread saw mini-batch with a maximum of 0.84% zero probability fragments
[2024-03-14 00:13:38.697] [jointLog] [info] Thread saw mini-batch with a maximum of 0.96% zero probability fragments
[2024-03-14 00:13:38.697] [jointLog] [info] Thread saw mini-batch with a maximum of 0.88% zero probability fragments
[2024-03-14 00:13:38.697] [jointLog] [info] Thread saw mini-batch with a maximum of 0.94% zero probability fragments
[2024-03-14 00:13:38.697] [jointLog] [info] Thread saw mini-batch with a maximum of 0.98% zero probability fragments
[2024-03-14 00:13:38.697] [jointLog] [info] Thread saw mini-batch with a maximum of 0.90% zero probability fragments
[2024-03-14 00:13:38.697] [jointLog] [info] Thread saw mini-batch with a maximum of 0.88% zero probability fragments
[2024-03-14 00:13:38.697] [jointLog] [info] Thread saw mini-batch with a maximum of 0.86% zero probability fragments
[2024-03-14 00:13:38.697] [jointLog] [info] Thread saw mini-batch with a maximum of 0.90% zero probability fragments
[2024-03-14 00:13:38.697] [jointLog] [info] Thread saw mini-batch with a maximum of 0.98% zero probability fragments
[2024-03-14 00:13:38.697] [jointLog] [info] Thread saw mini-batch with a maximum of 0.96% zero probability fragments
[2024-03-14 00:13:38.697] [jointLog] [info] Thread saw mini-batch with a maximum of 0.86% zero probability fragments
[2024-03-14 00:13:38.697] [jointLog] [info] Thread saw mini-batch with a maximum of 0.82% zero probability fragments
[2024-03-14 00:13:38.697] [jointLog] [info] Thread saw mini-batch with a maximum of 0.96% zero probability fragments
[2024-03-14 00:13:38.697] [jointLog] [info] Thread saw mini-batch with a maximum of 0.94% zero probability fragments
[2024-03-14 00:13:38.697] [jointLog] [info] Thread saw mini-batch with a maximum of 0.92% zero probability fragments
[2024-03-14 00:13:38.697] [jointLog] [info] Thread saw mini-batch with a maximum of 0.94% zero probability fragments
[2024-03-14 00:13:38.697] [jointLog] [info] Thread saw mini-batch with a maximum of 0.92% zero probability fragments
[2024-03-14 00:13:38.697] [jointLog] [info] Thread saw mini-batch with a maximum of 0.86% zero probability fragments
[2024-03-14 00:13:38.697] [jointLog] [info] Thread saw mini-batch with a maximum of 1.00% zero probability fragments
[2024-03-14 00:13:38.697] [jointLog] [info] Thread saw mini-batch with a maximum of 0.96% zero probability fragments
[2024-03-14 00:13:38.697] [jointLog] [info] Thread saw mini-batch with a maximum of 0.88% zero probability fragments
[2024-03-14 00:13:38.697] [jointLog] [info] Thread saw mini-batch with a maximum of 1.00% zero probability fragments
[2024-03-14 00:13:38.697] [jointLog] [info] Thread saw mini-batch with a maximum of 0.92% zero probability fragments
[2024-03-14 00:13:38.697] [jointLog] [info] Thread saw mini-batch with a maximum of 0.98% zero probability fragments
[2024-03-14 00:13:38.697] [jointLog] [info] Thread saw mini-batch with a maximum of 0.96% zero probability fragments
[2024-03-14 00:13:38.697] [jointLog] [info] Thread saw mini-batch with a maximum of 0.86% zero probability fragments
[2024-03-14 00:13:38.701] [jointLog] [info] Thread saw mini-batch with a maximum of 1.06% zero probability fragments
[2024-03-14 00:13:38.705] [jointLog] [info] Thread saw mini-batch with a maximum of 0.96% zero probability fragments
[2024-03-14 00:13:38.705] [jointLog] [info] Thread saw mini-batch with a maximum of 1.02% zero probability fragments
[2024-03-14 00:13:38.705] [jointLog] [info] Thread saw mini-batch with a maximum of 0.96% zero probability fragments
[2024-03-14 00:13:38.705] [jointLog] [info] Thread saw mini-batch with a maximum of 1.04% zero probability fragments
[2024-03-14 00:13:38.705] [jointLog] [info] Thread saw mini-batch with a maximum of 1.02% zero probability fragments
[2024-03-14 00:13:38.705] [jointLog] [info] Thread saw mini-batch with a maximum of 0.94% zero probability fragments
[2024-03-14 00:13:38.705] [jointLog] [info] Thread saw mini-batch with a maximum of 0.92% zero probability fragments
[2024-03-14 00:13:38.705] [jointLog] [info] Thread saw mini-batch with a maximum of 1.04% zero probability fragments
[2024-03-14 00:13:38.705] [jointLog] [info] Thread saw mini-batch with a maximum of 0.88% zero probability fragments
[2024-03-14 00:13:38.705] [jointLog] [info] Thread saw mini-batch with a maximum of 1.02% zero probability fragments
[2024-03-14 00:13:38.705] [jointLog] [info] Thread saw mini-batch with a maximum of 0.92% zero probability fragments
[2024-03-14 00:13:38.705] [jointLog] [info] Thread saw mini-batch with a maximum of 1.00% zero probability fragments
[2024-03-14 00:13:38.706] [jointLog] [info] Thread saw mini-batch with a maximum of 0.92% zero probability fragments
[2024-03-14 00:13:38.706] [jointLog] [info] Thread saw mini-batch with a maximum of 0.86% zero probability fragments
[2024-03-14 00:13:38.737] [jointLog] [info] Thread saw mini-batch with a maximum of 0.88% zero probability fragments
[2024-03-14 00:13:38.738] [jointLog] [info] Thread saw mini-batch with a maximum of 0.98% zero probability fragments
[2024-03-14 00:13:38.746] [jointLog] [info] Thread saw mini-batch with a maximum of 0.90% zero probability fragments
[2024-03-14 00:13:38.765] [jointLog] [info] Thread saw mini-batch with a maximum of 0.86% zero probability fragments
[2024-03-14 00:13:38.775] [jointLog] [info] Thread saw mini-batch with a maximum of 0.96% zero probability fragments
[2024-03-14 00:13:38.783] [jointLog] [info] Thread saw mini-batch with a maximum of 0.88% zero probability fragments
[2024-03-14 00:13:38.799] [jointLog] [info] Thread saw mini-batch with a maximum of 0.92% zero probability fragments
[2024-03-14 00:13:38.803] [jointLog] [info] Thread saw mini-batch with a maximum of 0.78% zero probability fragments
[2024-03-14 00:13:38.806] [jointLog] [info] Thread saw mini-batch with a maximum of 1.04% zero probability fragments
[2024-03-14 00:13:38.809] [jointLog] [info] Thread saw mini-batch with a maximum of 0.94% zero probability fragments
[2024-03-14 00:13:38.833] [jointLog] [info] Thread saw mini-batch with a maximum of 0.90% zero probability fragments
[2024-03-14 00:13:38.841] [jointLog] [info] Thread saw mini-batch with a maximum of 1.04% zero probability fragments
[2024-03-14 00:13:38.849] [jointLog] [info] Thread saw mini-batch with a maximum of 0.98% zero probability fragments
[2024-03-14 00:13:38.862] [jointLog] [info] Thread saw mini-batch with a maximum of 1.02% zero probability fragments
[2024-03-14 00:13:38.871] [jointLog] [info] Thread saw mini-batch with a maximum of 0.94% zero probability fragments
[2024-03-14 00:13:38.876] [jointLog] [info] Thread saw mini-batch with a maximum of 0.94% zero probability fragments
[2024-03-14 00:13:38.889] [jointLog] [info] Thread saw mini-batch with a maximum of 1.02% zero probability fragments
[2024-03-14 00:13:38.900] [jointLog] [info] Thread saw mini-batch with a maximum of 0.88% zero probability fragments
[2024-03-14 00:13:40.552] [jointLog] [info] Computed 1,512,523 rich equivalence classes for further processing
[2024-03-14 00:13:40.552] [jointLog] [info] Counted 32,635,261 total reads in the equivalence classes 
[2024-03-14 00:13:40.788] [jointLog] [warning] 2.62935e-06% of fragments were shorter than the k used to build the index.
If this fraction is too large, consider re-building the index with a smaller k.
The minimum read size found was 29.


[2024-03-14 00:13:40.788] [jointLog] [info] Number of mappings discarded because of alignment score : 6,837,111
[2024-03-14 00:13:40.788] [jointLog] [info] Number of fragments entirely discarded because of alignment score : 1,976,528
[2024-03-14 00:13:40.788] [jointLog] [info] Number of fragments discarded because they are best-mapped to decoys : 1,722,944
[2024-03-14 00:13:40.788] [jointLog] [info] Number of fragments discarded because they have only dovetail (discordant) mappings to valid targets : 81,131
[2024-03-14 00:13:40.788] [jointLog] [info] Mapping rate = 85.8097%

[2024-03-14 00:13:40.788] [jointLog] [info] finished quantifyLibrary()
[2024-03-14 00:13:40.789] [jointLog] [info] Starting optimizer
[2024-03-14 00:13:40.553] [fileLog] [info] 
At end of round 0
==================
Observed 38032147 total fragments (38032147 in most recent round)

[2024-03-14 00:13:41.002] [jointLog] [info] Marked 0 weighted equivalence classes as degenerate
[2024-03-14 00:13:41.025] [jointLog] [info] iteration = 0 | max rel diff. = 7682.26
[2024-03-14 00:13:42.368] [jointLog] [info] iteration = 100 | max rel diff. = 18.8325
[2024-03-14 00:13:43.711] [jointLog] [info] iteration = 200 | max rel diff. = 4.08164
[2024-03-14 00:13:45.040] [jointLog] [info] iteration = 300 | max rel diff. = 2.11348
[2024-03-14 00:13:46.366] [jointLog] [info] iteration = 400 | max rel diff. = 7.43645
[2024-03-14 00:13:47.695] [jointLog] [info] iteration = 500 | max rel diff. = 2.241
[2024-03-14 00:13:49.029] [jointLog] [info] iteration = 600 | max rel diff. = 0.733016
[2024-03-14 00:13:50.368] [jointLog] [info] iteration = 700 | max rel diff. = 0.197194
[2024-03-14 00:13:51.712] [jointLog] [info] iteration = 800 | max rel diff. = 0.169269
[2024-03-14 00:13:53.056] [jointLog] [info] iteration = 900 | max rel diff. = 0.0503944
[2024-03-14 00:13:54.415] [jointLog] [info] iteration = 1,000 | max rel diff. = 1.20201
[2024-03-14 00:13:55.766] [jointLog] [info] iteration = 1,100 | max rel diff. = 0.0388889
[2024-03-14 00:13:57.090] [jointLog] [info] iteration = 1,200 | max rel diff. = 0.0625084
[2024-03-14 00:13:58.335] [jointLog] [info] iteration = 1,294 | max rel diff. = 0.00995245
[2024-03-14 00:13:58.353] [jointLog] [info] Finished optimizer
[2024-03-14 00:13:58.353] [jointLog] [info] writing output 

