[2024-03-13 23:13:56.221] [jointLog] [info] setting maxHashResizeThreads to 180
[2024-03-13 23:13:56.221] [jointLog] [info] Fragment incompatibility prior below threshold.  Incompatible fragments will be ignored.
[2024-03-13 23:13:56.221] [jointLog] [info] Usage of --validateMappings implies use of minScoreFraction. Since not explicitly specified, it is being set to 0.65
[2024-03-13 23:13:56.221] [jointLog] [info] Setting consensusSlack to selective-alignment default of 0.35.
[2024-03-13 23:13:56.221] [jointLog] [info] parsing read library format
[2024-03-13 23:13:56.221] [jointLog] [info] There is 1 library.
[2024-03-13 23:13:56.221] [jointLog] [info] Loading pufferfish index
[2024-03-13 23:13:56.221] [jointLog] [info] Loading dense pufferfish index.
[2024-03-13 23:14:27.688] [jointLog] [info] done
[2024-03-13 23:14:27.779] [jointLog] [info] Index contained 147,554 targets
[2024-03-13 23:14:27.820] [jointLog] [info] Number of decoys : 61
[2024-03-13 23:14:27.820] [jointLog] [info] First decoy index : 147,456 
[2024-03-13 23:14:29.084] [jointLog] [info] Automatically detected most likely library type as ISR

[2024-03-13 23:15:37.999] [jointLog] [info] Thread saw mini-batch with a maximum of 0.60% zero probability fragments
[2024-03-13 23:15:37.999] [jointLog] [info] Thread saw mini-batch with a maximum of 0.72% zero probability fragments
[2024-03-13 23:15:37.999] [jointLog] [info] Thread saw mini-batch with a maximum of 0.60% zero probability fragments
[2024-03-13 23:15:37.999] [jointLog] [info] Thread saw mini-batch with a maximum of 0.60% zero probability fragments
[2024-03-13 23:15:37.999] [jointLog] [info] Thread saw mini-batch with a maximum of 0.66% zero probability fragments
[2024-03-13 23:15:37.999] [jointLog] [info] Thread saw mini-batch with a maximum of 0.56% zero probability fragments
[2024-03-13 23:15:37.999] [jointLog] [info] Thread saw mini-batch with a maximum of 0.56% zero probability fragments
[2024-03-13 23:15:37.999] [jointLog] [info] Thread saw mini-batch with a maximum of 0.68% zero probability fragments
[2024-03-13 23:15:37.999] [jointLog] [info] Thread saw mini-batch with a maximum of 0.62% zero probability fragments
[2024-03-13 23:15:37.999] [jointLog] [info] Thread saw mini-batch with a maximum of 0.58% zero probability fragments
[2024-03-13 23:15:37.999] [jointLog] [info] Thread saw mini-batch with a maximum of 0.60% zero probability fragments
[2024-03-13 23:15:37.999] [jointLog] [info] Thread saw mini-batch with a maximum of 0.72% zero probability fragments
[2024-03-13 23:15:37.999] [jointLog] [info] Thread saw mini-batch with a maximum of 0.62% zero probability fragments
[2024-03-13 23:15:37.999] [jointLog] [info] Thread saw mini-batch with a maximum of 0.72% zero probability fragments
[2024-03-13 23:15:37.999] [jointLog] [info] Thread saw mini-batch with a maximum of 0.60% zero probability fragments
[2024-03-13 23:15:37.999] [jointLog] [info] Thread saw mini-batch with a maximum of 0.60% zero probability fragments
[2024-03-13 23:15:37.999] [jointLog] [info] Thread saw mini-batch with a maximum of 0.84% zero probability fragments
[2024-03-13 23:15:37.999] [jointLog] [info] Thread saw mini-batch with a maximum of 0.58% zero probability fragments
[2024-03-13 23:15:37.999] [jointLog] [info] Thread saw mini-batch with a maximum of 0.64% zero probability fragments
[2024-03-13 23:15:37.999] [jointLog] [info] Thread saw mini-batch with a maximum of 0.60% zero probability fragments
[2024-03-13 23:15:37.999] [jointLog] [info] Thread saw mini-batch with a maximum of 0.70% zero probability fragments
[2024-03-13 23:15:37.999] [jointLog] [info] Thread saw mini-batch with a maximum of 0.62% zero probability fragments
[2024-03-13 23:15:37.999] [jointLog] [info] Thread saw mini-batch with a maximum of 0.66% zero probability fragments
[2024-03-13 23:15:37.999] [jointLog] [info] Thread saw mini-batch with a maximum of 0.64% zero probability fragments
[2024-03-13 23:15:37.999] [jointLog] [info] Thread saw mini-batch with a maximum of 0.56% zero probability fragments
[2024-03-13 23:15:37.999] [jointLog] [info] Thread saw mini-batch with a maximum of 0.72% zero probability fragments
[2024-03-13 23:15:37.999] [jointLog] [info] Thread saw mini-batch with a maximum of 0.56% zero probability fragments
[2024-03-13 23:15:37.999] [jointLog] [info] Thread saw mini-batch with a maximum of 0.72% zero probability fragments
[2024-03-13 23:15:37.999] [jointLog] [info] Thread saw mini-batch with a maximum of 0.64% zero probability fragments
[2024-03-13 23:15:37.999] [jointLog] [info] Thread saw mini-batch with a maximum of 0.58% zero probability fragments
[2024-03-13 23:15:37.999] [jointLog] [info] Thread saw mini-batch with a maximum of 0.54% zero probability fragments
[2024-03-13 23:15:37.999] [jointLog] [info] Thread saw mini-batch with a maximum of 0.62% zero probability fragments
[2024-03-13 23:15:37.999] [jointLog] [info] Thread saw mini-batch with a maximum of 0.64% zero probability fragments
[2024-03-13 23:15:37.999] [jointLog] [info] Thread saw mini-batch with a maximum of 0.62% zero probability fragments
[2024-03-13 23:15:37.999] [jointLog] [info] Thread saw mini-batch with a maximum of 0.64% zero probability fragments
[2024-03-13 23:15:37.999] [jointLog] [info] Thread saw mini-batch with a maximum of 0.56% zero probability fragments
[2024-03-13 23:15:37.999] [jointLog] [info] Thread saw mini-batch with a maximum of 0.64% zero probability fragments
[2024-03-13 23:15:37.999] [jointLog] [info] Thread saw mini-batch with a maximum of 0.66% zero probability fragments
[2024-03-13 23:15:37.999] [jointLog] [info] Thread saw mini-batch with a maximum of 0.60% zero probability fragments
[2024-03-13 23:15:37.999] [jointLog] [info] Thread saw mini-batch with a maximum of 0.56% zero probability fragments
[2024-03-13 23:15:37.999] [jointLog] [info] Thread saw mini-batch with a maximum of 0.66% zero probability fragments
[2024-03-13 23:15:37.999] [jointLog] [info] Thread saw mini-batch with a maximum of 0.64% zero probability fragments
[2024-03-13 23:15:37.999] [jointLog] [info] Thread saw mini-batch with a maximum of 0.66% zero probability fragments
[2024-03-13 23:15:37.999] [jointLog] [info] Thread saw mini-batch with a maximum of 0.60% zero probability fragments
[2024-03-13 23:15:37.999] [jointLog] [info] Thread saw mini-batch with a maximum of 0.58% zero probability fragments
[2024-03-13 23:15:37.999] [jointLog] [info] Thread saw mini-batch with a maximum of 0.58% zero probability fragments
[2024-03-13 23:15:37.999] [jointLog] [info] Thread saw mini-batch with a maximum of 0.52% zero probability fragments
[2024-03-13 23:15:37.999] [jointLog] [info] Thread saw mini-batch with a maximum of 0.60% zero probability fragments
[2024-03-13 23:15:37.999] [jointLog] [info] Thread saw mini-batch with a maximum of 0.68% zero probability fragments
[2024-03-13 23:15:37.999] [jointLog] [info] Thread saw mini-batch with a maximum of 0.64% zero probability fragments
[2024-03-13 23:15:37.999] [jointLog] [info] Thread saw mini-batch with a maximum of 0.60% zero probability fragments
[2024-03-13 23:15:37.999] [jointLog] [info] Thread saw mini-batch with a maximum of 0.70% zero probability fragments
[2024-03-13 23:15:37.999] [jointLog] [info] Thread saw mini-batch with a maximum of 0.54% zero probability fragments
[2024-03-13 23:15:37.999] [jointLog] [info] Thread saw mini-batch with a maximum of 0.64% zero probability fragments
[2024-03-13 23:15:37.999] [jointLog] [info] Thread saw mini-batch with a maximum of 0.66% zero probability fragments
[2024-03-13 23:15:37.999] [jointLog] [info] Thread saw mini-batch with a maximum of 0.58% zero probability fragments
[2024-03-13 23:15:37.999] [jointLog] [info] Thread saw mini-batch with a maximum of 0.64% zero probability fragments
[2024-03-13 23:15:37.999] [jointLog] [info] Thread saw mini-batch with a maximum of 0.62% zero probability fragments
[2024-03-13 23:15:37.999] [jointLog] [info] Thread saw mini-batch with a maximum of 0.60% zero probability fragments
[2024-03-13 23:15:37.999] [jointLog] [info] Thread saw mini-batch with a maximum of 0.66% zero probability fragments
[2024-03-13 23:15:37.999] [jointLog] [info] Thread saw mini-batch with a maximum of 0.62% zero probability fragments
[2024-03-13 23:15:37.999] [jointLog] [info] Thread saw mini-batch with a maximum of 0.60% zero probability fragments
[2024-03-13 23:15:37.999] [jointLog] [info] Thread saw mini-batch with a maximum of 0.58% zero probability fragments
[2024-03-13 23:15:37.999] [jointLog] [info] Thread saw mini-batch with a maximum of 0.64% zero probability fragments
[2024-03-13 23:15:37.999] [jointLog] [info] Thread saw mini-batch with a maximum of 0.72% zero probability fragments
[2024-03-13 23:15:37.999] [jointLog] [info] Thread saw mini-batch with a maximum of 0.60% zero probability fragments
[2024-03-13 23:15:37.999] [jointLog] [info] Thread saw mini-batch with a maximum of 0.74% zero probability fragments
[2024-03-13 23:15:37.999] [jointLog] [info] Thread saw mini-batch with a maximum of 0.62% zero probability fragments
[2024-03-13 23:15:38.000] [jointLog] [info] Thread saw mini-batch with a maximum of 0.68% zero probability fragments
[2024-03-13 23:15:38.000] [jointLog] [info] Thread saw mini-batch with a maximum of 0.68% zero probability fragments
[2024-03-13 23:15:38.000] [jointLog] [info] Thread saw mini-batch with a maximum of 0.64% zero probability fragments
[2024-03-13 23:15:38.000] [jointLog] [info] Thread saw mini-batch with a maximum of 0.60% zero probability fragments
[2024-03-13 23:15:38.000] [jointLog] [info] Thread saw mini-batch with a maximum of 0.64% zero probability fragments
[2024-03-13 23:15:38.000] [jointLog] [info] Thread saw mini-batch with a maximum of 0.62% zero probability fragments
[2024-03-13 23:15:38.000] [jointLog] [info] Thread saw mini-batch with a maximum of 0.66% zero probability fragments
[2024-03-13 23:15:38.000] [jointLog] [info] Thread saw mini-batch with a maximum of 0.72% zero probability fragments
[2024-03-13 23:15:38.000] [jointLog] [info] Thread saw mini-batch with a maximum of 0.64% zero probability fragments
[2024-03-13 23:15:38.000] [jointLog] [info] Thread saw mini-batch with a maximum of 0.60% zero probability fragments
[2024-03-13 23:15:38.000] [jointLog] [info] Thread saw mini-batch with a maximum of 0.64% zero probability fragments
[2024-03-13 23:15:38.000] [jointLog] [info] Thread saw mini-batch with a maximum of 0.60% zero probability fragments
[2024-03-13 23:15:38.001] [jointLog] [info] Thread saw mini-batch with a maximum of 0.72% zero probability fragments
[2024-03-13 23:15:38.005] [jointLog] [info] Thread saw mini-batch with a maximum of 0.66% zero probability fragments
[2024-03-13 23:15:38.005] [jointLog] [info] Thread saw mini-batch with a maximum of 0.60% zero probability fragments
[2024-03-13 23:15:38.006] [jointLog] [info] Thread saw mini-batch with a maximum of 0.70% zero probability fragments
[2024-03-13 23:15:38.009] [jointLog] [info] Thread saw mini-batch with a maximum of 0.58% zero probability fragments
[2024-03-13 23:15:38.009] [jointLog] [info] Thread saw mini-batch with a maximum of 0.66% zero probability fragments
[2024-03-13 23:15:38.009] [jointLog] [info] Thread saw mini-batch with a maximum of 0.64% zero probability fragments
[2024-03-13 23:15:38.009] [jointLog] [info] Thread saw mini-batch with a maximum of 0.62% zero probability fragments
[2024-03-13 23:15:38.009] [jointLog] [info] Thread saw mini-batch with a maximum of 0.56% zero probability fragments
[2024-03-13 23:15:38.009] [jointLog] [info] Thread saw mini-batch with a maximum of 0.52% zero probability fragments
[2024-03-13 23:15:38.009] [jointLog] [info] Thread saw mini-batch with a maximum of 0.64% zero probability fragments
[2024-03-13 23:15:38.009] [jointLog] [info] Thread saw mini-batch with a maximum of 0.60% zero probability fragments
[2024-03-13 23:15:38.009] [jointLog] [info] Thread saw mini-batch with a maximum of 0.60% zero probability fragments
[2024-03-13 23:15:38.009] [jointLog] [info] Thread saw mini-batch with a maximum of 0.66% zero probability fragments
[2024-03-13 23:15:38.009] [jointLog] [info] Thread saw mini-batch with a maximum of 0.54% zero probability fragments
[2024-03-13 23:15:38.010] [jointLog] [info] Thread saw mini-batch with a maximum of 0.62% zero probability fragments
[2024-03-13 23:15:38.010] [jointLog] [info] Thread saw mini-batch with a maximum of 0.62% zero probability fragments
[2024-03-13 23:15:38.010] [jointLog] [info] Thread saw mini-batch with a maximum of 0.54% zero probability fragments
[2024-03-13 23:15:38.010] [jointLog] [info] Thread saw mini-batch with a maximum of 0.68% zero probability fragments
[2024-03-13 23:15:38.010] [jointLog] [info] Thread saw mini-batch with a maximum of 0.56% zero probability fragments
[2024-03-13 23:15:38.013] [jointLog] [info] Thread saw mini-batch with a maximum of 0.56% zero probability fragments
[2024-03-13 23:15:38.013] [jointLog] [info] Thread saw mini-batch with a maximum of 0.66% zero probability fragments
[2024-03-13 23:15:38.013] [jointLog] [info] Thread saw mini-batch with a maximum of 0.62% zero probability fragments
[2024-03-13 23:15:38.013] [jointLog] [info] Thread saw mini-batch with a maximum of 0.68% zero probability fragments
[2024-03-13 23:15:38.013] [jointLog] [info] Thread saw mini-batch with a maximum of 0.70% zero probability fragments
[2024-03-13 23:15:38.013] [jointLog] [info] Thread saw mini-batch with a maximum of 0.60% zero probability fragments
[2024-03-13 23:15:38.013] [jointLog] [info] Thread saw mini-batch with a maximum of 0.66% zero probability fragments
[2024-03-13 23:15:38.013] [jointLog] [info] Thread saw mini-batch with a maximum of 0.62% zero probability fragments
[2024-03-13 23:15:38.013] [jointLog] [info] Thread saw mini-batch with a maximum of 0.62% zero probability fragments
[2024-03-13 23:15:38.013] [jointLog] [info] Thread saw mini-batch with a maximum of 0.60% zero probability fragments
[2024-03-13 23:15:38.013] [jointLog] [info] Thread saw mini-batch with a maximum of 0.60% zero probability fragments
[2024-03-13 23:15:38.013] [jointLog] [info] Thread saw mini-batch with a maximum of 0.62% zero probability fragments
[2024-03-13 23:15:38.013] [jointLog] [info] Thread saw mini-batch with a maximum of 0.66% zero probability fragments
[2024-03-13 23:15:38.013] [jointLog] [info] Thread saw mini-batch with a maximum of 0.60% zero probability fragments
[2024-03-13 23:15:38.013] [jointLog] [info] Thread saw mini-batch with a maximum of 0.58% zero probability fragments
[2024-03-13 23:15:38.013] [jointLog] [info] Thread saw mini-batch with a maximum of 0.68% zero probability fragments
[2024-03-13 23:15:38.013] [jointLog] [info] Thread saw mini-batch with a maximum of 0.62% zero probability fragments
[2024-03-13 23:15:38.013] [jointLog] [info] Thread saw mini-batch with a maximum of 0.58% zero probability fragments
[2024-03-13 23:15:38.013] [jointLog] [info] Thread saw mini-batch with a maximum of 0.74% zero probability fragments
[2024-03-13 23:15:38.013] [jointLog] [info] Thread saw mini-batch with a maximum of 0.62% zero probability fragments
[2024-03-13 23:15:38.013] [jointLog] [info] Thread saw mini-batch with a maximum of 0.82% zero probability fragments
[2024-03-13 23:15:38.013] [jointLog] [info] Thread saw mini-batch with a maximum of 0.76% zero probability fragments
[2024-03-13 23:15:38.013] [jointLog] [info] Thread saw mini-batch with a maximum of 0.56% zero probability fragments
[2024-03-13 23:15:38.013] [jointLog] [info] Thread saw mini-batch with a maximum of 0.60% zero probability fragments
[2024-03-13 23:15:38.014] [jointLog] [info] Thread saw mini-batch with a maximum of 0.70% zero probability fragments
[2024-03-13 23:15:38.014] [jointLog] [info] Thread saw mini-batch with a maximum of 0.70% zero probability fragments
[2024-03-13 23:15:38.014] [jointLog] [info] Thread saw mini-batch with a maximum of 0.58% zero probability fragments
[2024-03-13 23:15:38.014] [jointLog] [info] Thread saw mini-batch with a maximum of 0.64% zero probability fragments
[2024-03-13 23:15:38.014] [jointLog] [info] Thread saw mini-batch with a maximum of 0.76% zero probability fragments
[2024-03-13 23:15:38.014] [jointLog] [info] Thread saw mini-batch with a maximum of 0.56% zero probability fragments
[2024-03-13 23:15:38.014] [jointLog] [info] Thread saw mini-batch with a maximum of 0.70% zero probability fragments
[2024-03-13 23:15:38.014] [jointLog] [info] Thread saw mini-batch with a maximum of 0.68% zero probability fragments
[2024-03-13 23:15:38.014] [jointLog] [info] Thread saw mini-batch with a maximum of 0.54% zero probability fragments
[2024-03-13 23:15:38.014] [jointLog] [info] Thread saw mini-batch with a maximum of 0.58% zero probability fragments
[2024-03-13 23:15:38.014] [jointLog] [info] Thread saw mini-batch with a maximum of 0.60% zero probability fragments
[2024-03-13 23:15:38.014] [jointLog] [info] Thread saw mini-batch with a maximum of 0.60% zero probability fragments
[2024-03-13 23:15:38.014] [jointLog] [info] Thread saw mini-batch with a maximum of 0.66% zero probability fragments
[2024-03-13 23:15:38.014] [jointLog] [info] Thread saw mini-batch with a maximum of 0.56% zero probability fragments
[2024-03-13 23:15:38.014] [jointLog] [info] Thread saw mini-batch with a maximum of 0.54% zero probability fragments
[2024-03-13 23:15:38.014] [jointLog] [info] Thread saw mini-batch with a maximum of 0.64% zero probability fragments
[2024-03-13 23:15:38.014] [jointLog] [info] Thread saw mini-batch with a maximum of 0.56% zero probability fragments
[2024-03-13 23:15:38.014] [jointLog] [info] Thread saw mini-batch with a maximum of 0.74% zero probability fragments
[2024-03-13 23:15:38.017] [jointLog] [info] Thread saw mini-batch with a maximum of 0.66% zero probability fragments
[2024-03-13 23:15:38.019] [jointLog] [info] Thread saw mini-batch with a maximum of 0.66% zero probability fragments
[2024-03-13 23:15:38.021] [jointLog] [info] Thread saw mini-batch with a maximum of 0.56% zero probability fragments
[2024-03-13 23:15:38.021] [jointLog] [info] Thread saw mini-batch with a maximum of 0.62% zero probability fragments
[2024-03-13 23:15:38.021] [jointLog] [info] Thread saw mini-batch with a maximum of 0.56% zero probability fragments
[2024-03-13 23:15:38.021] [jointLog] [info] Thread saw mini-batch with a maximum of 0.68% zero probability fragments
[2024-03-13 23:15:38.021] [jointLog] [info] Thread saw mini-batch with a maximum of 0.88% zero probability fragments
[2024-03-13 23:15:38.021] [jointLog] [info] Thread saw mini-batch with a maximum of 0.72% zero probability fragments
[2024-03-13 23:15:38.021] [jointLog] [info] Thread saw mini-batch with a maximum of 0.66% zero probability fragments
[2024-03-13 23:15:38.021] [jointLog] [info] Thread saw mini-batch with a maximum of 0.52% zero probability fragments
[2024-03-13 23:15:38.021] [jointLog] [info] Thread saw mini-batch with a maximum of 0.74% zero probability fragments
[2024-03-13 23:15:38.021] [jointLog] [info] Thread saw mini-batch with a maximum of 0.64% zero probability fragments
[2024-03-13 23:15:38.021] [jointLog] [info] Thread saw mini-batch with a maximum of 0.62% zero probability fragments
[2024-03-13 23:15:38.022] [jointLog] [info] Thread saw mini-batch with a maximum of 0.64% zero probability fragments
[2024-03-13 23:15:38.022] [jointLog] [info] Thread saw mini-batch with a maximum of 0.64% zero probability fragments
[2024-03-13 23:15:38.022] [jointLog] [info] Thread saw mini-batch with a maximum of 0.56% zero probability fragments
[2024-03-13 23:15:38.022] [jointLog] [info] Thread saw mini-batch with a maximum of 0.64% zero probability fragments
[2024-03-13 23:15:38.022] [jointLog] [info] Thread saw mini-batch with a maximum of 0.56% zero probability fragments
[2024-03-13 23:15:38.022] [jointLog] [info] Thread saw mini-batch with a maximum of 0.64% zero probability fragments
[2024-03-13 23:15:38.025] [jointLog] [info] Thread saw mini-batch with a maximum of 0.70% zero probability fragments
[2024-03-13 23:15:38.029] [jointLog] [info] Thread saw mini-batch with a maximum of 0.70% zero probability fragments
[2024-03-13 23:15:38.053] [jointLog] [info] Thread saw mini-batch with a maximum of 0.54% zero probability fragments
[2024-03-13 23:15:38.059] [jointLog] [info] Thread saw mini-batch with a maximum of 0.64% zero probability fragments
[2024-03-13 23:15:38.075] [jointLog] [info] Thread saw mini-batch with a maximum of 0.66% zero probability fragments
[2024-03-13 23:15:38.080] [jointLog] [info] Thread saw mini-batch with a maximum of 0.62% zero probability fragments
[2024-03-13 23:15:38.117] [jointLog] [info] Thread saw mini-batch with a maximum of 0.58% zero probability fragments
[2024-03-13 23:15:38.122] [jointLog] [info] Thread saw mini-batch with a maximum of 0.66% zero probability fragments
[2024-03-13 23:15:38.140] [jointLog] [info] Thread saw mini-batch with a maximum of 0.62% zero probability fragments
[2024-03-13 23:15:38.143] [jointLog] [info] Thread saw mini-batch with a maximum of 0.60% zero probability fragments
[2024-03-13 23:15:38.150] [jointLog] [info] Thread saw mini-batch with a maximum of 0.68% zero probability fragments
[2024-03-13 23:15:38.150] [jointLog] [info] Thread saw mini-batch with a maximum of 0.62% zero probability fragments
[2024-03-13 23:15:38.157] [jointLog] [info] Thread saw mini-batch with a maximum of 0.64% zero probability fragments
[2024-03-13 23:15:38.181] [jointLog] [info] Thread saw mini-batch with a maximum of 0.64% zero probability fragments
[2024-03-13 23:15:38.195] [jointLog] [info] Thread saw mini-batch with a maximum of 0.56% zero probability fragments
[2024-03-13 23:15:38.212] [jointLog] [info] Thread saw mini-batch with a maximum of 0.64% zero probability fragments
[2024-03-13 23:15:38.214] [jointLog] [info] Thread saw mini-batch with a maximum of 0.64% zero probability fragments
[2024-03-13 23:15:38.217] [jointLog] [info] Thread saw mini-batch with a maximum of 0.64% zero probability fragments
[2024-03-13 23:15:38.243] [jointLog] [info] Thread saw mini-batch with a maximum of 0.60% zero probability fragments
[2024-03-13 23:15:39.405] [fileLog] [info] 
At end of round 0
==================
Observed 30165765 total fragments (30165765 in most recent round)

[2024-03-13 23:15:39.404] [jointLog] [info] Computed 873,108 rich equivalence classes for further processing
[2024-03-13 23:15:39.404] [jointLog] [info] Counted 25,876,861 total reads in the equivalence classes 
[2024-03-13 23:15:39.662] [jointLog] [info] Number of mappings discarded because of alignment score : 6,443,921
[2024-03-13 23:15:39.662] [jointLog] [info] Number of fragments entirely discarded because of alignment score : 1,483,715
[2024-03-13 23:15:39.662] [jointLog] [info] Number of fragments discarded because they are best-mapped to decoys : 1,282,829
[2024-03-13 23:15:39.662] [jointLog] [info] Number of fragments discarded because they have only dovetail (discordant) mappings to valid targets : 83,225
[2024-03-13 23:15:39.662] [jointLog] [info] Mapping rate = 85.7822%

[2024-03-13 23:15:39.662] [jointLog] [info] finished quantifyLibrary()
[2024-03-13 23:15:39.663] [jointLog] [info] Starting optimizer
[2024-03-13 23:15:39.824] [jointLog] [info] Marked 0 weighted equivalence classes as degenerate
[2024-03-13 23:15:39.840] [jointLog] [info] iteration = 0 | max rel diff. = 8419.48
[2024-03-13 23:15:40.740] [jointLog] [info] iteration = 100 | max rel diff. = 18.4606
[2024-03-13 23:15:41.634] [jointLog] [info] iteration = 200 | max rel diff. = 2.84827
[2024-03-13 23:15:42.525] [jointLog] [info] iteration = 300 | max rel diff. = 20.8087
[2024-03-13 23:15:43.413] [jointLog] [info] iteration = 400 | max rel diff. = 0.980818
[2024-03-13 23:15:44.313] [jointLog] [info] iteration = 500 | max rel diff. = 0.530702
[2024-03-13 23:15:45.214] [jointLog] [info] iteration = 600 | max rel diff. = 0.614445
[2024-03-13 23:15:46.101] [jointLog] [info] iteration = 700 | max rel diff. = 0.627717
[2024-03-13 23:15:47.027] [jointLog] [info] iteration = 800 | max rel diff. = 4.3881
[2024-03-13 23:15:47.927] [jointLog] [info] iteration = 900 | max rel diff. = 0.0412467
[2024-03-13 23:15:48.822] [jointLog] [info] iteration = 1,000 | max rel diff. = 0.0719954
[2024-03-13 23:15:49.727] [jointLog] [info] iteration = 1,100 | max rel diff. = 0.153777
[2024-03-13 23:15:50.613] [jointLog] [info] iteration = 1,200 | max rel diff. = 0.0135744
[2024-03-13 23:15:51.477] [jointLog] [info] iteration = 1,299 | max rel diff. = 0.00701209
[2024-03-13 23:15:51.498] [jointLog] [info] Finished optimizer
[2024-03-13 23:15:51.498] [jointLog] [info] writing output 

