[2024-03-14 00:33:57.577] [jointLog] [info] setting maxHashResizeThreads to 180
[2024-03-14 00:33:57.577] [jointLog] [info] Fragment incompatibility prior below threshold.  Incompatible fragments will be ignored.
[2024-03-14 00:33:57.577] [jointLog] [info] Usage of --validateMappings implies use of minScoreFraction. Since not explicitly specified, it is being set to 0.65
[2024-03-14 00:33:57.577] [jointLog] [info] Setting consensusSlack to selective-alignment default of 0.35.
[2024-03-14 00:33:57.577] [jointLog] [info] parsing read library format
[2024-03-14 00:33:57.577] [jointLog] [info] There is 1 library.
[2024-03-14 00:33:57.577] [jointLog] [info] Loading pufferfish index
[2024-03-14 00:33:57.577] [jointLog] [info] Loading dense pufferfish index.
[2024-03-14 00:34:30.877] [jointLog] [info] done
[2024-03-14 00:34:31.003] [jointLog] [info] Index contained 147,554 targets
[2024-03-14 00:34:31.054] [jointLog] [info] Number of decoys : 61
[2024-03-14 00:34:31.054] [jointLog] [info] First decoy index : 147,456 
[2024-03-14 00:34:32.287] [jointLog] [info] Automatically detected most likely library type as ISR

[2024-03-14 00:35:41.158] [jointLog] [info] Thread saw mini-batch with a maximum of 0.88% zero probability fragments
[2024-03-14 00:35:41.158] [jointLog] [info] Thread saw mini-batch with a maximum of 1.00% zero probability fragments
[2024-03-14 00:35:41.158] [jointLog] [info] Thread saw mini-batch with a maximum of 0.84% zero probability fragments
[2024-03-14 00:35:41.158] [jointLog] [info] Thread saw mini-batch with a maximum of 0.90% zero probability fragments
[2024-03-14 00:35:41.158] [jointLog] [info] Thread saw mini-batch with a maximum of 0.92% zero probability fragments
[2024-03-14 00:35:41.158] [jointLog] [info] Thread saw mini-batch with a maximum of 0.92% zero probability fragments
[2024-03-14 00:35:41.158] [jointLog] [info] Thread saw mini-batch with a maximum of 0.92% zero probability fragments
[2024-03-14 00:35:41.158] [jointLog] [info] Thread saw mini-batch with a maximum of 0.84% zero probability fragments
[2024-03-14 00:35:41.158] [jointLog] [info] Thread saw mini-batch with a maximum of 0.90% zero probability fragments
[2024-03-14 00:35:41.158] [jointLog] [info] Thread saw mini-batch with a maximum of 0.90% zero probability fragments
[2024-03-14 00:35:41.158] [jointLog] [info] Thread saw mini-batch with a maximum of 0.90% zero probability fragments
[2024-03-14 00:35:41.158] [jointLog] [info] Thread saw mini-batch with a maximum of 0.78% zero probability fragments
[2024-03-14 00:35:41.158] [jointLog] [info] Thread saw mini-batch with a maximum of 1.02% zero probability fragments
[2024-03-14 00:35:41.158] [jointLog] [info] Thread saw mini-batch with a maximum of 0.90% zero probability fragments
[2024-03-14 00:35:41.158] [jointLog] [info] Thread saw mini-batch with a maximum of 0.82% zero probability fragments
[2024-03-14 00:35:41.158] [jointLog] [info] Thread saw mini-batch with a maximum of 0.82% zero probability fragments
[2024-03-14 00:35:41.158] [jointLog] [info] Thread saw mini-batch with a maximum of 0.84% zero probability fragments
[2024-03-14 00:35:41.158] [jointLog] [info] Thread saw mini-batch with a maximum of 0.88% zero probability fragments
[2024-03-14 00:35:41.158] [jointLog] [info] Thread saw mini-batch with a maximum of 1.02% zero probability fragments
[2024-03-14 00:35:41.158] [jointLog] [info] Thread saw mini-batch with a maximum of 0.98% zero probability fragments
[2024-03-14 00:35:41.158] [jointLog] [info] Thread saw mini-batch with a maximum of 0.88% zero probability fragments
[2024-03-14 00:35:41.158] [jointLog] [info] Thread saw mini-batch with a maximum of 0.82% zero probability fragments
[2024-03-14 00:35:41.158] [jointLog] [info] Thread saw mini-batch with a maximum of 0.80% zero probability fragments
[2024-03-14 00:35:41.158] [jointLog] [info] Thread saw mini-batch with a maximum of 0.92% zero probability fragments
[2024-03-14 00:35:41.158] [jointLog] [info] Thread saw mini-batch with a maximum of 0.88% zero probability fragments
[2024-03-14 00:35:41.158] [jointLog] [info] Thread saw mini-batch with a maximum of 0.76% zero probability fragments
[2024-03-14 00:35:41.158] [jointLog] [info] Thread saw mini-batch with a maximum of 1.04% zero probability fragments
[2024-03-14 00:35:41.158] [jointLog] [info] Thread saw mini-batch with a maximum of 0.92% zero probability fragments
[2024-03-14 00:35:41.158] [jointLog] [info] Thread saw mini-batch with a maximum of 0.76% zero probability fragments
[2024-03-14 00:35:41.158] [jointLog] [info] Thread saw mini-batch with a maximum of 0.98% zero probability fragments
[2024-03-14 00:35:41.158] [jointLog] [info] Thread saw mini-batch with a maximum of 0.84% zero probability fragments
[2024-03-14 00:35:41.158] [jointLog] [info] Thread saw mini-batch with a maximum of 0.88% zero probability fragments
[2024-03-14 00:35:41.158] [jointLog] [info] Thread saw mini-batch with a maximum of 0.92% zero probability fragments
[2024-03-14 00:35:41.158] [jointLog] [info] Thread saw mini-batch with a maximum of 0.82% zero probability fragments
[2024-03-14 00:35:41.158] [jointLog] [info] Thread saw mini-batch with a maximum of 0.88% zero probability fragments
[2024-03-14 00:35:41.158] [jointLog] [info] Thread saw mini-batch with a maximum of 0.86% zero probability fragments
[2024-03-14 00:35:41.158] [jointLog] [info] Thread saw mini-batch with a maximum of 1.00% zero probability fragments
[2024-03-14 00:35:41.158] [jointLog] [info] Thread saw mini-batch with a maximum of 0.82% zero probability fragments
[2024-03-14 00:35:41.158] [jointLog] [info] Thread saw mini-batch with a maximum of 0.92% zero probability fragments
[2024-03-14 00:35:41.158] [jointLog] [info] Thread saw mini-batch with a maximum of 0.86% zero probability fragments
[2024-03-14 00:35:41.158] [jointLog] [info] Thread saw mini-batch with a maximum of 0.86% zero probability fragments
[2024-03-14 00:35:41.158] [jointLog] [info] Thread saw mini-batch with a maximum of 0.88% zero probability fragments
[2024-03-14 00:35:41.158] [jointLog] [info] Thread saw mini-batch with a maximum of 0.94% zero probability fragments
[2024-03-14 00:35:41.158] [jointLog] [info] Thread saw mini-batch with a maximum of 0.82% zero probability fragments
[2024-03-14 00:35:41.158] [jointLog] [info] Thread saw mini-batch with a maximum of 0.86% zero probability fragments
[2024-03-14 00:35:41.158] [jointLog] [info] Thread saw mini-batch with a maximum of 0.84% zero probability fragments
[2024-03-14 00:35:41.158] [jointLog] [info] Thread saw mini-batch with a maximum of 0.92% zero probability fragments
[2024-03-14 00:35:41.158] [jointLog] [info] Thread saw mini-batch with a maximum of 0.92% zero probability fragments
[2024-03-14 00:35:41.158] [jointLog] [info] Thread saw mini-batch with a maximum of 0.82% zero probability fragments
[2024-03-14 00:35:41.158] [jointLog] [info] Thread saw mini-batch with a maximum of 0.84% zero probability fragments
[2024-03-14 00:35:41.158] [jointLog] [info] Thread saw mini-batch with a maximum of 0.90% zero probability fragments
[2024-03-14 00:35:41.158] [jointLog] [info] Thread saw mini-batch with a maximum of 0.82% zero probability fragments
[2024-03-14 00:35:41.158] [jointLog] [info] Thread saw mini-batch with a maximum of 0.82% zero probability fragments
[2024-03-14 00:35:41.158] [jointLog] [info] Thread saw mini-batch with a maximum of 0.82% zero probability fragments
[2024-03-14 00:35:41.158] [jointLog] [info] Thread saw mini-batch with a maximum of 0.92% zero probability fragments
[2024-03-14 00:35:41.158] [jointLog] [info] Thread saw mini-batch with a maximum of 0.88% zero probability fragments
[2024-03-14 00:35:41.158] [jointLog] [info] Thread saw mini-batch with a maximum of 0.88% zero probability fragments
[2024-03-14 00:35:41.158] [jointLog] [info] Thread saw mini-batch with a maximum of 0.84% zero probability fragments
[2024-03-14 00:35:41.158] [jointLog] [info] Thread saw mini-batch with a maximum of 0.90% zero probability fragments
[2024-03-14 00:35:41.158] [jointLog] [info] Thread saw mini-batch with a maximum of 0.82% zero probability fragments
[2024-03-14 00:35:41.158] [jointLog] [info] Thread saw mini-batch with a maximum of 0.92% zero probability fragments
[2024-03-14 00:35:41.158] [jointLog] [info] Thread saw mini-batch with a maximum of 0.92% zero probability fragments
[2024-03-14 00:35:41.158] [jointLog] [info] Thread saw mini-batch with a maximum of 0.92% zero probability fragments
[2024-03-14 00:35:41.158] [jointLog] [info] Thread saw mini-batch with a maximum of 0.84% zero probability fragments
[2024-03-14 00:35:41.158] [jointLog] [info] Thread saw mini-batch with a maximum of 0.90% zero probability fragments
[2024-03-14 00:35:41.158] [jointLog] [info] Thread saw mini-batch with a maximum of 0.86% zero probability fragments
[2024-03-14 00:35:41.158] [jointLog] [info] Thread saw mini-batch with a maximum of 0.88% zero probability fragments
[2024-03-14 00:35:41.158] [jointLog] [info] Thread saw mini-batch with a maximum of 0.78% zero probability fragments
[2024-03-14 00:35:41.158] [jointLog] [info] Thread saw mini-batch with a maximum of 0.88% zero probability fragments
[2024-03-14 00:35:41.159] [jointLog] [info] Thread saw mini-batch with a maximum of 0.82% zero probability fragments
[2024-03-14 00:35:41.159] [jointLog] [info] Thread saw mini-batch with a maximum of 1.06% zero probability fragments
[2024-03-14 00:35:41.159] [jointLog] [info] Thread saw mini-batch with a maximum of 0.82% zero probability fragments
[2024-03-14 00:35:41.159] [jointLog] [info] Thread saw mini-batch with a maximum of 0.96% zero probability fragments
[2024-03-14 00:35:41.159] [jointLog] [info] Thread saw mini-batch with a maximum of 0.88% zero probability fragments
[2024-03-14 00:35:41.159] [jointLog] [info] Thread saw mini-batch with a maximum of 1.04% zero probability fragments
[2024-03-14 00:35:41.159] [jointLog] [info] Thread saw mini-batch with a maximum of 0.88% zero probability fragments
[2024-03-14 00:35:41.159] [jointLog] [info] Thread saw mini-batch with a maximum of 0.80% zero probability fragments
[2024-03-14 00:35:41.159] [jointLog] [info] Thread saw mini-batch with a maximum of 0.92% zero probability fragments
[2024-03-14 00:35:41.159] [jointLog] [info] Thread saw mini-batch with a maximum of 0.86% zero probability fragments
[2024-03-14 00:35:41.159] [jointLog] [info] Thread saw mini-batch with a maximum of 0.82% zero probability fragments
[2024-03-14 00:35:41.159] [jointLog] [info] Thread saw mini-batch with a maximum of 0.84% zero probability fragments
[2024-03-14 00:35:41.159] [jointLog] [info] Thread saw mini-batch with a maximum of 0.90% zero probability fragments
[2024-03-14 00:35:41.159] [jointLog] [info] Thread saw mini-batch with a maximum of 0.90% zero probability fragments
[2024-03-14 00:35:41.159] [jointLog] [info] Thread saw mini-batch with a maximum of 0.82% zero probability fragments
[2024-03-14 00:35:41.159] [jointLog] [info] Thread saw mini-batch with a maximum of 0.86% zero probability fragments
[2024-03-14 00:35:41.161] [jointLog] [info] Thread saw mini-batch with a maximum of 0.94% zero probability fragments
[2024-03-14 00:35:41.161] [jointLog] [info] Thread saw mini-batch with a maximum of 0.96% zero probability fragments
[2024-03-14 00:35:41.165] [jointLog] [info] Thread saw mini-batch with a maximum of 0.94% zero probability fragments
[2024-03-14 00:35:41.166] [jointLog] [info] Thread saw mini-batch with a maximum of 0.90% zero probability fragments
[2024-03-14 00:35:41.169] [jointLog] [info] Thread saw mini-batch with a maximum of 0.94% zero probability fragments
[2024-03-14 00:35:41.169] [jointLog] [info] Thread saw mini-batch with a maximum of 0.96% zero probability fragments
[2024-03-14 00:35:41.169] [jointLog] [info] Thread saw mini-batch with a maximum of 0.90% zero probability fragments
[2024-03-14 00:35:41.169] [jointLog] [info] Thread saw mini-batch with a maximum of 0.90% zero probability fragments
[2024-03-14 00:35:41.169] [jointLog] [info] Thread saw mini-batch with a maximum of 0.88% zero probability fragments
[2024-03-14 00:35:41.169] [jointLog] [info] Thread saw mini-batch with a maximum of 0.94% zero probability fragments
[2024-03-14 00:35:41.169] [jointLog] [info] Thread saw mini-batch with a maximum of 0.82% zero probability fragments
[2024-03-14 00:35:41.169] [jointLog] [info] Thread saw mini-batch with a maximum of 0.82% zero probability fragments
[2024-03-14 00:35:41.169] [jointLog] [info] Thread saw mini-batch with a maximum of 0.78% zero probability fragments
[2024-03-14 00:35:41.169] [jointLog] [info] Thread saw mini-batch with a maximum of 0.88% zero probability fragments
[2024-03-14 00:35:41.169] [jointLog] [info] Thread saw mini-batch with a maximum of 0.96% zero probability fragments
[2024-03-14 00:35:41.169] [jointLog] [info] Thread saw mini-batch with a maximum of 0.94% zero probability fragments
[2024-03-14 00:35:41.169] [jointLog] [info] Thread saw mini-batch with a maximum of 0.86% zero probability fragments
[2024-03-14 00:35:41.169] [jointLog] [info] Thread saw mini-batch with a maximum of 0.98% zero probability fragments
[2024-03-14 00:35:41.169] [jointLog] [info] Thread saw mini-batch with a maximum of 0.88% zero probability fragments
[2024-03-14 00:35:41.169] [jointLog] [info] Thread saw mini-batch with a maximum of 1.04% zero probability fragments
[2024-03-14 00:35:41.169] [jointLog] [info] Thread saw mini-batch with a maximum of 0.94% zero probability fragments
[2024-03-14 00:35:41.170] [jointLog] [info] Thread saw mini-batch with a maximum of 0.78% zero probability fragments
[2024-03-14 00:35:41.170] [jointLog] [info] Thread saw mini-batch with a maximum of 0.78% zero probability fragments
[2024-03-14 00:35:41.173] [jointLog] [info] Thread saw mini-batch with a maximum of 0.90% zero probability fragments
[2024-03-14 00:35:41.173] [jointLog] [info] Thread saw mini-batch with a maximum of 0.82% zero probability fragments
[2024-03-14 00:35:41.173] [jointLog] [info] Thread saw mini-batch with a maximum of 0.80% zero probability fragments
[2024-03-14 00:35:41.173] [jointLog] [info] Thread saw mini-batch with a maximum of 0.82% zero probability fragments
[2024-03-14 00:35:41.173] [jointLog] [info] Thread saw mini-batch with a maximum of 0.80% zero probability fragments
[2024-03-14 00:35:41.173] [jointLog] [info] Thread saw mini-batch with a maximum of 0.96% zero probability fragments
[2024-03-14 00:35:41.173] [jointLog] [info] Thread saw mini-batch with a maximum of 0.82% zero probability fragments
[2024-03-14 00:35:41.173] [jointLog] [info] Thread saw mini-batch with a maximum of 0.82% zero probability fragments
[2024-03-14 00:35:41.173] [jointLog] [info] Thread saw mini-batch with a maximum of 0.82% zero probability fragments
[2024-03-14 00:35:41.173] [jointLog] [info] Thread saw mini-batch with a maximum of 0.94% zero probability fragments
[2024-03-14 00:35:41.173] [jointLog] [info] Thread saw mini-batch with a maximum of 0.96% zero probability fragments
[2024-03-14 00:35:41.173] [jointLog] [info] Thread saw mini-batch with a maximum of 0.82% zero probability fragments
[2024-03-14 00:35:41.173] [jointLog] [info] Thread saw mini-batch with a maximum of 0.92% zero probability fragments
[2024-03-14 00:35:41.173] [jointLog] [info] Thread saw mini-batch with a maximum of 0.96% zero probability fragments
[2024-03-14 00:35:41.173] [jointLog] [info] Thread saw mini-batch with a maximum of 0.86% zero probability fragments
[2024-03-14 00:35:41.173] [jointLog] [info] Thread saw mini-batch with a maximum of 0.88% zero probability fragments
[2024-03-14 00:35:41.173] [jointLog] [info] Thread saw mini-batch with a maximum of 0.90% zero probability fragments
[2024-03-14 00:35:41.173] [jointLog] [info] Thread saw mini-batch with a maximum of 0.86% zero probability fragments
[2024-03-14 00:35:41.173] [jointLog] [info] Thread saw mini-batch with a maximum of 0.82% zero probability fragments
[2024-03-14 00:35:41.173] [jointLog] [info] Thread saw mini-batch with a maximum of 0.84% zero probability fragments
[2024-03-14 00:35:41.173] [jointLog] [info] Thread saw mini-batch with a maximum of 0.90% zero probability fragments
[2024-03-14 00:35:41.173] [jointLog] [info] Thread saw mini-batch with a maximum of 0.86% zero probability fragments
[2024-03-14 00:35:41.173] [jointLog] [info] Thread saw mini-batch with a maximum of 0.82% zero probability fragments
[2024-03-14 00:35:41.173] [jointLog] [info] Thread saw mini-batch with a maximum of 0.84% zero probability fragments
[2024-03-14 00:35:41.173] [jointLog] [info] Thread saw mini-batch with a maximum of 0.84% zero probability fragments
[2024-03-14 00:35:41.173] [jointLog] [info] Thread saw mini-batch with a maximum of 0.88% zero probability fragments
[2024-03-14 00:35:41.173] [jointLog] [info] Thread saw mini-batch with a maximum of 0.80% zero probability fragments
[2024-03-14 00:35:41.173] [jointLog] [info] Thread saw mini-batch with a maximum of 0.82% zero probability fragments
[2024-03-14 00:35:41.173] [jointLog] [info] Thread saw mini-batch with a maximum of 0.82% zero probability fragments
[2024-03-14 00:35:41.173] [jointLog] [info] Thread saw mini-batch with a maximum of 0.96% zero probability fragments
[2024-03-14 00:35:41.173] [jointLog] [info] Thread saw mini-batch with a maximum of 0.82% zero probability fragments
[2024-03-14 00:35:41.173] [jointLog] [info] Thread saw mini-batch with a maximum of 0.92% zero probability fragments
[2024-03-14 00:35:41.173] [jointLog] [info] Thread saw mini-batch with a maximum of 1.02% zero probability fragments
[2024-03-14 00:35:41.173] [jointLog] [info] Thread saw mini-batch with a maximum of 0.88% zero probability fragments
[2024-03-14 00:35:41.173] [jointLog] [info] Thread saw mini-batch with a maximum of 0.86% zero probability fragments
[2024-03-14 00:35:41.173] [jointLog] [info] Thread saw mini-batch with a maximum of 1.02% zero probability fragments
[2024-03-14 00:35:41.173] [jointLog] [info] Thread saw mini-batch with a maximum of 0.88% zero probability fragments
[2024-03-14 00:35:41.177] [jointLog] [info] Thread saw mini-batch with a maximum of 0.92% zero probability fragments
[2024-03-14 00:35:41.181] [jointLog] [info] Thread saw mini-batch with a maximum of 0.90% zero probability fragments
[2024-03-14 00:35:41.181] [jointLog] [info] Thread saw mini-batch with a maximum of 0.84% zero probability fragments
[2024-03-14 00:35:41.181] [jointLog] [info] Thread saw mini-batch with a maximum of 0.86% zero probability fragments
[2024-03-14 00:35:41.181] [jointLog] [info] Thread saw mini-batch with a maximum of 0.88% zero probability fragments
[2024-03-14 00:35:41.181] [jointLog] [info] Thread saw mini-batch with a maximum of 0.88% zero probability fragments
[2024-03-14 00:35:41.181] [jointLog] [info] Thread saw mini-batch with a maximum of 0.94% zero probability fragments
[2024-03-14 00:35:41.181] [jointLog] [info] Thread saw mini-batch with a maximum of 0.88% zero probability fragments
[2024-03-14 00:35:41.181] [jointLog] [info] Thread saw mini-batch with a maximum of 1.10% zero probability fragments
[2024-03-14 00:35:41.181] [jointLog] [info] Thread saw mini-batch with a maximum of 0.90% zero probability fragments
[2024-03-14 00:35:41.181] [jointLog] [info] Thread saw mini-batch with a maximum of 0.96% zero probability fragments
[2024-03-14 00:35:41.181] [jointLog] [info] Thread saw mini-batch with a maximum of 0.94% zero probability fragments
[2024-03-14 00:35:41.181] [jointLog] [info] Thread saw mini-batch with a maximum of 0.80% zero probability fragments
[2024-03-14 00:35:41.181] [jointLog] [info] Thread saw mini-batch with a maximum of 0.74% zero probability fragments
[2024-03-14 00:35:41.181] [jointLog] [info] Thread saw mini-batch with a maximum of 0.80% zero probability fragments
[2024-03-14 00:35:41.182] [jointLog] [info] Thread saw mini-batch with a maximum of 0.88% zero probability fragments
[2024-03-14 00:35:41.185] [jointLog] [info] Thread saw mini-batch with a maximum of 0.84% zero probability fragments
[2024-03-14 00:35:41.206] [jointLog] [info] Thread saw mini-batch with a maximum of 0.76% zero probability fragments
[2024-03-14 00:35:41.226] [jointLog] [info] Thread saw mini-batch with a maximum of 0.98% zero probability fragments
[2024-03-14 00:35:41.229] [jointLog] [info] Thread saw mini-batch with a maximum of 1.02% zero probability fragments
[2024-03-14 00:35:41.231] [jointLog] [info] Thread saw mini-batch with a maximum of 0.94% zero probability fragments
[2024-03-14 00:35:41.243] [jointLog] [info] Thread saw mini-batch with a maximum of 0.94% zero probability fragments
[2024-03-14 00:35:41.252] [jointLog] [info] Thread saw mini-batch with a maximum of 0.86% zero probability fragments
[2024-03-14 00:35:41.257] [jointLog] [info] Thread saw mini-batch with a maximum of 0.92% zero probability fragments
[2024-03-14 00:35:41.265] [jointLog] [info] Thread saw mini-batch with a maximum of 0.92% zero probability fragments
[2024-03-14 00:35:41.297] [jointLog] [info] Thread saw mini-batch with a maximum of 0.88% zero probability fragments
[2024-03-14 00:35:41.312] [jointLog] [info] Thread saw mini-batch with a maximum of 0.90% zero probability fragments
[2024-03-14 00:35:41.316] [jointLog] [info] Thread saw mini-batch with a maximum of 0.84% zero probability fragments
[2024-03-14 00:35:41.321] [jointLog] [info] Thread saw mini-batch with a maximum of 0.88% zero probability fragments
[2024-03-14 00:35:41.342] [jointLog] [info] Thread saw mini-batch with a maximum of 0.90% zero probability fragments
[2024-03-14 00:35:41.345] [jointLog] [info] Thread saw mini-batch with a maximum of 0.92% zero probability fragments
[2024-03-14 00:35:41.352] [jointLog] [info] Thread saw mini-batch with a maximum of 0.84% zero probability fragments
[2024-03-14 00:35:41.357] [jointLog] [info] Thread saw mini-batch with a maximum of 1.06% zero probability fragments
[2024-03-14 00:35:41.360] [jointLog] [info] Thread saw mini-batch with a maximum of 0.96% zero probability fragments
[2024-03-14 00:35:41.361] [jointLog] [info] Thread saw mini-batch with a maximum of 0.84% zero probability fragments
[2024-03-14 00:35:42.573] [jointLog] [info] Computed 994,172 rich equivalence classes for further processing
[2024-03-14 00:35:42.573] [jointLog] [info] Counted 25,475,584 total reads in the equivalence classes 
[2024-03-14 00:35:42.574] [fileLog] [info] 
At end of round 0
==================
Observed 30074462 total fragments (30074462 in most recent round)

[2024-03-14 00:35:42.837] [jointLog] [warning] 9.97524e-06% of fragments were shorter than the k used to build the index.
If this fraction is too large, consider re-building the index with a smaller k.
The minimum read size found was 27.


[2024-03-14 00:35:42.837] [jointLog] [info] Number of mappings discarded because of alignment score : 5,797,688
[2024-03-14 00:35:42.837] [jointLog] [info] Number of fragments entirely discarded because of alignment score : 1,602,785
[2024-03-14 00:35:42.837] [jointLog] [info] Number of fragments discarded because they are best-mapped to decoys : 1,382,302
[2024-03-14 00:35:42.837] [jointLog] [info] Number of fragments discarded because they have only dovetail (discordant) mappings to valid targets : 72,006
[2024-03-14 00:35:42.837] [jointLog] [info] Mapping rate = 84.7084%

[2024-03-14 00:35:42.837] [jointLog] [info] finished quantifyLibrary()
[2024-03-14 00:35:42.837] [jointLog] [info] Starting optimizer
[2024-03-14 00:35:43.039] [jointLog] [info] Marked 0 weighted equivalence classes as degenerate
[2024-03-14 00:35:43.056] [jointLog] [info] iteration = 0 | max rel diff. = 8428.82
[2024-03-14 00:35:44.030] [jointLog] [info] iteration = 100 | max rel diff. = 16.013
[2024-03-14 00:35:45.004] [jointLog] [info] iteration = 200 | max rel diff. = 5.19448
[2024-03-14 00:35:45.987] [jointLog] [info] iteration = 300 | max rel diff. = 3.34043
[2024-03-14 00:35:46.947] [jointLog] [info] iteration = 400 | max rel diff. = 5.37798
[2024-03-14 00:35:47.915] [jointLog] [info] iteration = 500 | max rel diff. = 0.140054
[2024-03-14 00:35:48.890] [jointLog] [info] iteration = 600 | max rel diff. = 0.278307
[2024-03-14 00:35:49.865] [jointLog] [info] iteration = 700 | max rel diff. = 0.065388
[2024-03-14 00:35:50.838] [jointLog] [info] iteration = 800 | max rel diff. = 10.115
[2024-03-14 00:35:51.804] [jointLog] [info] iteration = 900 | max rel diff. = 0.108991
[2024-03-14 00:35:52.777] [jointLog] [info] iteration = 1,000 | max rel diff. = 0.032551
[2024-03-14 00:35:53.759] [jointLog] [info] iteration = 1,100 | max rel diff. = 0.0323353
[2024-03-14 00:35:54.064] [jointLog] [info] iteration = 1,132 | max rel diff. = 0.00842832
[2024-03-14 00:35:54.076] [jointLog] [info] Finished optimizer
[2024-03-14 00:35:54.076] [jointLog] [info] writing output 

