[2024-03-14 00:14:01.402] [jointLog] [info] setting maxHashResizeThreads to 180
[2024-03-14 00:14:01.402] [jointLog] [info] Fragment incompatibility prior below threshold.  Incompatible fragments will be ignored.
[2024-03-14 00:14:01.402] [jointLog] [info] Usage of --validateMappings implies use of minScoreFraction. Since not explicitly specified, it is being set to 0.65
[2024-03-14 00:14:01.402] [jointLog] [info] Setting consensusSlack to selective-alignment default of 0.35.
[2024-03-14 00:14:01.402] [jointLog] [info] parsing read library format
[2024-03-14 00:14:01.402] [jointLog] [info] There is 1 library.
[2024-03-14 00:14:01.402] [jointLog] [info] Loading pufferfish index
[2024-03-14 00:14:01.402] [jointLog] [info] Loading dense pufferfish index.
[2024-03-14 00:14:32.964] [jointLog] [info] done
[2024-03-14 00:14:33.053] [jointLog] [info] Index contained 147,554 targets
[2024-03-14 00:14:33.094] [jointLog] [info] Number of decoys : 61
[2024-03-14 00:14:33.094] [jointLog] [info] First decoy index : 147,456 
[2024-03-14 00:14:34.107] [jointLog] [info] Automatically detected most likely library type as ISR

[2024-03-14 00:15:49.766] [jointLog] [info] Thread saw mini-batch with a maximum of 0.98% zero probability fragments
[2024-03-14 00:15:49.766] [jointLog] [info] Thread saw mini-batch with a maximum of 1.12% zero probability fragments
[2024-03-14 00:15:49.766] [jointLog] [info] Thread saw mini-batch with a maximum of 0.98% zero probability fragments
[2024-03-14 00:15:49.766] [jointLog] [info] Thread saw mini-batch with a maximum of 1.06% zero probability fragments
[2024-03-14 00:15:49.766] [jointLog] [info] Thread saw mini-batch with a maximum of 0.98% zero probability fragments
[2024-03-14 00:15:49.766] [jointLog] [info] Thread saw mini-batch with a maximum of 0.98% zero probability fragments
[2024-03-14 00:15:49.766] [jointLog] [info] Thread saw mini-batch with a maximum of 1.00% zero probability fragments
[2024-03-14 00:15:49.766] [jointLog] [info] Thread saw mini-batch with a maximum of 0.92% zero probability fragments
[2024-03-14 00:15:49.766] [jointLog] [info] Thread saw mini-batch with a maximum of 1.18% zero probability fragments
[2024-03-14 00:15:49.766] [jointLog] [info] Thread saw mini-batch with a maximum of 1.02% zero probability fragments
[2024-03-14 00:15:49.766] [jointLog] [info] Thread saw mini-batch with a maximum of 1.18% zero probability fragments
[2024-03-14 00:15:49.766] [jointLog] [info] Thread saw mini-batch with a maximum of 1.14% zero probability fragments
[2024-03-14 00:15:49.766] [jointLog] [info] Thread saw mini-batch with a maximum of 1.02% zero probability fragments
[2024-03-14 00:15:49.766] [jointLog] [info] Thread saw mini-batch with a maximum of 1.06% zero probability fragments
[2024-03-14 00:15:49.766] [jointLog] [info] Thread saw mini-batch with a maximum of 1.06% zero probability fragments
[2024-03-14 00:15:49.766] [jointLog] [info] Thread saw mini-batch with a maximum of 1.04% zero probability fragments
[2024-03-14 00:15:49.766] [jointLog] [info] Thread saw mini-batch with a maximum of 1.08% zero probability fragments
[2024-03-14 00:15:49.766] [jointLog] [info] Thread saw mini-batch with a maximum of 1.00% zero probability fragments
[2024-03-14 00:15:49.766] [jointLog] [info] Thread saw mini-batch with a maximum of 1.04% zero probability fragments
[2024-03-14 00:15:49.766] [jointLog] [info] Thread saw mini-batch with a maximum of 1.14% zero probability fragments
[2024-03-14 00:15:49.766] [jointLog] [info] Thread saw mini-batch with a maximum of 0.96% zero probability fragments
[2024-03-14 00:15:49.766] [jointLog] [info] Thread saw mini-batch with a maximum of 0.98% zero probability fragments
[2024-03-14 00:15:49.766] [jointLog] [info] Thread saw mini-batch with a maximum of 1.06% zero probability fragments
[2024-03-14 00:15:49.766] [jointLog] [info] Thread saw mini-batch with a maximum of 1.02% zero probability fragments
[2024-03-14 00:15:49.766] [jointLog] [info] Thread saw mini-batch with a maximum of 0.96% zero probability fragments
[2024-03-14 00:15:49.766] [jointLog] [info] Thread saw mini-batch with a maximum of 1.06% zero probability fragments
[2024-03-14 00:15:49.766] [jointLog] [info] Thread saw mini-batch with a maximum of 1.02% zero probability fragments
[2024-03-14 00:15:49.766] [jointLog] [info] Thread saw mini-batch with a maximum of 1.02% zero probability fragments
[2024-03-14 00:15:49.766] [jointLog] [info] Thread saw mini-batch with a maximum of 0.92% zero probability fragments
[2024-03-14 00:15:49.766] [jointLog] [info] Thread saw mini-batch with a maximum of 1.16% zero probability fragments
[2024-03-14 00:15:49.766] [jointLog] [info] Thread saw mini-batch with a maximum of 0.92% zero probability fragments
[2024-03-14 00:15:49.766] [jointLog] [info] Thread saw mini-batch with a maximum of 0.98% zero probability fragments
[2024-03-14 00:15:49.766] [jointLog] [info] Thread saw mini-batch with a maximum of 0.88% zero probability fragments
[2024-03-14 00:15:49.766] [jointLog] [info] Thread saw mini-batch with a maximum of 1.18% zero probability fragments
[2024-03-14 00:15:49.766] [jointLog] [info] Thread saw mini-batch with a maximum of 1.14% zero probability fragments
[2024-03-14 00:15:49.766] [jointLog] [info] Thread saw mini-batch with a maximum of 0.98% zero probability fragments
[2024-03-14 00:15:49.766] [jointLog] [info] Thread saw mini-batch with a maximum of 1.10% zero probability fragments
[2024-03-14 00:15:49.766] [jointLog] [info] Thread saw mini-batch with a maximum of 1.00% zero probability fragments
[2024-03-14 00:15:49.766] [jointLog] [info] Thread saw mini-batch with a maximum of 1.08% zero probability fragments
[2024-03-14 00:15:49.766] [jointLog] [info] Thread saw mini-batch with a maximum of 1.30% zero probability fragments
[2024-03-14 00:15:49.766] [jointLog] [info] Thread saw mini-batch with a maximum of 1.00% zero probability fragments
[2024-03-14 00:15:49.766] [jointLog] [info] Thread saw mini-batch with a maximum of 1.16% zero probability fragments
[2024-03-14 00:15:49.766] [jointLog] [info] Thread saw mini-batch with a maximum of 0.94% zero probability fragments
[2024-03-14 00:15:49.766] [jointLog] [info] Thread saw mini-batch with a maximum of 0.98% zero probability fragments
[2024-03-14 00:15:49.766] [jointLog] [info] Thread saw mini-batch with a maximum of 0.98% zero probability fragments
[2024-03-14 00:15:49.766] [jointLog] [info] Thread saw mini-batch with a maximum of 0.98% zero probability fragments
[2024-03-14 00:15:49.766] [jointLog] [info] Thread saw mini-batch with a maximum of 0.94% zero probability fragments
[2024-03-14 00:15:49.766] [jointLog] [info] Thread saw mini-batch with a maximum of 1.08% zero probability fragments
[2024-03-14 00:15:49.766] [jointLog] [info] Thread saw mini-batch with a maximum of 1.02% zero probability fragments
[2024-03-14 00:15:49.766] [jointLog] [info] Thread saw mini-batch with a maximum of 1.12% zero probability fragments
[2024-03-14 00:15:49.766] [jointLog] [info] Thread saw mini-batch with a maximum of 1.14% zero probability fragments
[2024-03-14 00:15:49.766] [jointLog] [info] Thread saw mini-batch with a maximum of 1.04% zero probability fragments
[2024-03-14 00:15:49.766] [jointLog] [info] Thread saw mini-batch with a maximum of 1.18% zero probability fragments
[2024-03-14 00:15:49.766] [jointLog] [info] Thread saw mini-batch with a maximum of 0.98% zero probability fragments
[2024-03-14 00:15:49.766] [jointLog] [info] Thread saw mini-batch with a maximum of 1.10% zero probability fragments
[2024-03-14 00:15:49.766] [jointLog] [info] Thread saw mini-batch with a maximum of 1.04% zero probability fragments
[2024-03-14 00:15:49.766] [jointLog] [info] Thread saw mini-batch with a maximum of 0.94% zero probability fragments
[2024-03-14 00:15:49.766] [jointLog] [info] Thread saw mini-batch with a maximum of 0.92% zero probability fragments
[2024-03-14 00:15:49.766] [jointLog] [info] Thread saw mini-batch with a maximum of 1.02% zero probability fragments
[2024-03-14 00:15:49.766] [jointLog] [info] Thread saw mini-batch with a maximum of 1.06% zero probability fragments
[2024-03-14 00:15:49.766] [jointLog] [info] Thread saw mini-batch with a maximum of 0.94% zero probability fragments
[2024-03-14 00:15:49.766] [jointLog] [info] Thread saw mini-batch with a maximum of 0.94% zero probability fragments
[2024-03-14 00:15:49.766] [jointLog] [info] Thread saw mini-batch with a maximum of 0.92% zero probability fragments
[2024-03-14 00:15:49.766] [jointLog] [info] Thread saw mini-batch with a maximum of 1.02% zero probability fragments
[2024-03-14 00:15:49.766] [jointLog] [info] Thread saw mini-batch with a maximum of 0.90% zero probability fragments
[2024-03-14 00:15:49.766] [jointLog] [info] Thread saw mini-batch with a maximum of 1.00% zero probability fragments
[2024-03-14 00:15:49.766] [jointLog] [info] Thread saw mini-batch with a maximum of 1.00% zero probability fragments
[2024-03-14 00:15:49.766] [jointLog] [info] Thread saw mini-batch with a maximum of 0.96% zero probability fragments
[2024-03-14 00:15:49.766] [jointLog] [info] Thread saw mini-batch with a maximum of 1.04% zero probability fragments
[2024-03-14 00:15:49.766] [jointLog] [info] Thread saw mini-batch with a maximum of 0.98% zero probability fragments
[2024-03-14 00:15:49.766] [jointLog] [info] Thread saw mini-batch with a maximum of 0.96% zero probability fragments
[2024-03-14 00:15:49.766] [jointLog] [info] Thread saw mini-batch with a maximum of 1.00% zero probability fragments
[2024-03-14 00:15:49.766] [jointLog] [info] Thread saw mini-batch with a maximum of 1.10% zero probability fragments
[2024-03-14 00:15:49.766] [jointLog] [info] Thread saw mini-batch with a maximum of 1.24% zero probability fragments
[2024-03-14 00:15:49.766] [jointLog] [info] Thread saw mini-batch with a maximum of 1.02% zero probability fragments
[2024-03-14 00:15:49.766] [jointLog] [info] Thread saw mini-batch with a maximum of 0.94% zero probability fragments
[2024-03-14 00:15:49.766] [jointLog] [info] Thread saw mini-batch with a maximum of 1.00% zero probability fragments
[2024-03-14 00:15:49.766] [jointLog] [info] Thread saw mini-batch with a maximum of 0.98% zero probability fragments
[2024-03-14 00:15:49.766] [jointLog] [info] Thread saw mini-batch with a maximum of 1.00% zero probability fragments
[2024-03-14 00:15:49.766] [jointLog] [info] Thread saw mini-batch with a maximum of 1.02% zero probability fragments
[2024-03-14 00:15:49.766] [jointLog] [info] Thread saw mini-batch with a maximum of 1.06% zero probability fragments
[2024-03-14 00:15:49.766] [jointLog] [info] Thread saw mini-batch with a maximum of 1.00% zero probability fragments
[2024-03-14 00:15:49.766] [jointLog] [info] Thread saw mini-batch with a maximum of 1.04% zero probability fragments
[2024-03-14 00:15:49.766] [jointLog] [info] Thread saw mini-batch with a maximum of 0.96% zero probability fragments
[2024-03-14 00:15:49.766] [jointLog] [info] Thread saw mini-batch with a maximum of 1.04% zero probability fragments
[2024-03-14 00:15:49.766] [jointLog] [info] Thread saw mini-batch with a maximum of 1.04% zero probability fragments
[2024-03-14 00:15:49.766] [jointLog] [info] Thread saw mini-batch with a maximum of 1.00% zero probability fragments
[2024-03-14 00:15:49.766] [jointLog] [info] Thread saw mini-batch with a maximum of 0.92% zero probability fragments
[2024-03-14 00:15:49.766] [jointLog] [info] Thread saw mini-batch with a maximum of 1.06% zero probability fragments
[2024-03-14 00:15:49.766] [jointLog] [info] Thread saw mini-batch with a maximum of 1.00% zero probability fragments
[2024-03-14 00:15:49.766] [jointLog] [info] Thread saw mini-batch with a maximum of 1.04% zero probability fragments
[2024-03-14 00:15:49.766] [jointLog] [info] Thread saw mini-batch with a maximum of 1.00% zero probability fragments
[2024-03-14 00:15:49.766] [jointLog] [info] Thread saw mini-batch with a maximum of 0.92% zero probability fragments
[2024-03-14 00:15:49.766] [jointLog] [info] Thread saw mini-batch with a maximum of 1.02% zero probability fragments
[2024-03-14 00:15:49.766] [jointLog] [info] Thread saw mini-batch with a maximum of 0.98% zero probability fragments
[2024-03-14 00:15:49.766] [jointLog] [info] Thread saw mini-batch with a maximum of 1.04% zero probability fragments
[2024-03-14 00:15:49.766] [jointLog] [info] Thread saw mini-batch with a maximum of 1.08% zero probability fragments
[2024-03-14 00:15:49.766] [jointLog] [info] Thread saw mini-batch with a maximum of 1.12% zero probability fragments
[2024-03-14 00:15:49.766] [jointLog] [info] Thread saw mini-batch with a maximum of 1.04% zero probability fragments
[2024-03-14 00:15:49.766] [jointLog] [info] Thread saw mini-batch with a maximum of 0.98% zero probability fragments
[2024-03-14 00:15:49.766] [jointLog] [info] Thread saw mini-batch with a maximum of 0.96% zero probability fragments
[2024-03-14 00:15:49.766] [jointLog] [info] Thread saw mini-batch with a maximum of 1.24% zero probability fragments
[2024-03-14 00:15:49.766] [jointLog] [info] Thread saw mini-batch with a maximum of 0.92% zero probability fragments
[2024-03-14 00:15:49.766] [jointLog] [info] Thread saw mini-batch with a maximum of 1.04% zero probability fragments
[2024-03-14 00:15:49.766] [jointLog] [info] Thread saw mini-batch with a maximum of 0.98% zero probability fragments
[2024-03-14 00:15:49.766] [jointLog] [info] Thread saw mini-batch with a maximum of 1.06% zero probability fragments
[2024-03-14 00:15:49.766] [jointLog] [info] Thread saw mini-batch with a maximum of 1.06% zero probability fragments
[2024-03-14 00:15:49.766] [jointLog] [info] Thread saw mini-batch with a maximum of 1.04% zero probability fragments
[2024-03-14 00:15:49.766] [jointLog] [info] Thread saw mini-batch with a maximum of 0.98% zero probability fragments
[2024-03-14 00:15:49.766] [jointLog] [info] Thread saw mini-batch with a maximum of 1.08% zero probability fragments
[2024-03-14 00:15:49.766] [jointLog] [info] Thread saw mini-batch with a maximum of 1.00% zero probability fragments
[2024-03-14 00:15:49.766] [jointLog] [info] Thread saw mini-batch with a maximum of 0.98% zero probability fragments
[2024-03-14 00:15:49.766] [jointLog] [info] Thread saw mini-batch with a maximum of 1.14% zero probability fragments
[2024-03-14 00:15:49.766] [jointLog] [info] Thread saw mini-batch with a maximum of 0.90% zero probability fragments
[2024-03-14 00:15:49.766] [jointLog] [info] Thread saw mini-batch with a maximum of 0.94% zero probability fragments
[2024-03-14 00:15:49.766] [jointLog] [info] Thread saw mini-batch with a maximum of 1.04% zero probability fragments
[2024-03-14 00:15:49.767] [jointLog] [info] Thread saw mini-batch with a maximum of 1.02% zero probability fragments
[2024-03-14 00:15:49.767] [jointLog] [info] Thread saw mini-batch with a maximum of 0.92% zero probability fragments
[2024-03-14 00:15:49.767] [jointLog] [info] Thread saw mini-batch with a maximum of 0.96% zero probability fragments
[2024-03-14 00:15:49.767] [jointLog] [info] Thread saw mini-batch with a maximum of 1.02% zero probability fragments
[2024-03-14 00:15:49.766] [jointLog] [info] Thread saw mini-batch with a maximum of 1.04% zero probability fragments
[2024-03-14 00:15:49.777] [jointLog] [info] Thread saw mini-batch with a maximum of 1.02% zero probability fragments
[2024-03-14 00:15:49.777] [jointLog] [info] Thread saw mini-batch with a maximum of 1.02% zero probability fragments
[2024-03-14 00:15:49.777] [jointLog] [info] Thread saw mini-batch with a maximum of 1.18% zero probability fragments
[2024-03-14 00:15:49.777] [jointLog] [info] Thread saw mini-batch with a maximum of 0.98% zero probability fragments
[2024-03-14 00:15:49.777] [jointLog] [info] Thread saw mini-batch with a maximum of 1.24% zero probability fragments
[2024-03-14 00:15:49.777] [jointLog] [info] Thread saw mini-batch with a maximum of 1.02% zero probability fragments
[2024-03-14 00:15:49.777] [jointLog] [info] Thread saw mini-batch with a maximum of 1.16% zero probability fragments
[2024-03-14 00:15:49.777] [jointLog] [info] Thread saw mini-batch with a maximum of 1.08% zero probability fragments
[2024-03-14 00:15:49.778] [jointLog] [info] Thread saw mini-batch with a maximum of 1.02% zero probability fragments
[2024-03-14 00:15:49.778] [jointLog] [info] Thread saw mini-batch with a maximum of 1.02% zero probability fragments
[2024-03-14 00:15:49.781] [jointLog] [info] Thread saw mini-batch with a maximum of 0.96% zero probability fragments
[2024-03-14 00:15:49.781] [jointLog] [info] Thread saw mini-batch with a maximum of 1.16% zero probability fragments
[2024-03-14 00:15:49.781] [jointLog] [info] Thread saw mini-batch with a maximum of 1.12% zero probability fragments
[2024-03-14 00:15:49.781] [jointLog] [info] Thread saw mini-batch with a maximum of 0.96% zero probability fragments
[2024-03-14 00:15:49.781] [jointLog] [info] Thread saw mini-batch with a maximum of 1.02% zero probability fragments
[2024-03-14 00:15:49.781] [jointLog] [info] Thread saw mini-batch with a maximum of 1.12% zero probability fragments
[2024-03-14 00:15:49.781] [jointLog] [info] Thread saw mini-batch with a maximum of 1.00% zero probability fragments
[2024-03-14 00:15:49.781] [jointLog] [info] Thread saw mini-batch with a maximum of 0.98% zero probability fragments
[2024-03-14 00:15:49.781] [jointLog] [info] Thread saw mini-batch with a maximum of 0.96% zero probability fragments
[2024-03-14 00:15:49.781] [jointLog] [info] Thread saw mini-batch with a maximum of 0.96% zero probability fragments
[2024-03-14 00:15:49.781] [jointLog] [info] Thread saw mini-batch with a maximum of 1.08% zero probability fragments
[2024-03-14 00:15:49.781] [jointLog] [info] Thread saw mini-batch with a maximum of 1.06% zero probability fragments
[2024-03-14 00:15:49.781] [jointLog] [info] Thread saw mini-batch with a maximum of 0.92% zero probability fragments
[2024-03-14 00:15:49.781] [jointLog] [info] Thread saw mini-batch with a maximum of 1.06% zero probability fragments
[2024-03-14 00:15:49.781] [jointLog] [info] Thread saw mini-batch with a maximum of 0.96% zero probability fragments
[2024-03-14 00:15:49.781] [jointLog] [info] Thread saw mini-batch with a maximum of 0.96% zero probability fragments
[2024-03-14 00:15:49.781] [jointLog] [info] Thread saw mini-batch with a maximum of 1.06% zero probability fragments
[2024-03-14 00:15:49.781] [jointLog] [info] Thread saw mini-batch with a maximum of 0.94% zero probability fragments
[2024-03-14 00:15:49.781] [jointLog] [info] Thread saw mini-batch with a maximum of 0.96% zero probability fragments
[2024-03-14 00:15:49.781] [jointLog] [info] Thread saw mini-batch with a maximum of 1.06% zero probability fragments
[2024-03-14 00:15:49.781] [jointLog] [info] Thread saw mini-batch with a maximum of 0.98% zero probability fragments
[2024-03-14 00:15:49.781] [jointLog] [info] Thread saw mini-batch with a maximum of 0.98% zero probability fragments
[2024-03-14 00:15:49.782] [jointLog] [info] Thread saw mini-batch with a maximum of 0.92% zero probability fragments
[2024-03-14 00:15:49.787] [jointLog] [info] Thread saw mini-batch with a maximum of 0.98% zero probability fragments
[2024-03-14 00:15:49.788] [jointLog] [info] Thread saw mini-batch with a maximum of 1.04% zero probability fragments
[2024-03-14 00:15:49.788] [jointLog] [info] Thread saw mini-batch with a maximum of 1.06% zero probability fragments
[2024-03-14 00:15:49.789] [jointLog] [info] Thread saw mini-batch with a maximum of 1.06% zero probability fragments
[2024-03-14 00:15:49.789] [jointLog] [info] Thread saw mini-batch with a maximum of 0.96% zero probability fragments
[2024-03-14 00:15:49.789] [jointLog] [info] Thread saw mini-batch with a maximum of 1.00% zero probability fragments
[2024-03-14 00:15:49.789] [jointLog] [info] Thread saw mini-batch with a maximum of 1.04% zero probability fragments
[2024-03-14 00:15:49.789] [jointLog] [info] Thread saw mini-batch with a maximum of 1.00% zero probability fragments
[2024-03-14 00:15:49.812] [jointLog] [info] Thread saw mini-batch with a maximum of 1.16% zero probability fragments
[2024-03-14 00:15:49.822] [jointLog] [info] Thread saw mini-batch with a maximum of 0.98% zero probability fragments
[2024-03-14 00:15:49.823] [jointLog] [info] Thread saw mini-batch with a maximum of 1.08% zero probability fragments
[2024-03-14 00:15:49.844] [jointLog] [info] Thread saw mini-batch with a maximum of 1.08% zero probability fragments
[2024-03-14 00:15:49.863] [jointLog] [info] Thread saw mini-batch with a maximum of 0.96% zero probability fragments
[2024-03-14 00:15:49.867] [jointLog] [info] Thread saw mini-batch with a maximum of 1.02% zero probability fragments
[2024-03-14 00:15:49.871] [jointLog] [info] Thread saw mini-batch with a maximum of 0.92% zero probability fragments
[2024-03-14 00:15:49.874] [jointLog] [info] Thread saw mini-batch with a maximum of 1.06% zero probability fragments
[2024-03-14 00:15:49.897] [jointLog] [info] Thread saw mini-batch with a maximum of 0.98% zero probability fragments
[2024-03-14 00:15:49.897] [jointLog] [info] Thread saw mini-batch with a maximum of 1.06% zero probability fragments
[2024-03-14 00:15:49.914] [jointLog] [info] Thread saw mini-batch with a maximum of 0.94% zero probability fragments
[2024-03-14 00:15:49.918] [jointLog] [info] Thread saw mini-batch with a maximum of 0.98% zero probability fragments
[2024-03-14 00:15:49.933] [jointLog] [info] Thread saw mini-batch with a maximum of 0.98% zero probability fragments
[2024-03-14 00:15:49.941] [jointLog] [info] Thread saw mini-batch with a maximum of 0.94% zero probability fragments
[2024-03-14 00:15:49.943] [jointLog] [info] Thread saw mini-batch with a maximum of 0.98% zero probability fragments
[2024-03-14 00:15:49.955] [jointLog] [info] Thread saw mini-batch with a maximum of 1.04% zero probability fragments
[2024-03-14 00:15:49.955] [jointLog] [info] Thread saw mini-batch with a maximum of 1.18% zero probability fragments
[2024-03-14 00:15:49.981] [jointLog] [info] Thread saw mini-batch with a maximum of 1.02% zero probability fragments
[2024-03-14 00:15:51.167] [jointLog] [info] Computed 935,684 rich equivalence classes for further processing
[2024-03-14 00:15:51.167] [jointLog] [info] Counted 26,004,580 total reads in the equivalence classes 
[2024-03-14 00:15:51.409] [jointLog] [warning] 3.25072e-06% of fragments were shorter than the k used to build the index.
If this fraction is too large, consider re-building the index with a smaller k.
The minimum read size found was 29.


[2024-03-14 00:15:51.409] [jointLog] [info] Number of mappings discarded because of alignment score : 5,782,033
[2024-03-14 00:15:51.409] [jointLog] [info] Number of fragments entirely discarded because of alignment score : 1,726,188
[2024-03-14 00:15:51.409] [jointLog] [info] Number of fragments discarded because they are best-mapped to decoys : 1,514,536
[2024-03-14 00:15:51.409] [jointLog] [info] Number of fragments discarded because they have only dovetail (discordant) mappings to valid targets : 70,324
[2024-03-14 00:15:51.409] [jointLog] [info] Mapping rate = 84.5337%

[2024-03-14 00:15:51.409] [jointLog] [info] finished quantifyLibrary()
[2024-03-14 00:15:51.409] [jointLog] [info] Starting optimizer
[2024-03-14 00:15:51.168] [fileLog] [info] 
At end of round 0
==================
Observed 30762375 total fragments (30762375 in most recent round)

[2024-03-14 00:15:56.053] [jointLog] [info] Marked 0 weighted equivalence classes as degenerate
[2024-03-14 00:15:56.072] [jointLog] [info] iteration = 0 | max rel diff. = 8437.6
[2024-03-14 00:15:57.087] [jointLog] [info] iteration = 100 | max rel diff. = 19.4706
[2024-03-14 00:15:58.097] [jointLog] [info] iteration = 200 | max rel diff. = 8.60591
[2024-03-14 00:15:59.109] [jointLog] [info] iteration = 300 | max rel diff. = 11.7413
[2024-03-14 00:16:00.120] [jointLog] [info] iteration = 400 | max rel diff. = 0.437819
[2024-03-14 00:16:01.131] [jointLog] [info] iteration = 500 | max rel diff. = 0.788475
[2024-03-14 00:16:02.181] [jointLog] [info] iteration = 600 | max rel diff. = 0.162741
[2024-03-14 00:16:03.185] [jointLog] [info] iteration = 700 | max rel diff. = 0.331308
[2024-03-14 00:16:04.221] [jointLog] [info] iteration = 800 | max rel diff. = 0.0520274
[2024-03-14 00:16:05.229] [jointLog] [info] iteration = 900 | max rel diff. = 1.12528
[2024-03-14 00:16:06.241] [jointLog] [info] iteration = 1,000 | max rel diff. = 0.0256563
[2024-03-14 00:16:07.253] [jointLog] [info] iteration = 1,100 | max rel diff. = 1.74759
[2024-03-14 00:16:08.265] [jointLog] [info] iteration = 1,200 | max rel diff. = 0.806896
[2024-03-14 00:16:09.280] [jointLog] [info] iteration = 1,300 | max rel diff. = 0.0534397
[2024-03-14 00:16:10.290] [jointLog] [info] iteration = 1,400 | max rel diff. = 0.0402258
[2024-03-14 00:16:11.300] [jointLog] [info] iteration = 1,500 | max rel diff. = 0.0808298
[2024-03-14 00:16:11.464] [jointLog] [info] iteration = 1,517 | max rel diff. = 0.00475017
[2024-03-14 00:16:11.482] [jointLog] [info] Finished optimizer
[2024-03-14 00:16:11.482] [jointLog] [info] writing output 

