[2024-03-13 23:15:54.260] [jointLog] [info] setting maxHashResizeThreads to 180
[2024-03-13 23:15:54.260] [jointLog] [info] Fragment incompatibility prior below threshold.  Incompatible fragments will be ignored.
[2024-03-13 23:15:54.260] [jointLog] [info] Usage of --validateMappings implies use of minScoreFraction. Since not explicitly specified, it is being set to 0.65
[2024-03-13 23:15:54.260] [jointLog] [info] Setting consensusSlack to selective-alignment default of 0.35.
[2024-03-13 23:15:54.260] [jointLog] [info] parsing read library format
[2024-03-13 23:15:54.260] [jointLog] [info] There is 1 library.
[2024-03-13 23:15:54.260] [jointLog] [info] Loading pufferfish index
[2024-03-13 23:15:54.260] [jointLog] [info] Loading dense pufferfish index.
[2024-03-13 23:16:25.555] [jointLog] [info] done
[2024-03-13 23:16:25.646] [jointLog] [info] Index contained 147,554 targets
[2024-03-13 23:16:25.687] [jointLog] [info] Number of decoys : 61
[2024-03-13 23:16:25.687] [jointLog] [info] First decoy index : 147,456 
[2024-03-13 23:16:27.010] [jointLog] [info] Automatically detected most likely library type as ISR

[2024-03-13 23:17:58.331] [jointLog] [info] Thread saw mini-batch with a maximum of 0.80% zero probability fragments
[2024-03-13 23:17:58.331] [jointLog] [info] Thread saw mini-batch with a maximum of 0.84% zero probability fragments
[2024-03-13 23:17:58.331] [jointLog] [info] Thread saw mini-batch with a maximum of 0.78% zero probability fragments
[2024-03-13 23:17:58.331] [jointLog] [info] Thread saw mini-batch with a maximum of 0.72% zero probability fragments
[2024-03-13 23:17:58.331] [jointLog] [info] Thread saw mini-batch with a maximum of 0.64% zero probability fragments
[2024-03-13 23:17:58.331] [jointLog] [info] Thread saw mini-batch with a maximum of 0.70% zero probability fragments
[2024-03-13 23:17:58.331] [jointLog] [info] Thread saw mini-batch with a maximum of 0.76% zero probability fragments
[2024-03-13 23:17:58.331] [jointLog] [info] Thread saw mini-batch with a maximum of 0.82% zero probability fragments
[2024-03-13 23:17:58.331] [jointLog] [info] Thread saw mini-batch with a maximum of 0.82% zero probability fragments
[2024-03-13 23:17:58.331] [jointLog] [info] Thread saw mini-batch with a maximum of 0.76% zero probability fragments
[2024-03-13 23:17:58.331] [jointLog] [info] Thread saw mini-batch with a maximum of 0.78% zero probability fragments
[2024-03-13 23:17:58.331] [jointLog] [info] Thread saw mini-batch with a maximum of 0.74% zero probability fragments
[2024-03-13 23:17:58.331] [jointLog] [info] Thread saw mini-batch with a maximum of 0.70% zero probability fragments
[2024-03-13 23:17:58.331] [jointLog] [info] Thread saw mini-batch with a maximum of 0.80% zero probability fragments
[2024-03-13 23:17:58.331] [jointLog] [info] Thread saw mini-batch with a maximum of 0.86% zero probability fragments
[2024-03-13 23:17:58.331] [jointLog] [info] Thread saw mini-batch with a maximum of 0.82% zero probability fragments
[2024-03-13 23:17:58.331] [jointLog] [info] Thread saw mini-batch with a maximum of 0.78% zero probability fragments
[2024-03-13 23:17:58.331] [jointLog] [info] Thread saw mini-batch with a maximum of 0.84% zero probability fragments
[2024-03-13 23:17:58.331] [jointLog] [info] Thread saw mini-batch with a maximum of 0.82% zero probability fragments
[2024-03-13 23:17:58.331] [jointLog] [info] Thread saw mini-batch with a maximum of 0.78% zero probability fragments
[2024-03-13 23:17:58.331] [jointLog] [info] Thread saw mini-batch with a maximum of 0.82% zero probability fragments
[2024-03-13 23:17:58.331] [jointLog] [info] Thread saw mini-batch with a maximum of 0.80% zero probability fragments
[2024-03-13 23:17:58.331] [jointLog] [info] Thread saw mini-batch with a maximum of 0.90% zero probability fragments
[2024-03-13 23:17:58.331] [jointLog] [info] Thread saw mini-batch with a maximum of 0.86% zero probability fragments
[2024-03-13 23:17:58.331] [jointLog] [info] Thread saw mini-batch with a maximum of 0.74% zero probability fragments
[2024-03-13 23:17:58.331] [jointLog] [info] Thread saw mini-batch with a maximum of 0.84% zero probability fragments
[2024-03-13 23:17:58.331] [jointLog] [info] Thread saw mini-batch with a maximum of 0.68% zero probability fragments
[2024-03-13 23:17:58.331] [jointLog] [info] Thread saw mini-batch with a maximum of 0.80% zero probability fragments
[2024-03-13 23:17:58.331] [jointLog] [info] Thread saw mini-batch with a maximum of 0.78% zero probability fragments
[2024-03-13 23:17:58.331] [jointLog] [info] Thread saw mini-batch with a maximum of 0.76% zero probability fragments
[2024-03-13 23:17:58.331] [jointLog] [info] Thread saw mini-batch with a maximum of 0.78% zero probability fragments
[2024-03-13 23:17:58.331] [jointLog] [info] Thread saw mini-batch with a maximum of 0.76% zero probability fragments
[2024-03-13 23:17:58.331] [jointLog] [info] Thread saw mini-batch with a maximum of 0.78% zero probability fragments
[2024-03-13 23:17:58.331] [jointLog] [info] Thread saw mini-batch with a maximum of 0.74% zero probability fragments
[2024-03-13 23:17:58.331] [jointLog] [info] Thread saw mini-batch with a maximum of 0.76% zero probability fragments
[2024-03-13 23:17:58.331] [jointLog] [info] Thread saw mini-batch with a maximum of 0.76% zero probability fragments
[2024-03-13 23:17:58.331] [jointLog] [info] Thread saw mini-batch with a maximum of 0.76% zero probability fragments
[2024-03-13 23:17:58.331] [jointLog] [info] Thread saw mini-batch with a maximum of 0.84% zero probability fragments
[2024-03-13 23:17:58.331] [jointLog] [info] Thread saw mini-batch with a maximum of 0.82% zero probability fragments
[2024-03-13 23:17:58.331] [jointLog] [info] Thread saw mini-batch with a maximum of 0.76% zero probability fragments
[2024-03-13 23:17:58.332] [jointLog] [info] Thread saw mini-batch with a maximum of 0.76% zero probability fragments
[2024-03-13 23:17:58.332] [jointLog] [info] Thread saw mini-batch with a maximum of 0.76% zero probability fragments
[2024-03-13 23:17:58.332] [jointLog] [info] Thread saw mini-batch with a maximum of 0.78% zero probability fragments
[2024-03-13 23:17:58.332] [jointLog] [info] Thread saw mini-batch with a maximum of 0.70% zero probability fragments
[2024-03-13 23:17:58.332] [jointLog] [info] Thread saw mini-batch with a maximum of 0.70% zero probability fragments
[2024-03-13 23:17:58.332] [jointLog] [info] Thread saw mini-batch with a maximum of 0.74% zero probability fragments
[2024-03-13 23:17:58.332] [jointLog] [info] Thread saw mini-batch with a maximum of 0.86% zero probability fragments
[2024-03-13 23:17:58.332] [jointLog] [info] Thread saw mini-batch with a maximum of 0.62% zero probability fragments
[2024-03-13 23:17:58.332] [jointLog] [info] Thread saw mini-batch with a maximum of 0.76% zero probability fragments
[2024-03-13 23:17:58.332] [jointLog] [info] Thread saw mini-batch with a maximum of 0.82% zero probability fragments
[2024-03-13 23:17:58.332] [jointLog] [info] Thread saw mini-batch with a maximum of 0.74% zero probability fragments
[2024-03-13 23:17:58.332] [jointLog] [info] Thread saw mini-batch with a maximum of 0.74% zero probability fragments
[2024-03-13 23:17:58.332] [jointLog] [info] Thread saw mini-batch with a maximum of 0.68% zero probability fragments
[2024-03-13 23:17:58.332] [jointLog] [info] Thread saw mini-batch with a maximum of 0.72% zero probability fragments
[2024-03-13 23:17:58.332] [jointLog] [info] Thread saw mini-batch with a maximum of 0.68% zero probability fragments
[2024-03-13 23:17:58.332] [jointLog] [info] Thread saw mini-batch with a maximum of 0.82% zero probability fragments
[2024-03-13 23:17:58.332] [jointLog] [info] Thread saw mini-batch with a maximum of 0.86% zero probability fragments
[2024-03-13 23:17:58.332] [jointLog] [info] Thread saw mini-batch with a maximum of 0.88% zero probability fragments
[2024-03-13 23:17:58.332] [jointLog] [info] Thread saw mini-batch with a maximum of 0.72% zero probability fragments
[2024-03-13 23:17:58.332] [jointLog] [info] Thread saw mini-batch with a maximum of 0.74% zero probability fragments
[2024-03-13 23:17:58.332] [jointLog] [info] Thread saw mini-batch with a maximum of 0.72% zero probability fragments
[2024-03-13 23:17:58.332] [jointLog] [info] Thread saw mini-batch with a maximum of 0.66% zero probability fragments
[2024-03-13 23:17:58.332] [jointLog] [info] Thread saw mini-batch with a maximum of 0.72% zero probability fragments
[2024-03-13 23:17:58.332] [jointLog] [info] Thread saw mini-batch with a maximum of 0.78% zero probability fragments
[2024-03-13 23:17:58.332] [jointLog] [info] Thread saw mini-batch with a maximum of 0.80% zero probability fragments
[2024-03-13 23:17:58.332] [jointLog] [info] Thread saw mini-batch with a maximum of 0.76% zero probability fragments
[2024-03-13 23:17:58.332] [jointLog] [info] Thread saw mini-batch with a maximum of 0.70% zero probability fragments
[2024-03-13 23:17:58.332] [jointLog] [info] Thread saw mini-batch with a maximum of 0.82% zero probability fragments
[2024-03-13 23:17:58.332] [jointLog] [info] Thread saw mini-batch with a maximum of 0.86% zero probability fragments
[2024-03-13 23:17:58.332] [jointLog] [info] Thread saw mini-batch with a maximum of 0.72% zero probability fragments
[2024-03-13 23:17:58.332] [jointLog] [info] Thread saw mini-batch with a maximum of 0.86% zero probability fragments
[2024-03-13 23:17:58.332] [jointLog] [info] Thread saw mini-batch with a maximum of 0.72% zero probability fragments
[2024-03-13 23:17:58.332] [jointLog] [info] Thread saw mini-batch with a maximum of 0.80% zero probability fragments
[2024-03-13 23:17:58.332] [jointLog] [info] Thread saw mini-batch with a maximum of 0.76% zero probability fragments
[2024-03-13 23:17:58.332] [jointLog] [info] Thread saw mini-batch with a maximum of 0.74% zero probability fragments
[2024-03-13 23:17:58.332] [jointLog] [info] Thread saw mini-batch with a maximum of 0.72% zero probability fragments
[2024-03-13 23:17:58.332] [jointLog] [info] Thread saw mini-batch with a maximum of 0.80% zero probability fragments
[2024-03-13 23:17:58.332] [jointLog] [info] Thread saw mini-batch with a maximum of 0.74% zero probability fragments
[2024-03-13 23:17:58.332] [jointLog] [info] Thread saw mini-batch with a maximum of 0.82% zero probability fragments
[2024-03-13 23:17:58.332] [jointLog] [info] Thread saw mini-batch with a maximum of 0.74% zero probability fragments
[2024-03-13 23:17:58.332] [jointLog] [info] Thread saw mini-batch with a maximum of 0.84% zero probability fragments
[2024-03-13 23:17:58.332] [jointLog] [info] Thread saw mini-batch with a maximum of 0.76% zero probability fragments
[2024-03-13 23:17:58.332] [jointLog] [info] Thread saw mini-batch with a maximum of 0.92% zero probability fragments
[2024-03-13 23:17:58.337] [jointLog] [info] Thread saw mini-batch with a maximum of 0.72% zero probability fragments
[2024-03-13 23:17:58.337] [jointLog] [info] Thread saw mini-batch with a maximum of 0.88% zero probability fragments
[2024-03-13 23:17:58.341] [jointLog] [info] Thread saw mini-batch with a maximum of 0.72% zero probability fragments
[2024-03-13 23:17:58.341] [jointLog] [info] Thread saw mini-batch with a maximum of 0.80% zero probability fragments
[2024-03-13 23:17:58.341] [jointLog] [info] Thread saw mini-batch with a maximum of 0.82% zero probability fragments
[2024-03-13 23:17:58.341] [jointLog] [info] Thread saw mini-batch with a maximum of 0.74% zero probability fragments
[2024-03-13 23:17:58.341] [jointLog] [info] Thread saw mini-batch with a maximum of 0.82% zero probability fragments
[2024-03-13 23:17:58.341] [jointLog] [info] Thread saw mini-batch with a maximum of 0.84% zero probability fragments
[2024-03-13 23:17:58.341] [jointLog] [info] Thread saw mini-batch with a maximum of 0.70% zero probability fragments
[2024-03-13 23:17:58.341] [jointLog] [info] Thread saw mini-batch with a maximum of 0.78% zero probability fragments
[2024-03-13 23:17:58.341] [jointLog] [info] Thread saw mini-batch with a maximum of 0.72% zero probability fragments
[2024-03-13 23:17:58.341] [jointLog] [info] Thread saw mini-batch with a maximum of 0.78% zero probability fragments
[2024-03-13 23:17:58.341] [jointLog] [info] Thread saw mini-batch with a maximum of 0.78% zero probability fragments
[2024-03-13 23:17:58.341] [jointLog] [info] Thread saw mini-batch with a maximum of 0.68% zero probability fragments
[2024-03-13 23:17:58.341] [jointLog] [info] Thread saw mini-batch with a maximum of 0.76% zero probability fragments
[2024-03-13 23:17:58.341] [jointLog] [info] Thread saw mini-batch with a maximum of 0.78% zero probability fragments
[2024-03-13 23:17:58.341] [jointLog] [info] Thread saw mini-batch with a maximum of 0.70% zero probability fragments
[2024-03-13 23:17:58.342] [jointLog] [info] Thread saw mini-batch with a maximum of 0.94% zero probability fragments
[2024-03-13 23:17:58.342] [jointLog] [info] Thread saw mini-batch with a maximum of 0.70% zero probability fragments
[2024-03-13 23:17:58.345] [jointLog] [info] Thread saw mini-batch with a maximum of 0.88% zero probability fragments
[2024-03-13 23:17:58.345] [jointLog] [info] Thread saw mini-batch with a maximum of 0.74% zero probability fragments
[2024-03-13 23:17:58.345] [jointLog] [info] Thread saw mini-batch with a maximum of 0.82% zero probability fragments
[2024-03-13 23:17:58.345] [jointLog] [info] Thread saw mini-batch with a maximum of 0.82% zero probability fragments
[2024-03-13 23:17:58.345] [jointLog] [info] Thread saw mini-batch with a maximum of 0.80% zero probability fragments
[2024-03-13 23:17:58.345] [jointLog] [info] Thread saw mini-batch with a maximum of 0.98% zero probability fragments
[2024-03-13 23:17:58.345] [jointLog] [info] Thread saw mini-batch with a maximum of 0.84% zero probability fragments
[2024-03-13 23:17:58.345] [jointLog] [info] Thread saw mini-batch with a maximum of 0.68% zero probability fragments
[2024-03-13 23:17:58.345] [jointLog] [info] Thread saw mini-batch with a maximum of 0.78% zero probability fragments
[2024-03-13 23:17:58.345] [jointLog] [info] Thread saw mini-batch with a maximum of 0.76% zero probability fragments
[2024-03-13 23:17:58.345] [jointLog] [info] Thread saw mini-batch with a maximum of 0.76% zero probability fragments
[2024-03-13 23:17:58.345] [jointLog] [info] Thread saw mini-batch with a maximum of 0.82% zero probability fragments
[2024-03-13 23:17:58.345] [jointLog] [info] Thread saw mini-batch with a maximum of 0.82% zero probability fragments
[2024-03-13 23:17:58.345] [jointLog] [info] Thread saw mini-batch with a maximum of 0.84% zero probability fragments
[2024-03-13 23:17:58.345] [jointLog] [info] Thread saw mini-batch with a maximum of 0.80% zero probability fragments
[2024-03-13 23:17:58.345] [jointLog] [info] Thread saw mini-batch with a maximum of 0.74% zero probability fragments
[2024-03-13 23:17:58.345] [jointLog] [info] Thread saw mini-batch with a maximum of 0.84% zero probability fragments
[2024-03-13 23:17:58.345] [jointLog] [info] Thread saw mini-batch with a maximum of 0.74% zero probability fragments
[2024-03-13 23:17:58.345] [jointLog] [info] Thread saw mini-batch with a maximum of 0.72% zero probability fragments
[2024-03-13 23:17:58.345] [jointLog] [info] Thread saw mini-batch with a maximum of 0.76% zero probability fragments
[2024-03-13 23:17:58.345] [jointLog] [info] Thread saw mini-batch with a maximum of 0.74% zero probability fragments
[2024-03-13 23:17:58.345] [jointLog] [info] Thread saw mini-batch with a maximum of 0.78% zero probability fragments
[2024-03-13 23:17:58.345] [jointLog] [info] Thread saw mini-batch with a maximum of 0.76% zero probability fragments
[2024-03-13 23:17:58.345] [jointLog] [info] Thread saw mini-batch with a maximum of 0.84% zero probability fragments
[2024-03-13 23:17:58.345] [jointLog] [info] Thread saw mini-batch with a maximum of 0.80% zero probability fragments
[2024-03-13 23:17:58.345] [jointLog] [info] Thread saw mini-batch with a maximum of 0.74% zero probability fragments
[2024-03-13 23:17:58.345] [jointLog] [info] Thread saw mini-batch with a maximum of 0.88% zero probability fragments
[2024-03-13 23:17:58.345] [jointLog] [info] Thread saw mini-batch with a maximum of 0.70% zero probability fragments
[2024-03-13 23:17:58.346] [jointLog] [info] Thread saw mini-batch with a maximum of 0.74% zero probability fragments
[2024-03-13 23:17:58.346] [jointLog] [info] Thread saw mini-batch with a maximum of 0.70% zero probability fragments
[2024-03-13 23:17:58.346] [jointLog] [info] Thread saw mini-batch with a maximum of 0.80% zero probability fragments
[2024-03-13 23:17:58.349] [jointLog] [info] Thread saw mini-batch with a maximum of 0.76% zero probability fragments
[2024-03-13 23:17:58.353] [jointLog] [info] Thread saw mini-batch with a maximum of 0.72% zero probability fragments
[2024-03-13 23:17:58.353] [jointLog] [info] Thread saw mini-batch with a maximum of 0.74% zero probability fragments
[2024-03-13 23:17:58.353] [jointLog] [info] Thread saw mini-batch with a maximum of 0.74% zero probability fragments
[2024-03-13 23:17:58.353] [jointLog] [info] Thread saw mini-batch with a maximum of 0.92% zero probability fragments
[2024-03-13 23:17:58.353] [jointLog] [info] Thread saw mini-batch with a maximum of 0.90% zero probability fragments
[2024-03-13 23:17:58.353] [jointLog] [info] Thread saw mini-batch with a maximum of 0.84% zero probability fragments
[2024-03-13 23:17:58.353] [jointLog] [info] Thread saw mini-batch with a maximum of 0.72% zero probability fragments
[2024-03-13 23:17:58.353] [jointLog] [info] Thread saw mini-batch with a maximum of 0.86% zero probability fragments
[2024-03-13 23:17:58.353] [jointLog] [info] Thread saw mini-batch with a maximum of 0.84% zero probability fragments
[2024-03-13 23:17:58.354] [jointLog] [info] Thread saw mini-batch with a maximum of 0.76% zero probability fragments
[2024-03-13 23:17:58.357] [jointLog] [info] Thread saw mini-batch with a maximum of 0.68% zero probability fragments
[2024-03-13 23:17:58.332] [jointLog] [info] Thread saw mini-batch with a maximum of 0.78% zero probability fragments
[2024-03-13 23:17:58.361] [jointLog] [info] Thread saw mini-batch with a maximum of 0.74% zero probability fragments
[2024-03-13 23:17:58.365] [jointLog] [info] Thread saw mini-batch with a maximum of 0.74% zero probability fragments
[2024-03-13 23:17:58.365] [jointLog] [info] Thread saw mini-batch with a maximum of 0.78% zero probability fragments
[2024-03-13 23:17:58.365] [jointLog] [info] Thread saw mini-batch with a maximum of 0.86% zero probability fragments
[2024-03-13 23:17:58.373] [jointLog] [info] Thread saw mini-batch with a maximum of 0.84% zero probability fragments
[2024-03-13 23:17:58.597] [jointLog] [info] Thread saw mini-batch with a maximum of 1.09% zero probability fragments
[2024-03-13 23:17:58.640] [jointLog] [info] Thread saw mini-batch with a maximum of 0.72% zero probability fragments
[2024-03-13 23:17:58.686] [jointLog] [info] Thread saw mini-batch with a maximum of 0.74% zero probability fragments
[2024-03-13 23:17:58.686] [jointLog] [info] Thread saw mini-batch with a maximum of 0.70% zero probability fragments
[2024-03-13 23:17:58.687] [jointLog] [info] Thread saw mini-batch with a maximum of 0.82% zero probability fragments
[2024-03-13 23:17:58.688] [jointLog] [info] Thread saw mini-batch with a maximum of 0.78% zero probability fragments
[2024-03-13 23:17:58.689] [jointLog] [info] Thread saw mini-batch with a maximum of 0.80% zero probability fragments
[2024-03-13 23:17:58.689] [jointLog] [info] Thread saw mini-batch with a maximum of 0.70% zero probability fragments
[2024-03-13 23:17:58.690] [jointLog] [info] Thread saw mini-batch with a maximum of 0.90% zero probability fragments
[2024-03-13 23:17:58.690] [jointLog] [info] Thread saw mini-batch with a maximum of 0.72% zero probability fragments
[2024-03-13 23:17:58.690] [jointLog] [info] Thread saw mini-batch with a maximum of 0.76% zero probability fragments
[2024-03-13 23:17:58.690] [jointLog] [info] Thread saw mini-batch with a maximum of 0.76% zero probability fragments
[2024-03-13 23:17:58.691] [jointLog] [info] Thread saw mini-batch with a maximum of 0.74% zero probability fragments
[2024-03-13 23:17:58.691] [jointLog] [info] Thread saw mini-batch with a maximum of 0.84% zero probability fragments
[2024-03-13 23:17:58.691] [jointLog] [info] Thread saw mini-batch with a maximum of 0.74% zero probability fragments
[2024-03-13 23:17:58.691] [jointLog] [info] Thread saw mini-batch with a maximum of 0.80% zero probability fragments
[2024-03-13 23:17:58.692] [jointLog] [info] Thread saw mini-batch with a maximum of 0.86% zero probability fragments
[2024-03-13 23:17:58.692] [jointLog] [info] Thread saw mini-batch with a maximum of 0.76% zero probability fragments
[2024-03-13 23:17:58.692] [jointLog] [info] Thread saw mini-batch with a maximum of 0.84% zero probability fragments
[2024-03-13 23:17:58.692] [jointLog] [info] Thread saw mini-batch with a maximum of 0.68% zero probability fragments
[2024-03-13 23:17:58.692] [jointLog] [info] Thread saw mini-batch with a maximum of 0.86% zero probability fragments
[2024-03-13 23:17:58.692] [jointLog] [info] Thread saw mini-batch with a maximum of 0.96% zero probability fragments
[2024-03-13 23:17:58.693] [jointLog] [info] Thread saw mini-batch with a maximum of 0.74% zero probability fragments
[2024-03-13 23:17:58.693] [jointLog] [info] Thread saw mini-batch with a maximum of 0.68% zero probability fragments
[2024-03-13 23:17:58.693] [jointLog] [info] Thread saw mini-batch with a maximum of 0.92% zero probability fragments
[2024-03-13 23:17:58.693] [jointLog] [info] Thread saw mini-batch with a maximum of 0.78% zero probability fragments
[2024-03-13 23:17:58.693] [jointLog] [info] Thread saw mini-batch with a maximum of 0.92% zero probability fragments
[2024-03-13 23:17:58.693] [jointLog] [info] Thread saw mini-batch with a maximum of 0.82% zero probability fragments
[2024-03-13 23:17:58.694] [jointLog] [info] Thread saw mini-batch with a maximum of 0.88% zero probability fragments
[2024-03-13 23:17:59.913] [fileLog] [info] 
At end of round 0
==================
Observed 38755643 total fragments (38755643 in most recent round)

[2024-03-13 23:17:59.913] [jointLog] [info] Computed 1,014,453 rich equivalence classes for further processing
[2024-03-13 23:17:59.913] [jointLog] [info] Counted 33,079,954 total reads in the equivalence classes 
[2024-03-13 23:18:00.166] [jointLog] [info] Number of mappings discarded because of alignment score : 7,582,628
[2024-03-13 23:18:00.166] [jointLog] [info] Number of fragments entirely discarded because of alignment score : 1,975,138
[2024-03-13 23:18:00.166] [jointLog] [info] Number of fragments discarded because they are best-mapped to decoys : 1,711,243
[2024-03-13 23:18:00.166] [jointLog] [info] Number of fragments discarded because they have only dovetail (discordant) mappings to valid targets : 96,328
[2024-03-13 23:18:00.166] [jointLog] [info] Mapping rate = 85.3552%

[2024-03-13 23:18:00.166] [jointLog] [info] finished quantifyLibrary()
[2024-03-13 23:18:00.167] [jointLog] [info] Starting optimizer
[2024-03-13 23:18:00.348] [jointLog] [info] Marked 0 weighted equivalence classes as degenerate
[2024-03-13 23:18:00.367] [jointLog] [info] iteration = 0 | max rel diff. = 7542.26
[2024-03-13 23:18:01.378] [jointLog] [info] iteration = 100 | max rel diff. = 14.426
[2024-03-13 23:18:02.387] [jointLog] [info] iteration = 200 | max rel diff. = 7.30917
[2024-03-13 23:18:03.404] [jointLog] [info] iteration = 300 | max rel diff. = 0.938199
[2024-03-13 23:18:04.412] [jointLog] [info] iteration = 400 | max rel diff. = 1.86953
[2024-03-13 23:18:05.423] [jointLog] [info] iteration = 500 | max rel diff. = 0.498382
[2024-03-13 23:18:06.437] [jointLog] [info] iteration = 600 | max rel diff. = 3.17033
[2024-03-13 23:18:07.447] [jointLog] [info] iteration = 700 | max rel diff. = 0.122903
[2024-03-13 23:18:08.497] [jointLog] [info] iteration = 800 | max rel diff. = 1.52247
[2024-03-13 23:18:09.534] [jointLog] [info] iteration = 900 | max rel diff. = 0.348826
[2024-03-13 23:18:10.553] [jointLog] [info] iteration = 1,000 | max rel diff. = 0.085407
[2024-03-13 23:18:11.570] [jointLog] [info] iteration = 1,100 | max rel diff. = 0.126256
[2024-03-13 23:18:12.583] [jointLog] [info] iteration = 1,200 | max rel diff. = 0.0514774
[2024-03-13 23:18:13.594] [jointLog] [info] iteration = 1,300 | max rel diff. = 0.141158
[2024-03-13 23:18:14.606] [jointLog] [info] iteration = 1,400 | max rel diff. = 0.0140775
[2024-03-13 23:18:15.619] [jointLog] [info] iteration = 1,500 | max rel diff. = 0.119945
[2024-03-13 23:18:16.630] [jointLog] [info] iteration = 1,600 | max rel diff. = 0.0503385
[2024-03-13 23:18:17.401] [jointLog] [info] iteration = 1,677 | max rel diff. = 0.00606408
[2024-03-13 23:18:17.420] [jointLog] [info] Finished optimizer
[2024-03-13 23:18:17.420] [jointLog] [info] writing output 

