[2024-03-13 23:30:07.929] [jointLog] [info] setting maxHashResizeThreads to 180
[2024-03-13 23:30:07.929] [jointLog] [info] Fragment incompatibility prior below threshold.  Incompatible fragments will be ignored.
[2024-03-13 23:30:07.929] [jointLog] [info] Usage of --validateMappings implies use of minScoreFraction. Since not explicitly specified, it is being set to 0.65
[2024-03-13 23:30:07.929] [jointLog] [info] Setting consensusSlack to selective-alignment default of 0.35.
[2024-03-13 23:30:07.929] [jointLog] [info] parsing read library format
[2024-03-13 23:30:07.929] [jointLog] [info] There is 1 library.
[2024-03-13 23:30:07.929] [jointLog] [info] Loading pufferfish index
[2024-03-13 23:30:07.929] [jointLog] [info] Loading dense pufferfish index.
[2024-03-13 23:30:39.476] [jointLog] [info] done
[2024-03-13 23:30:39.603] [jointLog] [info] Index contained 147,554 targets
[2024-03-13 23:30:39.655] [jointLog] [info] Number of decoys : 61
[2024-03-13 23:30:39.655] [jointLog] [info] First decoy index : 147,456 
[2024-03-13 23:30:40.891] [jointLog] [info] Automatically detected most likely library type as ISR

[2024-03-13 23:32:09.324] [jointLog] [info] Thread saw mini-batch with a maximum of 1.02% zero probability fragments
[2024-03-13 23:32:09.324] [jointLog] [info] Thread saw mini-batch with a maximum of 0.94% zero probability fragments
[2024-03-13 23:32:09.324] [jointLog] [info] Thread saw mini-batch with a maximum of 0.84% zero probability fragments
[2024-03-13 23:32:09.324] [jointLog] [info] Thread saw mini-batch with a maximum of 0.96% zero probability fragments
[2024-03-13 23:32:09.324] [jointLog] [info] Thread saw mini-batch with a maximum of 0.86% zero probability fragments
[2024-03-13 23:32:09.324] [jointLog] [info] Thread saw mini-batch with a maximum of 1.00% zero probability fragments
[2024-03-13 23:32:09.324] [jointLog] [info] Thread saw mini-batch with a maximum of 0.86% zero probability fragments
[2024-03-13 23:32:09.324] [jointLog] [info] Thread saw mini-batch with a maximum of 0.88% zero probability fragments
[2024-03-13 23:32:09.324] [jointLog] [info] Thread saw mini-batch with a maximum of 0.90% zero probability fragments
[2024-03-13 23:32:09.324] [jointLog] [info] Thread saw mini-batch with a maximum of 0.90% zero probability fragments
[2024-03-13 23:32:09.324] [jointLog] [info] Thread saw mini-batch with a maximum of 0.92% zero probability fragments
[2024-03-13 23:32:09.324] [jointLog] [info] Thread saw mini-batch with a maximum of 0.96% zero probability fragments
[2024-03-13 23:32:09.324] [jointLog] [info] Thread saw mini-batch with a maximum of 0.92% zero probability fragments
[2024-03-13 23:32:09.324] [jointLog] [info] Thread saw mini-batch with a maximum of 0.94% zero probability fragments
[2024-03-13 23:32:09.324] [jointLog] [info] Thread saw mini-batch with a maximum of 0.90% zero probability fragments
[2024-03-13 23:32:09.324] [jointLog] [info] Thread saw mini-batch with a maximum of 0.88% zero probability fragments
[2024-03-13 23:32:09.324] [jointLog] [info] Thread saw mini-batch with a maximum of 1.12% zero probability fragments
[2024-03-13 23:32:09.324] [jointLog] [info] Thread saw mini-batch with a maximum of 0.84% zero probability fragments
[2024-03-13 23:32:09.324] [jointLog] [info] Thread saw mini-batch with a maximum of 0.88% zero probability fragments
[2024-03-13 23:32:09.324] [jointLog] [info] Thread saw mini-batch with a maximum of 1.04% zero probability fragments
[2024-03-13 23:32:09.324] [jointLog] [info] Thread saw mini-batch with a maximum of 1.04% zero probability fragments
[2024-03-13 23:32:09.324] [jointLog] [info] Thread saw mini-batch with a maximum of 0.94% zero probability fragments
[2024-03-13 23:32:09.324] [jointLog] [info] Thread saw mini-batch with a maximum of 1.00% zero probability fragments
[2024-03-13 23:32:09.324] [jointLog] [info] Thread saw mini-batch with a maximum of 1.08% zero probability fragments
[2024-03-13 23:32:09.324] [jointLog] [info] Thread saw mini-batch with a maximum of 0.90% zero probability fragments
[2024-03-13 23:32:09.324] [jointLog] [info] Thread saw mini-batch with a maximum of 1.02% zero probability fragments
[2024-03-13 23:32:09.324] [jointLog] [info] Thread saw mini-batch with a maximum of 0.92% zero probability fragments
[2024-03-13 23:32:09.324] [jointLog] [info] Thread saw mini-batch with a maximum of 0.82% zero probability fragments
[2024-03-13 23:32:09.324] [jointLog] [info] Thread saw mini-batch with a maximum of 0.80% zero probability fragments
[2024-03-13 23:32:09.324] [jointLog] [info] Thread saw mini-batch with a maximum of 1.00% zero probability fragments
[2024-03-13 23:32:09.324] [jointLog] [info] Thread saw mini-batch with a maximum of 0.88% zero probability fragments
[2024-03-13 23:32:09.324] [jointLog] [info] Thread saw mini-batch with a maximum of 1.08% zero probability fragments
[2024-03-13 23:32:09.324] [jointLog] [info] Thread saw mini-batch with a maximum of 0.94% zero probability fragments
[2024-03-13 23:32:09.324] [jointLog] [info] Thread saw mini-batch with a maximum of 0.90% zero probability fragments
[2024-03-13 23:32:09.324] [jointLog] [info] Thread saw mini-batch with a maximum of 1.00% zero probability fragments
[2024-03-13 23:32:09.324] [jointLog] [info] Thread saw mini-batch with a maximum of 0.92% zero probability fragments
[2024-03-13 23:32:09.324] [jointLog] [info] Thread saw mini-batch with a maximum of 0.86% zero probability fragments
[2024-03-13 23:32:09.324] [jointLog] [info] Thread saw mini-batch with a maximum of 0.92% zero probability fragments
[2024-03-13 23:32:09.324] [jointLog] [info] Thread saw mini-batch with a maximum of 0.98% zero probability fragments
[2024-03-13 23:32:09.324] [jointLog] [info] Thread saw mini-batch with a maximum of 1.08% zero probability fragments
[2024-03-13 23:32:09.324] [jointLog] [info] Thread saw mini-batch with a maximum of 0.88% zero probability fragments
[2024-03-13 23:32:09.324] [jointLog] [info] Thread saw mini-batch with a maximum of 0.90% zero probability fragments
[2024-03-13 23:32:09.324] [jointLog] [info] Thread saw mini-batch with a maximum of 1.00% zero probability fragments
[2024-03-13 23:32:09.324] [jointLog] [info] Thread saw mini-batch with a maximum of 0.92% zero probability fragments
[2024-03-13 23:32:09.324] [jointLog] [info] Thread saw mini-batch with a maximum of 0.84% zero probability fragments
[2024-03-13 23:32:09.324] [jointLog] [info] Thread saw mini-batch with a maximum of 0.94% zero probability fragments
[2024-03-13 23:32:09.324] [jointLog] [info] Thread saw mini-batch with a maximum of 0.88% zero probability fragments
[2024-03-13 23:32:09.324] [jointLog] [info] Thread saw mini-batch with a maximum of 0.86% zero probability fragments
[2024-03-13 23:32:09.324] [jointLog] [info] Thread saw mini-batch with a maximum of 0.90% zero probability fragments
[2024-03-13 23:32:09.324] [jointLog] [info] Thread saw mini-batch with a maximum of 1.00% zero probability fragments
[2024-03-13 23:32:09.324] [jointLog] [info] Thread saw mini-batch with a maximum of 0.98% zero probability fragments
[2024-03-13 23:32:09.324] [jointLog] [info] Thread saw mini-batch with a maximum of 1.02% zero probability fragments
[2024-03-13 23:32:09.324] [jointLog] [info] Thread saw mini-batch with a maximum of 0.96% zero probability fragments
[2024-03-13 23:32:09.324] [jointLog] [info] Thread saw mini-batch with a maximum of 0.90% zero probability fragments
[2024-03-13 23:32:09.324] [jointLog] [info] Thread saw mini-batch with a maximum of 0.96% zero probability fragments
[2024-03-13 23:32:09.324] [jointLog] [info] Thread saw mini-batch with a maximum of 0.92% zero probability fragments
[2024-03-13 23:32:09.324] [jointLog] [info] Thread saw mini-batch with a maximum of 1.04% zero probability fragments
[2024-03-13 23:32:09.324] [jointLog] [info] Thread saw mini-batch with a maximum of 0.96% zero probability fragments
[2024-03-13 23:32:09.324] [jointLog] [info] Thread saw mini-batch with a maximum of 0.96% zero probability fragments
[2024-03-13 23:32:09.324] [jointLog] [info] Thread saw mini-batch with a maximum of 0.96% zero probability fragments
[2024-03-13 23:32:09.324] [jointLog] [info] Thread saw mini-batch with a maximum of 0.96% zero probability fragments
[2024-03-13 23:32:09.324] [jointLog] [info] Thread saw mini-batch with a maximum of 0.84% zero probability fragments
[2024-03-13 23:32:09.324] [jointLog] [info] Thread saw mini-batch with a maximum of 0.90% zero probability fragments
[2024-03-13 23:32:09.324] [jointLog] [info] Thread saw mini-batch with a maximum of 0.96% zero probability fragments
[2024-03-13 23:32:09.324] [jointLog] [info] Thread saw mini-batch with a maximum of 1.00% zero probability fragments
[2024-03-13 23:32:09.324] [jointLog] [info] Thread saw mini-batch with a maximum of 0.96% zero probability fragments
[2024-03-13 23:32:09.324] [jointLog] [info] Thread saw mini-batch with a maximum of 1.00% zero probability fragments
[2024-03-13 23:32:09.324] [jointLog] [info] Thread saw mini-batch with a maximum of 0.92% zero probability fragments
[2024-03-13 23:32:09.324] [jointLog] [info] Thread saw mini-batch with a maximum of 0.96% zero probability fragments
[2024-03-13 23:32:09.324] [jointLog] [info] Thread saw mini-batch with a maximum of 0.86% zero probability fragments
[2024-03-13 23:32:09.324] [jointLog] [info] Thread saw mini-batch with a maximum of 0.92% zero probability fragments
[2024-03-13 23:32:09.324] [jointLog] [info] Thread saw mini-batch with a maximum of 0.84% zero probability fragments
[2024-03-13 23:32:09.324] [jointLog] [info] Thread saw mini-batch with a maximum of 0.96% zero probability fragments
[2024-03-13 23:32:09.324] [jointLog] [info] Thread saw mini-batch with a maximum of 0.92% zero probability fragments
[2024-03-13 23:32:09.324] [jointLog] [info] Thread saw mini-batch with a maximum of 0.82% zero probability fragments
[2024-03-13 23:32:09.324] [jointLog] [info] Thread saw mini-batch with a maximum of 0.96% zero probability fragments
[2024-03-13 23:32:09.324] [jointLog] [info] Thread saw mini-batch with a maximum of 0.96% zero probability fragments
[2024-03-13 23:32:09.324] [jointLog] [info] Thread saw mini-batch with a maximum of 0.94% zero probability fragments
[2024-03-13 23:32:09.324] [jointLog] [info] Thread saw mini-batch with a maximum of 0.96% zero probability fragments
[2024-03-13 23:32:09.324] [jointLog] [info] Thread saw mini-batch with a maximum of 1.02% zero probability fragments
[2024-03-13 23:32:09.324] [jointLog] [info] Thread saw mini-batch with a maximum of 0.90% zero probability fragments
[2024-03-13 23:32:09.324] [jointLog] [info] Thread saw mini-batch with a maximum of 0.88% zero probability fragments
[2024-03-13 23:32:09.324] [jointLog] [info] Thread saw mini-batch with a maximum of 1.08% zero probability fragments
[2024-03-13 23:32:09.324] [jointLog] [info] Thread saw mini-batch with a maximum of 0.98% zero probability fragments
[2024-03-13 23:32:09.324] [jointLog] [info] Thread saw mini-batch with a maximum of 1.04% zero probability fragments
[2024-03-13 23:32:09.324] [jointLog] [info] Thread saw mini-batch with a maximum of 0.96% zero probability fragments
[2024-03-13 23:32:09.324] [jointLog] [info] Thread saw mini-batch with a maximum of 0.90% zero probability fragments
[2024-03-13 23:32:09.324] [jointLog] [info] Thread saw mini-batch with a maximum of 0.92% zero probability fragments
[2024-03-13 23:32:09.324] [jointLog] [info] Thread saw mini-batch with a maximum of 0.90% zero probability fragments
[2024-03-13 23:32:09.324] [jointLog] [info] Thread saw mini-batch with a maximum of 0.96% zero probability fragments
[2024-03-13 23:32:09.324] [jointLog] [info] Thread saw mini-batch with a maximum of 0.92% zero probability fragments
[2024-03-13 23:32:09.324] [jointLog] [info] Thread saw mini-batch with a maximum of 0.92% zero probability fragments
[2024-03-13 23:32:09.324] [jointLog] [info] Thread saw mini-batch with a maximum of 0.92% zero probability fragments
[2024-03-13 23:32:09.324] [jointLog] [info] Thread saw mini-batch with a maximum of 0.92% zero probability fragments
[2024-03-13 23:32:09.324] [jointLog] [info] Thread saw mini-batch with a maximum of 0.88% zero probability fragments
[2024-03-13 23:32:09.324] [jointLog] [info] Thread saw mini-batch with a maximum of 0.94% zero probability fragments
[2024-03-13 23:32:09.324] [jointLog] [info] Thread saw mini-batch with a maximum of 0.94% zero probability fragments
[2024-03-13 23:32:09.324] [jointLog] [info] Thread saw mini-batch with a maximum of 0.92% zero probability fragments
[2024-03-13 23:32:09.324] [jointLog] [info] Thread saw mini-batch with a maximum of 0.92% zero probability fragments
[2024-03-13 23:32:09.324] [jointLog] [info] Thread saw mini-batch with a maximum of 0.94% zero probability fragments
[2024-03-13 23:32:09.324] [jointLog] [info] Thread saw mini-batch with a maximum of 0.92% zero probability fragments
[2024-03-13 23:32:09.324] [jointLog] [info] Thread saw mini-batch with a maximum of 1.00% zero probability fragments
[2024-03-13 23:32:09.324] [jointLog] [info] Thread saw mini-batch with a maximum of 0.84% zero probability fragments
[2024-03-13 23:32:09.324] [jointLog] [info] Thread saw mini-batch with a maximum of 0.92% zero probability fragments
[2024-03-13 23:32:09.324] [jointLog] [info] Thread saw mini-batch with a maximum of 0.92% zero probability fragments
[2024-03-13 23:32:09.324] [jointLog] [info] Thread saw mini-batch with a maximum of 0.94% zero probability fragments
[2024-03-13 23:32:09.325] [jointLog] [info] Thread saw mini-batch with a maximum of 1.12% zero probability fragments
[2024-03-13 23:32:09.325] [jointLog] [info] Thread saw mini-batch with a maximum of 0.96% zero probability fragments
[2024-03-13 23:32:09.325] [jointLog] [info] Thread saw mini-batch with a maximum of 0.92% zero probability fragments
[2024-03-13 23:32:09.325] [jointLog] [info] Thread saw mini-batch with a maximum of 0.92% zero probability fragments
[2024-03-13 23:32:09.325] [jointLog] [info] Thread saw mini-batch with a maximum of 0.96% zero probability fragments
[2024-03-13 23:32:09.325] [jointLog] [info] Thread saw mini-batch with a maximum of 0.90% zero probability fragments
[2024-03-13 23:32:09.325] [jointLog] [info] Thread saw mini-batch with a maximum of 0.90% zero probability fragments
[2024-03-13 23:32:09.325] [jointLog] [info] Thread saw mini-batch with a maximum of 0.92% zero probability fragments
[2024-03-13 23:32:09.325] [jointLog] [info] Thread saw mini-batch with a maximum of 0.92% zero probability fragments
[2024-03-13 23:32:09.325] [jointLog] [info] Thread saw mini-batch with a maximum of 0.88% zero probability fragments
[2024-03-13 23:32:09.325] [jointLog] [info] Thread saw mini-batch with a maximum of 0.88% zero probability fragments
[2024-03-13 23:32:09.325] [jointLog] [info] Thread saw mini-batch with a maximum of 0.92% zero probability fragments
[2024-03-13 23:32:09.325] [jointLog] [info] Thread saw mini-batch with a maximum of 0.88% zero probability fragments
[2024-03-13 23:32:09.325] [jointLog] [info] Thread saw mini-batch with a maximum of 0.94% zero probability fragments
[2024-03-13 23:32:09.325] [jointLog] [info] Thread saw mini-batch with a maximum of 1.08% zero probability fragments
[2024-03-13 23:32:09.325] [jointLog] [info] Thread saw mini-batch with a maximum of 0.92% zero probability fragments
[2024-03-13 23:32:09.325] [jointLog] [info] Thread saw mini-batch with a maximum of 1.08% zero probability fragments
[2024-03-13 23:32:09.325] [jointLog] [info] Thread saw mini-batch with a maximum of 0.86% zero probability fragments
[2024-03-13 23:32:09.325] [jointLog] [info] Thread saw mini-batch with a maximum of 1.02% zero probability fragments
[2024-03-13 23:32:09.325] [jointLog] [info] Thread saw mini-batch with a maximum of 0.96% zero probability fragments
[2024-03-13 23:32:09.325] [jointLog] [info] Thread saw mini-batch with a maximum of 1.00% zero probability fragments
[2024-03-13 23:32:09.325] [jointLog] [info] Thread saw mini-batch with a maximum of 0.92% zero probability fragments
[2024-03-13 23:32:09.325] [jointLog] [info] Thread saw mini-batch with a maximum of 0.92% zero probability fragments
[2024-03-13 23:32:09.325] [jointLog] [info] Thread saw mini-batch with a maximum of 0.98% zero probability fragments
[2024-03-13 23:32:09.325] [jointLog] [info] Thread saw mini-batch with a maximum of 0.94% zero probability fragments
[2024-03-13 23:32:09.325] [jointLog] [info] Thread saw mini-batch with a maximum of 0.96% zero probability fragments
[2024-03-13 23:32:09.325] [jointLog] [info] Thread saw mini-batch with a maximum of 0.90% zero probability fragments
[2024-03-13 23:32:09.325] [jointLog] [info] Thread saw mini-batch with a maximum of 1.00% zero probability fragments
[2024-03-13 23:32:09.325] [jointLog] [info] Thread saw mini-batch with a maximum of 0.90% zero probability fragments
[2024-03-13 23:32:09.325] [jointLog] [info] Thread saw mini-batch with a maximum of 0.96% zero probability fragments
[2024-03-13 23:32:09.325] [jointLog] [info] Thread saw mini-batch with a maximum of 0.92% zero probability fragments
[2024-03-13 23:32:09.325] [jointLog] [info] Thread saw mini-batch with a maximum of 0.90% zero probability fragments
[2024-03-13 23:32:09.325] [jointLog] [info] Thread saw mini-batch with a maximum of 0.92% zero probability fragments
[2024-03-13 23:32:09.325] [jointLog] [info] Thread saw mini-batch with a maximum of 1.08% zero probability fragments
[2024-03-13 23:32:09.325] [jointLog] [info] Thread saw mini-batch with a maximum of 0.88% zero probability fragments
[2024-03-13 23:32:09.325] [jointLog] [info] Thread saw mini-batch with a maximum of 0.88% zero probability fragments
[2024-03-13 23:32:09.325] [jointLog] [info] Thread saw mini-batch with a maximum of 0.94% zero probability fragments
[2024-03-13 23:32:09.325] [jointLog] [info] Thread saw mini-batch with a maximum of 1.02% zero probability fragments
[2024-03-13 23:32:09.325] [jointLog] [info] Thread saw mini-batch with a maximum of 0.90% zero probability fragments
[2024-03-13 23:32:09.325] [jointLog] [info] Thread saw mini-batch with a maximum of 0.96% zero probability fragments
[2024-03-13 23:32:09.325] [jointLog] [info] Thread saw mini-batch with a maximum of 0.92% zero probability fragments
[2024-03-13 23:32:09.325] [jointLog] [info] Thread saw mini-batch with a maximum of 0.92% zero probability fragments
[2024-03-13 23:32:09.325] [jointLog] [info] Thread saw mini-batch with a maximum of 0.96% zero probability fragments
[2024-03-13 23:32:09.325] [jointLog] [info] Thread saw mini-batch with a maximum of 0.84% zero probability fragments
[2024-03-13 23:32:09.326] [jointLog] [info] Thread saw mini-batch with a maximum of 0.90% zero probability fragments
[2024-03-13 23:32:09.326] [jointLog] [info] Thread saw mini-batch with a maximum of 0.96% zero probability fragments
[2024-03-13 23:32:09.326] [jointLog] [info] Thread saw mini-batch with a maximum of 0.94% zero probability fragments
[2024-03-13 23:32:09.326] [jointLog] [info] Thread saw mini-batch with a maximum of 1.10% zero probability fragments
[2024-03-13 23:32:09.337] [jointLog] [info] Thread saw mini-batch with a maximum of 0.86% zero probability fragments
[2024-03-13 23:32:09.337] [jointLog] [info] Thread saw mini-batch with a maximum of 0.84% zero probability fragments
[2024-03-13 23:32:09.337] [jointLog] [info] Thread saw mini-batch with a maximum of 0.90% zero probability fragments
[2024-03-13 23:32:09.337] [jointLog] [info] Thread saw mini-batch with a maximum of 0.92% zero probability fragments
[2024-03-13 23:32:09.337] [jointLog] [info] Thread saw mini-batch with a maximum of 1.00% zero probability fragments
[2024-03-13 23:32:09.337] [jointLog] [info] Thread saw mini-batch with a maximum of 1.04% zero probability fragments
[2024-03-13 23:32:09.337] [jointLog] [info] Thread saw mini-batch with a maximum of 0.82% zero probability fragments
[2024-03-13 23:32:09.338] [jointLog] [info] Thread saw mini-batch with a maximum of 0.90% zero probability fragments
[2024-03-13 23:32:09.371] [jointLog] [info] Thread saw mini-batch with a maximum of 0.89% zero probability fragments
[2024-03-13 23:32:09.378] [jointLog] [info] Thread saw mini-batch with a maximum of 1.00% zero probability fragments
[2024-03-13 23:32:09.395] [jointLog] [info] Thread saw mini-batch with a maximum of 0.90% zero probability fragments
[2024-03-13 23:32:09.400] [jointLog] [info] Thread saw mini-batch with a maximum of 0.92% zero probability fragments
[2024-03-13 23:32:09.408] [jointLog] [info] Thread saw mini-batch with a maximum of 0.92% zero probability fragments
[2024-03-13 23:32:09.411] [jointLog] [info] Thread saw mini-batch with a maximum of 1.02% zero probability fragments
[2024-03-13 23:32:09.436] [jointLog] [info] Thread saw mini-batch with a maximum of 0.78% zero probability fragments
[2024-03-13 23:32:09.444] [jointLog] [info] Thread saw mini-batch with a maximum of 0.94% zero probability fragments
[2024-03-13 23:32:09.473] [jointLog] [info] Thread saw mini-batch with a maximum of 0.90% zero probability fragments
[2024-03-13 23:32:09.482] [jointLog] [info] Thread saw mini-batch with a maximum of 1.00% zero probability fragments
[2024-03-13 23:32:09.483] [jointLog] [info] Thread saw mini-batch with a maximum of 0.92% zero probability fragments
[2024-03-13 23:32:09.484] [jointLog] [info] Thread saw mini-batch with a maximum of 0.88% zero probability fragments
[2024-03-13 23:32:09.497] [jointLog] [info] Thread saw mini-batch with a maximum of 0.80% zero probability fragments
[2024-03-13 23:32:09.501] [jointLog] [info] Thread saw mini-batch with a maximum of 0.88% zero probability fragments
[2024-03-13 23:32:09.518] [jointLog] [info] Thread saw mini-batch with a maximum of 0.78% zero probability fragments
[2024-03-13 23:32:09.527] [jointLog] [info] Thread saw mini-batch with a maximum of 0.86% zero probability fragments
[2024-03-13 23:32:09.536] [jointLog] [info] Thread saw mini-batch with a maximum of 0.88% zero probability fragments
[2024-03-13 23:32:09.544] [jointLog] [info] Thread saw mini-batch with a maximum of 1.00% zero probability fragments
[2024-03-13 23:32:11.535] [fileLog] [info] 
At end of round 0
==================
Observed 38505672 total fragments (38505672 in most recent round)

[2024-03-13 23:32:11.535] [jointLog] [info] Computed 1,934,881 rich equivalence classes for further processing
[2024-03-13 23:32:11.535] [jointLog] [info] Counted 33,701,839 total reads in the equivalence classes 
[2024-03-13 23:32:11.779] [jointLog] [warning] 2.59702e-06% of fragments were shorter than the k used to build the index.
If this fraction is too large, consider re-building the index with a smaller k.
The minimum read size found was 20.


[2024-03-13 23:32:11.779] [jointLog] [info] Number of mappings discarded because of alignment score : 7,437,279
[2024-03-13 23:32:11.779] [jointLog] [info] Number of fragments entirely discarded because of alignment score : 1,821,593
[2024-03-13 23:32:11.779] [jointLog] [info] Number of fragments discarded because they are best-mapped to decoys : 1,571,450
[2024-03-13 23:32:11.779] [jointLog] [info] Number of fragments discarded because they have only dovetail (discordant) mappings to valid targets : 92,079
[2024-03-13 23:32:11.779] [jointLog] [info] Mapping rate = 87.5243%

[2024-03-13 23:32:11.779] [jointLog] [info] finished quantifyLibrary()
[2024-03-13 23:32:11.780] [jointLog] [info] Starting optimizer
[2024-03-13 23:32:12.085] [jointLog] [info] Marked 0 weighted equivalence classes as degenerate
[2024-03-13 23:32:12.105] [jointLog] [info] iteration = 0 | max rel diff. = 7340.5
[2024-03-13 23:32:13.675] [jointLog] [info] iteration = 100 | max rel diff. = 13.0837
[2024-03-13 23:32:15.221] [jointLog] [info] iteration = 200 | max rel diff. = 9.92497
[2024-03-13 23:32:16.752] [jointLog] [info] iteration = 300 | max rel diff. = 2.82002
[2024-03-13 23:32:18.280] [jointLog] [info] iteration = 400 | max rel diff. = 12.2077
[2024-03-13 23:32:19.804] [jointLog] [info] iteration = 500 | max rel diff. = 0.437641
[2024-03-13 23:32:21.370] [jointLog] [info] iteration = 600 | max rel diff. = 0.148965
[2024-03-13 23:32:22.923] [jointLog] [info] iteration = 700 | max rel diff. = 0.584078
[2024-03-13 23:32:24.452] [jointLog] [info] iteration = 800 | max rel diff. = 0.326279
[2024-03-13 23:32:25.977] [jointLog] [info] iteration = 900 | max rel diff. = 4.65933
[2024-03-13 23:32:27.495] [jointLog] [info] iteration = 1,000 | max rel diff. = 0.114457
[2024-03-13 23:32:29.019] [jointLog] [info] iteration = 1,100 | max rel diff. = 0.229654
[2024-03-13 23:32:30.588] [jointLog] [info] iteration = 1,200 | max rel diff. = 0.0626088
[2024-03-13 23:32:32.106] [jointLog] [info] iteration = 1,300 | max rel diff. = 0.0170705
[2024-03-13 23:32:33.624] [jointLog] [info] iteration = 1,400 | max rel diff. = 0.0372533
[2024-03-13 23:32:35.143] [jointLog] [info] iteration = 1,500 | max rel diff. = 0.0717168
[2024-03-13 23:32:36.669] [jointLog] [info] iteration = 1,600 | max rel diff. = 0.0656612
[2024-03-13 23:32:38.228] [jointLog] [info] iteration = 1,700 | max rel diff. = 0.0657464
[2024-03-13 23:32:38.670] [jointLog] [info] iteration = 1,728 | max rel diff. = 0.00560626
[2024-03-13 23:32:38.705] [jointLog] [info] Finished optimizer
[2024-03-13 23:32:38.705] [jointLog] [info] writing output 

