[2024-03-13 23:52:26.233] [jointLog] [info] setting maxHashResizeThreads to 180
[2024-03-13 23:52:26.233] [jointLog] [info] Fragment incompatibility prior below threshold.  Incompatible fragments will be ignored.
[2024-03-13 23:52:26.233] [jointLog] [info] Usage of --validateMappings implies use of minScoreFraction. Since not explicitly specified, it is being set to 0.65
[2024-03-13 23:52:26.233] [jointLog] [info] Setting consensusSlack to selective-alignment default of 0.35.
[2024-03-13 23:52:26.233] [jointLog] [info] parsing read library format
[2024-03-13 23:52:26.233] [jointLog] [info] There is 1 library.
[2024-03-13 23:52:26.234] [jointLog] [info] Loading pufferfish index
[2024-03-13 23:52:26.234] [jointLog] [info] Loading dense pufferfish index.
[2024-03-13 23:52:57.889] [jointLog] [info] done
[2024-03-13 23:52:58.014] [jointLog] [info] Index contained 147,554 targets
[2024-03-13 23:52:58.065] [jointLog] [info] Number of decoys : 61
[2024-03-13 23:52:58.065] [jointLog] [info] First decoy index : 147,456 
[2024-03-13 23:52:59.295] [jointLog] [info] Automatically detected most likely library type as ISR

[2024-03-13 23:54:28.519] [jointLog] [info] Thread saw mini-batch with a maximum of 0.88% zero probability fragments
[2024-03-13 23:54:28.519] [jointLog] [info] Thread saw mini-batch with a maximum of 0.82% zero probability fragments
[2024-03-13 23:54:28.519] [jointLog] [info] Thread saw mini-batch with a maximum of 0.78% zero probability fragments
[2024-03-13 23:54:28.519] [jointLog] [info] Thread saw mini-batch with a maximum of 1.06% zero probability fragments
[2024-03-13 23:54:28.519] [jointLog] [info] Thread saw mini-batch with a maximum of 1.08% zero probability fragments
[2024-03-13 23:54:28.519] [jointLog] [info] Thread saw mini-batch with a maximum of 0.82% zero probability fragments
[2024-03-13 23:54:28.519] [jointLog] [info] Thread saw mini-batch with a maximum of 1.04% zero probability fragments
[2024-03-13 23:54:28.519] [jointLog] [info] Thread saw mini-batch with a maximum of 0.88% zero probability fragments
[2024-03-13 23:54:28.519] [jointLog] [info] Thread saw mini-batch with a maximum of 0.84% zero probability fragments
[2024-03-13 23:54:28.519] [jointLog] [info] Thread saw mini-batch with a maximum of 0.96% zero probability fragments
[2024-03-13 23:54:28.519] [jointLog] [info] Thread saw mini-batch with a maximum of 0.86% zero probability fragments
[2024-03-13 23:54:28.519] [jointLog] [info] Thread saw mini-batch with a maximum of 0.82% zero probability fragments
[2024-03-13 23:54:28.519] [jointLog] [info] Thread saw mini-batch with a maximum of 0.88% zero probability fragments
[2024-03-13 23:54:28.519] [jointLog] [info] Thread saw mini-batch with a maximum of 0.82% zero probability fragments
[2024-03-13 23:54:28.519] [jointLog] [info] Thread saw mini-batch with a maximum of 1.04% zero probability fragments
[2024-03-13 23:54:28.519] [jointLog] [info] Thread saw mini-batch with a maximum of 0.84% zero probability fragments
[2024-03-13 23:54:28.519] [jointLog] [info] Thread saw mini-batch with a maximum of 0.94% zero probability fragments
[2024-03-13 23:54:28.519] [jointLog] [info] Thread saw mini-batch with a maximum of 0.88% zero probability fragments
[2024-03-13 23:54:28.519] [jointLog] [info] Thread saw mini-batch with a maximum of 0.82% zero probability fragments
[2024-03-13 23:54:28.519] [jointLog] [info] Thread saw mini-batch with a maximum of 0.84% zero probability fragments
[2024-03-13 23:54:28.519] [jointLog] [info] Thread saw mini-batch with a maximum of 0.94% zero probability fragments
[2024-03-13 23:54:28.519] [jointLog] [info] Thread saw mini-batch with a maximum of 0.76% zero probability fragments
[2024-03-13 23:54:28.519] [jointLog] [info] Thread saw mini-batch with a maximum of 0.90% zero probability fragments
[2024-03-13 23:54:28.519] [jointLog] [info] Thread saw mini-batch with a maximum of 0.94% zero probability fragments
[2024-03-13 23:54:28.519] [jointLog] [info] Thread saw mini-batch with a maximum of 0.84% zero probability fragments
[2024-03-13 23:54:28.519] [jointLog] [info] Thread saw mini-batch with a maximum of 0.88% zero probability fragments
[2024-03-13 23:54:28.519] [jointLog] [info] Thread saw mini-batch with a maximum of 0.80% zero probability fragments
[2024-03-13 23:54:28.519] [jointLog] [info] Thread saw mini-batch with a maximum of 0.86% zero probability fragments
[2024-03-13 23:54:28.519] [jointLog] [info] Thread saw mini-batch with a maximum of 0.82% zero probability fragments
[2024-03-13 23:54:28.519] [jointLog] [info] Thread saw mini-batch with a maximum of 0.86% zero probability fragments
[2024-03-13 23:54:28.519] [jointLog] [info] Thread saw mini-batch with a maximum of 0.86% zero probability fragments
[2024-03-13 23:54:28.519] [jointLog] [info] Thread saw mini-batch with a maximum of 0.88% zero probability fragments
[2024-03-13 23:54:28.519] [jointLog] [info] Thread saw mini-batch with a maximum of 0.86% zero probability fragments
[2024-03-13 23:54:28.519] [jointLog] [info] Thread saw mini-batch with a maximum of 0.78% zero probability fragments
[2024-03-13 23:54:28.519] [jointLog] [info] Thread saw mini-batch with a maximum of 0.86% zero probability fragments
[2024-03-13 23:54:28.519] [jointLog] [info] Thread saw mini-batch with a maximum of 0.86% zero probability fragments
[2024-03-13 23:54:28.519] [jointLog] [info] Thread saw mini-batch with a maximum of 0.80% zero probability fragments
[2024-03-13 23:54:28.519] [jointLog] [info] Thread saw mini-batch with a maximum of 1.00% zero probability fragments
[2024-03-13 23:54:28.519] [jointLog] [info] Thread saw mini-batch with a maximum of 0.82% zero probability fragments
[2024-03-13 23:54:28.519] [jointLog] [info] Thread saw mini-batch with a maximum of 0.98% zero probability fragments
[2024-03-13 23:54:28.519] [jointLog] [info] Thread saw mini-batch with a maximum of 1.00% zero probability fragments
[2024-03-13 23:54:28.519] [jointLog] [info] Thread saw mini-batch with a maximum of 0.88% zero probability fragments
[2024-03-13 23:54:28.519] [jointLog] [info] Thread saw mini-batch with a maximum of 0.80% zero probability fragments
[2024-03-13 23:54:28.519] [jointLog] [info] Thread saw mini-batch with a maximum of 0.90% zero probability fragments
[2024-03-13 23:54:28.519] [jointLog] [info] Thread saw mini-batch with a maximum of 1.00% zero probability fragments
[2024-03-13 23:54:28.519] [jointLog] [info] Thread saw mini-batch with a maximum of 0.86% zero probability fragments
[2024-03-13 23:54:28.519] [jointLog] [info] Thread saw mini-batch with a maximum of 0.84% zero probability fragments
[2024-03-13 23:54:28.519] [jointLog] [info] Thread saw mini-batch with a maximum of 0.90% zero probability fragments
[2024-03-13 23:54:28.519] [jointLog] [info] Thread saw mini-batch with a maximum of 0.92% zero probability fragments
[2024-03-13 23:54:28.519] [jointLog] [info] Thread saw mini-batch with a maximum of 0.94% zero probability fragments
[2024-03-13 23:54:28.519] [jointLog] [info] Thread saw mini-batch with a maximum of 0.92% zero probability fragments
[2024-03-13 23:54:28.519] [jointLog] [info] Thread saw mini-batch with a maximum of 0.92% zero probability fragments
[2024-03-13 23:54:28.519] [jointLog] [info] Thread saw mini-batch with a maximum of 0.96% zero probability fragments
[2024-03-13 23:54:28.519] [jointLog] [info] Thread saw mini-batch with a maximum of 0.86% zero probability fragments
[2024-03-13 23:54:28.519] [jointLog] [info] Thread saw mini-batch with a maximum of 0.84% zero probability fragments
[2024-03-13 23:54:28.519] [jointLog] [info] Thread saw mini-batch with a maximum of 0.86% zero probability fragments
[2024-03-13 23:54:28.519] [jointLog] [info] Thread saw mini-batch with a maximum of 0.88% zero probability fragments
[2024-03-13 23:54:28.519] [jointLog] [info] Thread saw mini-batch with a maximum of 1.00% zero probability fragments
[2024-03-13 23:54:28.519] [jointLog] [info] Thread saw mini-batch with a maximum of 0.98% zero probability fragments
[2024-03-13 23:54:28.519] [jointLog] [info] Thread saw mini-batch with a maximum of 0.92% zero probability fragments
[2024-03-13 23:54:28.519] [jointLog] [info] Thread saw mini-batch with a maximum of 0.74% zero probability fragments
[2024-03-13 23:54:28.519] [jointLog] [info] Thread saw mini-batch with a maximum of 0.78% zero probability fragments
[2024-03-13 23:54:28.519] [jointLog] [info] Thread saw mini-batch with a maximum of 0.82% zero probability fragments
[2024-03-13 23:54:28.519] [jointLog] [info] Thread saw mini-batch with a maximum of 0.80% zero probability fragments
[2024-03-13 23:54:28.519] [jointLog] [info] Thread saw mini-batch with a maximum of 0.76% zero probability fragments
[2024-03-13 23:54:28.519] [jointLog] [info] Thread saw mini-batch with a maximum of 0.92% zero probability fragments
[2024-03-13 23:54:28.519] [jointLog] [info] Thread saw mini-batch with a maximum of 0.94% zero probability fragments
[2024-03-13 23:54:28.519] [jointLog] [info] Thread saw mini-batch with a maximum of 0.86% zero probability fragments
[2024-03-13 23:54:28.519] [jointLog] [info] Thread saw mini-batch with a maximum of 0.88% zero probability fragments
[2024-03-13 23:54:28.519] [jointLog] [info] Thread saw mini-batch with a maximum of 0.82% zero probability fragments
[2024-03-13 23:54:28.519] [jointLog] [info] Thread saw mini-batch with a maximum of 0.80% zero probability fragments
[2024-03-13 23:54:28.519] [jointLog] [info] Thread saw mini-batch with a maximum of 0.96% zero probability fragments
[2024-03-13 23:54:28.519] [jointLog] [info] Thread saw mini-batch with a maximum of 0.90% zero probability fragments
[2024-03-13 23:54:28.519] [jointLog] [info] Thread saw mini-batch with a maximum of 0.84% zero probability fragments
[2024-03-13 23:54:28.519] [jointLog] [info] Thread saw mini-batch with a maximum of 0.84% zero probability fragments
[2024-03-13 23:54:28.519] [jointLog] [info] Thread saw mini-batch with a maximum of 0.84% zero probability fragments
[2024-03-13 23:54:28.519] [jointLog] [info] Thread saw mini-batch with a maximum of 0.88% zero probability fragments
[2024-03-13 23:54:28.519] [jointLog] [info] Thread saw mini-batch with a maximum of 0.86% zero probability fragments
[2024-03-13 23:54:28.519] [jointLog] [info] Thread saw mini-batch with a maximum of 0.92% zero probability fragments
[2024-03-13 23:54:28.519] [jointLog] [info] Thread saw mini-batch with a maximum of 0.82% zero probability fragments
[2024-03-13 23:54:28.520] [jointLog] [info] Thread saw mini-batch with a maximum of 0.90% zero probability fragments
[2024-03-13 23:54:28.520] [jointLog] [info] Thread saw mini-batch with a maximum of 0.96% zero probability fragments
[2024-03-13 23:54:28.520] [jointLog] [info] Thread saw mini-batch with a maximum of 0.94% zero probability fragments
[2024-03-13 23:54:28.520] [jointLog] [info] Thread saw mini-batch with a maximum of 0.84% zero probability fragments
[2024-03-13 23:54:28.520] [jointLog] [info] Thread saw mini-batch with a maximum of 0.90% zero probability fragments
[2024-03-13 23:54:28.520] [jointLog] [info] Thread saw mini-batch with a maximum of 0.82% zero probability fragments
[2024-03-13 23:54:28.520] [jointLog] [info] Thread saw mini-batch with a maximum of 0.82% zero probability fragments
[2024-03-13 23:54:28.520] [jointLog] [info] Thread saw mini-batch with a maximum of 0.80% zero probability fragments
[2024-03-13 23:54:28.520] [jointLog] [info] Thread saw mini-batch with a maximum of 0.94% zero probability fragments
[2024-03-13 23:54:28.520] [jointLog] [info] Thread saw mini-batch with a maximum of 0.82% zero probability fragments
[2024-03-13 23:54:28.520] [jointLog] [info] Thread saw mini-batch with a maximum of 0.86% zero probability fragments
[2024-03-13 23:54:28.520] [jointLog] [info] Thread saw mini-batch with a maximum of 0.86% zero probability fragments
[2024-03-13 23:54:28.520] [jointLog] [info] Thread saw mini-batch with a maximum of 0.88% zero probability fragments
[2024-03-13 23:54:28.520] [jointLog] [info] Thread saw mini-batch with a maximum of 0.84% zero probability fragments
[2024-03-13 23:54:28.520] [jointLog] [info] Thread saw mini-batch with a maximum of 0.96% zero probability fragments
[2024-03-13 23:54:28.520] [jointLog] [info] Thread saw mini-batch with a maximum of 0.86% zero probability fragments
[2024-03-13 23:54:28.520] [jointLog] [info] Thread saw mini-batch with a maximum of 0.90% zero probability fragments
[2024-03-13 23:54:28.520] [jointLog] [info] Thread saw mini-batch with a maximum of 0.90% zero probability fragments
[2024-03-13 23:54:28.520] [jointLog] [info] Thread saw mini-batch with a maximum of 0.88% zero probability fragments
[2024-03-13 23:54:28.520] [jointLog] [info] Thread saw mini-batch with a maximum of 0.92% zero probability fragments
[2024-03-13 23:54:28.520] [jointLog] [info] Thread saw mini-batch with a maximum of 0.86% zero probability fragments
[2024-03-13 23:54:28.520] [jointLog] [info] Thread saw mini-batch with a maximum of 0.86% zero probability fragments
[2024-03-13 23:54:28.520] [jointLog] [info] Thread saw mini-batch with a maximum of 0.88% zero probability fragments
[2024-03-13 23:54:28.520] [jointLog] [info] Thread saw mini-batch with a maximum of 0.96% zero probability fragments
[2024-03-13 23:54:28.520] [jointLog] [info] Thread saw mini-batch with a maximum of 0.90% zero probability fragments
[2024-03-13 23:54:28.520] [jointLog] [info] Thread saw mini-batch with a maximum of 0.86% zero probability fragments
[2024-03-13 23:54:28.520] [jointLog] [info] Thread saw mini-batch with a maximum of 0.88% zero probability fragments
[2024-03-13 23:54:28.520] [jointLog] [info] Thread saw mini-batch with a maximum of 0.94% zero probability fragments
[2024-03-13 23:54:28.520] [jointLog] [info] Thread saw mini-batch with a maximum of 0.78% zero probability fragments
[2024-03-13 23:54:28.520] [jointLog] [info] Thread saw mini-batch with a maximum of 0.94% zero probability fragments
[2024-03-13 23:54:28.520] [jointLog] [info] Thread saw mini-batch with a maximum of 0.80% zero probability fragments
[2024-03-13 23:54:28.520] [jointLog] [info] Thread saw mini-batch with a maximum of 0.82% zero probability fragments
[2024-03-13 23:54:28.520] [jointLog] [info] Thread saw mini-batch with a maximum of 0.82% zero probability fragments
[2024-03-13 23:54:28.520] [jointLog] [info] Thread saw mini-batch with a maximum of 0.92% zero probability fragments
[2024-03-13 23:54:28.520] [jointLog] [info] Thread saw mini-batch with a maximum of 0.80% zero probability fragments
[2024-03-13 23:54:28.520] [jointLog] [info] Thread saw mini-batch with a maximum of 0.78% zero probability fragments
[2024-03-13 23:54:28.520] [jointLog] [info] Thread saw mini-batch with a maximum of 0.78% zero probability fragments
[2024-03-13 23:54:28.520] [jointLog] [info] Thread saw mini-batch with a maximum of 0.88% zero probability fragments
[2024-03-13 23:54:28.520] [jointLog] [info] Thread saw mini-batch with a maximum of 0.86% zero probability fragments
[2024-03-13 23:54:28.520] [jointLog] [info] Thread saw mini-batch with a maximum of 0.92% zero probability fragments
[2024-03-13 23:54:28.520] [jointLog] [info] Thread saw mini-batch with a maximum of 0.76% zero probability fragments
[2024-03-13 23:54:28.520] [jointLog] [info] Thread saw mini-batch with a maximum of 0.86% zero probability fragments
[2024-03-13 23:54:28.520] [jointLog] [info] Thread saw mini-batch with a maximum of 0.88% zero probability fragments
[2024-03-13 23:54:28.520] [jointLog] [info] Thread saw mini-batch with a maximum of 0.78% zero probability fragments
[2024-03-13 23:54:28.520] [jointLog] [info] Thread saw mini-batch with a maximum of 0.86% zero probability fragments
[2024-03-13 23:54:28.520] [jointLog] [info] Thread saw mini-batch with a maximum of 0.94% zero probability fragments
[2024-03-13 23:54:28.521] [jointLog] [info] Thread saw mini-batch with a maximum of 0.98% zero probability fragments
[2024-03-13 23:54:28.521] [jointLog] [info] Thread saw mini-batch with a maximum of 1.02% zero probability fragments
[2024-03-13 23:54:28.521] [jointLog] [info] Thread saw mini-batch with a maximum of 0.84% zero probability fragments
[2024-03-13 23:54:28.521] [jointLog] [info] Thread saw mini-batch with a maximum of 1.00% zero probability fragments
[2024-03-13 23:54:28.521] [jointLog] [info] Thread saw mini-batch with a maximum of 1.00% zero probability fragments
[2024-03-13 23:54:28.521] [jointLog] [info] Thread saw mini-batch with a maximum of 0.80% zero probability fragments
[2024-03-13 23:54:28.521] [jointLog] [info] Thread saw mini-batch with a maximum of 0.98% zero probability fragments
[2024-03-13 23:54:28.521] [jointLog] [info] Thread saw mini-batch with a maximum of 0.82% zero probability fragments
[2024-03-13 23:54:28.521] [jointLog] [info] Thread saw mini-batch with a maximum of 0.90% zero probability fragments
[2024-03-13 23:54:28.521] [jointLog] [info] Thread saw mini-batch with a maximum of 0.82% zero probability fragments
[2024-03-13 23:54:28.521] [jointLog] [info] Thread saw mini-batch with a maximum of 0.84% zero probability fragments
[2024-03-13 23:54:28.521] [jointLog] [info] Thread saw mini-batch with a maximum of 0.90% zero probability fragments
[2024-03-13 23:54:28.521] [jointLog] [info] Thread saw mini-batch with a maximum of 0.76% zero probability fragments
[2024-03-13 23:54:28.521] [jointLog] [info] Thread saw mini-batch with a maximum of 0.84% zero probability fragments
[2024-03-13 23:54:28.521] [jointLog] [info] Thread saw mini-batch with a maximum of 0.90% zero probability fragments
[2024-03-13 23:54:28.521] [jointLog] [info] Thread saw mini-batch with a maximum of 0.94% zero probability fragments
[2024-03-13 23:54:28.521] [jointLog] [info] Thread saw mini-batch with a maximum of 0.80% zero probability fragments
[2024-03-13 23:54:28.521] [jointLog] [info] Thread saw mini-batch with a maximum of 0.94% zero probability fragments
[2024-03-13 23:54:28.521] [jointLog] [info] Thread saw mini-batch with a maximum of 0.76% zero probability fragments
[2024-03-13 23:54:28.521] [jointLog] [info] Thread saw mini-batch with a maximum of 0.80% zero probability fragments
[2024-03-13 23:54:28.521] [jointLog] [info] Thread saw mini-batch with a maximum of 0.84% zero probability fragments
[2024-03-13 23:54:28.521] [jointLog] [info] Thread saw mini-batch with a maximum of 0.92% zero probability fragments
[2024-03-13 23:54:28.529] [jointLog] [info] Thread saw mini-batch with a maximum of 1.10% zero probability fragments
[2024-03-13 23:54:28.533] [jointLog] [info] Thread saw mini-batch with a maximum of 0.80% zero probability fragments
[2024-03-13 23:54:28.533] [jointLog] [info] Thread saw mini-batch with a maximum of 0.82% zero probability fragments
[2024-03-13 23:54:28.533] [jointLog] [info] Thread saw mini-batch with a maximum of 0.78% zero probability fragments
[2024-03-13 23:54:28.533] [jointLog] [info] Thread saw mini-batch with a maximum of 0.98% zero probability fragments
[2024-03-13 23:54:28.533] [jointLog] [info] Thread saw mini-batch with a maximum of 0.82% zero probability fragments
[2024-03-13 23:54:28.533] [jointLog] [info] Thread saw mini-batch with a maximum of 0.90% zero probability fragments
[2024-03-13 23:54:28.533] [jointLog] [info] Thread saw mini-batch with a maximum of 0.88% zero probability fragments
[2024-03-13 23:54:28.533] [jointLog] [info] Thread saw mini-batch with a maximum of 0.86% zero probability fragments
[2024-03-13 23:54:28.533] [jointLog] [info] Thread saw mini-batch with a maximum of 0.86% zero probability fragments
[2024-03-13 23:54:28.533] [jointLog] [info] Thread saw mini-batch with a maximum of 0.88% zero probability fragments
[2024-03-13 23:54:28.533] [jointLog] [info] Thread saw mini-batch with a maximum of 0.80% zero probability fragments
[2024-03-13 23:54:28.534] [jointLog] [info] Thread saw mini-batch with a maximum of 0.86% zero probability fragments
[2024-03-13 23:54:28.534] [jointLog] [info] Thread saw mini-batch with a maximum of 0.88% zero probability fragments
[2024-03-13 23:54:28.547] [jointLog] [info] Thread saw mini-batch with a maximum of 0.88% zero probability fragments
[2024-03-13 23:54:28.565] [jointLog] [info] Thread saw mini-batch with a maximum of 0.88% zero probability fragments
[2024-03-13 23:54:28.566] [jointLog] [info] Thread saw mini-batch with a maximum of 0.84% zero probability fragments
[2024-03-13 23:54:28.585] [jointLog] [info] Thread saw mini-batch with a maximum of 0.92% zero probability fragments
[2024-03-13 23:54:28.596] [jointLog] [info] Thread saw mini-batch with a maximum of 0.84% zero probability fragments
[2024-03-13 23:54:28.599] [jointLog] [info] Thread saw mini-batch with a maximum of 0.94% zero probability fragments
[2024-03-13 23:54:28.620] [jointLog] [info] Thread saw mini-batch with a maximum of 0.86% zero probability fragments
[2024-03-13 23:54:28.628] [jointLog] [info] Thread saw mini-batch with a maximum of 0.86% zero probability fragments
[2024-03-13 23:54:28.633] [jointLog] [info] Thread saw mini-batch with a maximum of 0.80% zero probability fragments
[2024-03-13 23:54:28.650] [jointLog] [info] Thread saw mini-batch with a maximum of 0.90% zero probability fragments
[2024-03-13 23:54:28.654] [jointLog] [info] Thread saw mini-batch with a maximum of 0.84% zero probability fragments
[2024-03-13 23:54:28.668] [jointLog] [info] Thread saw mini-batch with a maximum of 0.84% zero probability fragments
[2024-03-13 23:54:28.677] [jointLog] [info] Thread saw mini-batch with a maximum of 0.92% zero probability fragments
[2024-03-13 23:54:28.681] [jointLog] [info] Thread saw mini-batch with a maximum of 0.90% zero probability fragments
[2024-03-13 23:54:28.703] [jointLog] [info] Thread saw mini-batch with a maximum of 0.86% zero probability fragments
[2024-03-13 23:54:28.707] [jointLog] [info] Thread saw mini-batch with a maximum of 0.90% zero probability fragments
[2024-03-13 23:54:28.714] [jointLog] [info] Thread saw mini-batch with a maximum of 0.78% zero probability fragments
[2024-03-13 23:54:28.738] [jointLog] [info] Thread saw mini-batch with a maximum of 1.00% zero probability fragments
[2024-03-13 23:54:30.430] [fileLog] [info] 
At end of round 0
==================
Observed 34928899 total fragments (34928899 in most recent round)

[2024-03-13 23:54:30.429] [jointLog] [info] Computed 1,564,635 rich equivalence classes for further processing
[2024-03-13 23:54:30.429] [jointLog] [info] Counted 30,426,105 total reads in the equivalence classes 
[2024-03-13 23:54:30.700] [jointLog] [warning] 2.86296e-06% of fragments were shorter than the k used to build the index.
If this fraction is too large, consider re-building the index with a smaller k.
The minimum read size found was 29.


[2024-03-13 23:54:30.700] [jointLog] [info] Number of mappings discarded because of alignment score : 6,524,057
[2024-03-13 23:54:30.700] [jointLog] [info] Number of fragments entirely discarded because of alignment score : 1,642,864
[2024-03-13 23:54:30.700] [jointLog] [info] Number of fragments discarded because they are best-mapped to decoys : 1,412,405
[2024-03-13 23:54:30.700] [jointLog] [info] Number of fragments discarded because they have only dovetail (discordant) mappings to valid targets : 77,925
[2024-03-13 23:54:30.700] [jointLog] [info] Mapping rate = 87.1087%

[2024-03-13 23:54:30.700] [jointLog] [info] finished quantifyLibrary()
[2024-03-13 23:54:30.700] [jointLog] [info] Starting optimizer
[2024-03-13 23:54:30.950] [jointLog] [info] Marked 0 weighted equivalence classes as degenerate
[2024-03-13 23:54:30.969] [jointLog] [info] iteration = 0 | max rel diff. = 8048.61
[2024-03-13 23:54:32.245] [jointLog] [info] iteration = 100 | max rel diff. = 18.8714
[2024-03-13 23:54:33.509] [jointLog] [info] iteration = 200 | max rel diff. = 10.6192
[2024-03-13 23:54:34.772] [jointLog] [info] iteration = 300 | max rel diff. = 14.8682
[2024-03-13 23:54:36.034] [jointLog] [info] iteration = 400 | max rel diff. = 1.39546
[2024-03-13 23:54:37.301] [jointLog] [info] iteration = 500 | max rel diff. = 1.598
[2024-03-13 23:54:38.585] [jointLog] [info] iteration = 600 | max rel diff. = 0.206721
[2024-03-13 23:54:39.902] [jointLog] [info] iteration = 700 | max rel diff. = 0.0630094
[2024-03-13 23:54:41.173] [jointLog] [info] iteration = 800 | max rel diff. = 0.491415
[2024-03-13 23:54:42.431] [jointLog] [info] iteration = 900 | max rel diff. = 0.0558482
[2024-03-13 23:54:43.689] [jointLog] [info] iteration = 1,000 | max rel diff. = 0.311646
[2024-03-13 23:54:44.943] [jointLog] [info] iteration = 1,100 | max rel diff. = 1.49641
[2024-03-13 23:54:46.199] [jointLog] [info] iteration = 1,200 | max rel diff. = 0.102652
[2024-03-13 23:54:46.503] [jointLog] [info] iteration = 1,225 | max rel diff. = 0.00628441
[2024-03-13 23:54:46.525] [jointLog] [info] Finished optimizer
[2024-03-13 23:54:46.525] [jointLog] [info] writing output 

